src/__tests__/linting/AutomatedErrorResolution.test.ts(571,24): error TS2304: Cannot find name 'mockExecSync_'.
src/__tests__/linting/AutomatedErrorResolution.test.ts(601,14): error TS2552: Cannot find name '_result'. Did you mean 'result'?
src/__tests__/linting/LintingPerformance.test.ts(503,25): error TS2552: Cannot find name 'String_'. Did you mean 'String'?
src/__tests__/linting/PerformanceOptimizationValidation.test.ts(47,21): error TS2339: Property 'success' does not exist on type 'Promise<TestResult>'.
src/__tests__/linting/PerformanceOptimizationValidation.test.ts(48,21): error TS2339: Property 'executionTime' does not exist on type 'Promise<TestResult>'.
src/__tests__/linting/PerformanceOptimizationValidation.test.ts(49,21): error TS2339: Property 'output' does not exist on type 'Promise<TestResult>'.
src/__tests__/linting/PerformanceOptimizationValidation.test.ts(53,31): error TS2339: Property 'executionTime' does not exist on type 'Promise<TestResult>'.
src/__tests__/linting/PerformanceOptimizationValidation.test.ts(54,29): error TS2339: Property 'memoryUsed' does not exist on type 'Promise<TestResult>'.
src/__tests__/linting/PerformanceOptimizationValidation.test.ts(55,25): error TS2339: Property 'success' does not exist on type 'Promise<TestResult>'.
src/__tests__/linting/PerformanceOptimizationValidation.test.ts(73,31): error TS2339: Property 'executionTime' does not exist on type 'Promise<TestResult>'.
src/__tests__/linting/PerformanceOptimizationValidation.test.ts(74,29): error TS2339: Property 'memoryUsed' does not exist on type 'Promise<TestResult>'.
src/__tests__/linting/PerformanceOptimizationValidation.test.ts(75,25): error TS2339: Property 'success' does not exist on type 'Promise<TestResult>'.
src/__tests__/linting/PerformanceOptimizationValidation.test.ts(83,21): error TS2339: Property 'executionTime' does not exist on type 'Promise<TestResult>'.
src/__tests__/linting/PerformanceOptimizationValidation.test.ts(84,21): error TS2339: Property 'memoryUsed' does not exist on type 'Promise<TestResult>'.
src/__tests__/linting/PerformanceOptimizationValidation.test.ts(340,21): error TS2339: Property 'success' does not exist on type 'Promise<TestResult>'.
src/__tests__/linting/PerformanceOptimizationValidation.test.ts(341,21): error TS2339: Property 'error' does not exist on type 'Promise<TestResult>'.
src/__tests__/linting/PerformanceOptimizationValidation.test.ts(342,21): error TS2339: Property 'executionTime' does not exist on type 'Promise<TestResult>'.
src/__tests__/linting/PerformanceOptimizationValidation.test.ts(358,35): error TS2339: Property 'memoryUsed' does not exist on type 'Promise<TestResult>'.
src/__tests__/linting/PerformanceOptimizationValidation.test.ts(368,26): error TS2339: Property 'isConsistent' does not exist on type 'Promise<{ isConsistent: boolean; results: any[]; variance: number; }>'.
src/__tests__/linting/PerformanceOptimizationValidation.test.ts(381,33): error TS2339: Property 'success' does not exist on type 'Promise<TestResult>'.
src/__tests__/linting/PerformanceOptimizationValidation.test.ts(382,33): error TS2339: Property 'error' does not exist on type 'Promise<TestResult>'.
src/__tests__/linting/PerformanceOptimizationValidation.test.ts(391,23): error TS2339: Property 'executionTime' does not exist on type 'Promise<TestResult>'.
src/__tests__/linting/PerformanceOptimizationValidation.test.ts(396,26): error TS2339: Property 'isConsistent' does not exist on type 'Promise<{ isConsistent: boolean; results: any[]; variance: number; }>'.
src/__tests__/linting/PerformanceOptimizationValidation.test.ts(397,26): error TS2339: Property 'results' does not exist on type 'Promise<{ isConsistent: boolean; results: any[]; variance: number; }>'.
src/__tests__/linting/PerformanceOptimizationValidation.test.ts(398,26): error TS2339: Property 'variance' does not exist on type 'Promise<{ isConsistent: boolean; results: any[]; variance: number; }>'.
src/__tests__/linting/test-files/large-component.tsx(12,5): error TS2304: Cannot find name 'onClick_'.
src/__tests__/linting/ZeroErrorAchievementDashboard.test.ts(264,21): error TS2339: Property 'length' does not exist on type 'Promise<TrendAnalysis[]>'.
src/__tests__/linting/ZeroErrorAchievementDashboard.test.ts(266,39): error TS2339: Property 'find' does not exist on type 'Promise<TrendAnalysis[]>'.
src/__tests__/linting/ZeroErrorAchievementDashboard.test.ts(301,20): error TS2339: Property 'length' does not exist on type 'Promise<QualityGate[]>'.
src/__tests__/linting/ZeroErrorAchievementDashboard.test.ts(304,32): error TS2339: Property 'find' does not exist on type 'Promise<QualityGate[]>'.
src/__tests__/linting/ZeroErrorAchievementDashboard.test.ts(311,29): error TS2339: Property 'find' does not exist on type 'Promise<QualityGate[]>'.
src/__tests__/linting/ZeroErrorAchievementDashboard.test.ts(318,33): error TS2339: Property 'find' does not exist on type 'Promise<QualityGate[]>'.
src/__tests__/linting/ZeroErrorAchievementDashboard.test.ts(335,32): error TS2339: Property 'find' does not exist on type 'Promise<QualityGate[]>'.
src/__tests__/linting/ZeroErrorAchievementDashboard.test.ts(340,29): error TS2339: Property 'find' does not exist on type 'Promise<QualityGate[]>'.
src/__tests__/linting/ZeroErrorAchievementDashboard.test.ts(345,33): error TS2339: Property 'find' does not exist on type 'Promise<QualityGate[]>'.
src/__tests__/linting/ZeroErrorAchievementDashboard.test.ts(399,22): error TS2339: Property 'length' does not exist on type 'Promise<ZeroErrorTarget[]>'.
src/__tests__/linting/ZeroErrorAchievementDashboard.test.ts(402,28): error TS2488: Type 'Promise<ZeroErrorTarget[]>' must have a '[Symbol.iterator]()' method that returns an iterator.
src/__tests__/linting/ZeroErrorAchievementDashboard.test.ts(460,33): error TS2339: Property 'has' does not exist on type 'Promise<Map<string, MaintenanceResult>>'.
src/__tests__/linting/ZeroErrorAchievementDashboard.test.ts(642,35): error TS2488: Type 'Promise<Map<string, MaintenanceResult>>' must have a '[Symbol.iterator]()' method that returns an iterator.
src/__tests__/services/recipeData.test.ts(99,22): error TS2339: Property 'length' does not exist on type 'Promise<Recipe[]>'.
src/__tests__/services/recipeData.test.ts(254,29): error TS2339: Property 'length' does not exist on type 'Promise<Recipe[]>'.
src/__tests__/services/recipeData.test.ts(261,27): error TS2339: Property 'length' does not exist on type 'Promise<Recipe[]>'.
src/__tests__/services/recipeData.test.ts(268,28): error TS2339: Property 'length' does not exist on type 'Promise<Recipe[]>'.
src/__tests__/services/recipeData.test.ts(275,32): error TS2339: Property 'length' does not exist on type 'Promise<Recipe[]>'.
src/__tests__/services/recipeData.test.ts(283,28): error TS2339: Property 'length' does not exist on type 'Promise<Recipe[]>'.
src/__tests__/services/recipeData.test.ts(293,24): error TS2339: Property 'length' does not exist on type 'Promise<Recipe[]>'.
src/__tests__/services/recipeData.test.ts(349,20): error TS2339: Property 'length' does not exist on type 'Promise<Recipe[]>'.
src/__tests__/types/testUtils.ts(69,39): error TS2344: Type 'unknown' does not satisfy the constraint '(...args: any[]) => any'.
src/__tests__/types/testUtils.ts(70,50): error TS2344: Type 'unknown' does not satisfy the constraint '(...args: any[]) => any'.
src/__tests__/types/testUtils.ts(71,49): error TS2344: Type 'unknown' does not satisfy the constraint '(...args: any[]) => any'.
src/__tests__/types/testUtils.ts(72,47): error TS2344: Type 'unknown' does not satisfy the constraint '(...args: any[]) => any'.
src/__tests__/types/testUtils.ts(73,45): error TS2344: Type 'unknown' does not satisfy the constraint '(...args: any[]) => any'.
src/__tests__/types/testUtils.ts(75,40): error TS2344: Type 'unknown' does not satisfy the constraint '(...args: any[]) => any'.
src/__tests__/types/testUtils.ts(77,41): error TS2344: Type 'unknown' does not satisfy the constraint '(...args: any[]) => any'.
src/__tests__/types/testUtils.ts(79,35): error TS2344: Type 'unknown' does not satisfy the constraint '(...args: any[]) => any'.
src/__tests__/types/testUtils.ts(81,36): error TS2344: Type 'unknown' does not satisfy the constraint '(...args: any[]) => any'.
src/__tests__/types/testUtils.ts(83,42): error TS2344: Type 'unknown' does not satisfy the constraint '(...args: any[]) => any'.
src/__tests__/types/testUtils.ts(85,44): error TS2344: Type 'unknown' does not satisfy the constraint '(...args: any[]) => any'.
src/__tests__/types/testUtils.ts(87,41): error TS2344: Type 'unknown' does not satisfy the constraint '(...args: any[]) => any'.
src/__tests__/types/testUtils.ts(92,50): error TS2344: Type 'unknown' does not satisfy the constraint '(...args: any[]) => any'.
src/__tests__/types/testUtils.ts(94,54): error TS2344: Type 'unknown' does not satisfy the constraint '(...args: any[]) => any'.
src/__tests__/types/testUtils.ts(96,49): error TS2344: Type 'unknown' does not satisfy the constraint '(...args: any[]) => any'.
src/__tests__/types/testUtils.ts(98,53): error TS2344: Type 'unknown' does not satisfy the constraint '(...args: any[]) => any'.
src/__tests__/types/testUtils.ts(100,39): error TS2344: Type 'unknown' does not satisfy the constraint '(...args: any[]) => any'.
src/__tests__/types/testUtils.ts(102,51): error TS2344: Type 'unknown' does not satisfy the constraint '(...args: any[]) => any'.
src/__tests__/types/testUtils.ts(104,42): error TS2344: Type 'unknown' does not satisfy the constraint '(...args: any[]) => any'.
src/__tests__/types/testUtils.ts(106,41): error TS2344: Type 'unknown' does not satisfy the constraint '(...args: any[]) => any'.
src/__tests__/types/testUtils.ts(108,45): error TS2344: Type 'unknown' does not satisfy the constraint '(...args: any[]) => any'.
src/__tests__/types/testUtils.ts(110,49): error TS2344: Type 'unknown' does not satisfy the constraint '(...args: any[]) => any'.
src/__tests__/types/testUtils.ts(112,40): error TS2344: Type 'unknown' does not satisfy the constraint '(...args: any[]) => any'.
src/__tests__/types/testUtils.ts(114,39): error TS2344: Type 'unknown' does not satisfy the constraint '(...args: any[]) => any'.
src/__tests__/types/testUtils.ts(116,43): error TS2344: Type 'unknown' does not satisfy the constraint '(...args: any[]) => any'.
src/__tests__/types/testUtils.ts(118,44): error TS2344: Type 'unknown' does not satisfy the constraint '(...args: any[]) => any'.
src/__tests__/types/testUtils.ts(120,41): error TS2344: Type 'unknown' does not satisfy the constraint '(...args: any[]) => any'.
src/__tests__/types/testUtils.ts(125,38): error TS2344: Type 'unknown' does not satisfy the constraint '(...args: any[]) => any'.
src/__tests__/types/testUtils.ts(127,37): error TS2344: Type 'unknown' does not satisfy the constraint '(...args: any[]) => any'.
src/__tests__/types/testUtils.ts(129,43): error TS2344: Type 'unknown' does not satisfy the constraint '(...args: any[]) => any'.
src/__tests__/types/testUtils.ts(131,43): error TS2344: Type 'unknown' does not satisfy the constraint '(...args: any[]) => any'.
src/__tests__/types/testUtils.ts(133,44): error TS2344: Type 'unknown' does not satisfy the constraint '(...args: any[]) => any'.
src/__tests__/types/testUtils.ts(135,38): error TS2344: Type 'unknown' does not satisfy the constraint '(...args: any[]) => any'.
src/__tests__/types/testUtils.ts(137,42): error TS2344: Type 'unknown' does not satisfy the constraint '(...args: any[]) => any'.
src/__tests__/types/testUtils.ts(139,41): error TS2344: Type 'unknown' does not satisfy the constraint '(...args: any[]) => any'.
src/__tests__/types/testUtils.ts(144,44): error TS2344: Type 'unknown' does not satisfy the constraint '(...args: any[]) => any'.
src/__tests__/types/testUtils.ts(146,47): error TS2344: Type 'unknown' does not satisfy the constraint '(...args: any[]) => any'.
src/__tests__/types/testUtils.ts(148,50): error TS2344: Type 'unknown' does not satisfy the constraint '(...args: any[]) => any'.
src/__tests__/types/testUtils.ts(150,43): error TS2344: Type 'unknown' does not satisfy the constraint '(...args: any[]) => any'.
src/__tests__/types/testUtils.ts(152,35): error TS2344: Type 'unknown' does not satisfy the constraint '(...args: any[]) => any'.
src/__tests__/types/testUtils.ts(154,37): error TS2344: Type 'unknown' does not satisfy the constraint '(...args: any[]) => any'.
src/__tests__/types/testUtils.ts(156,39): error TS2344: Type 'unknown' does not satisfy the constraint '(...args: any[]) => any'.
src/__tests__/types/testUtils.ts(158,43): error TS2344: Type 'unknown' does not satisfy the constraint '(...args: any[]) => any'.
src/__tests__/types/testUtils.ts(160,44): error TS2344: Type 'unknown' does not satisfy the constraint '(...args: any[]) => any'.
src/__tests__/types/testUtils.ts(162,48): error TS2344: Type 'unknown' does not satisfy the constraint '(...args: any[]) => any'.
src/__tests__/types/testUtils.ts(164,43): error TS2344: Type 'unknown' does not satisfy the constraint '(...args: any[]) => any'.
src/__tests__/types/testUtils.ts(166,45): error TS2344: Type 'unknown' does not satisfy the constraint '(...args: any[]) => any'.
src/__tests__/types/testUtils.ts(169,55): error TS2344: Type 'unknown' does not satisfy the constraint '(...args: any[]) => any'.
src/__tests__/types/testUtils.ts(170,50): error TS2344: Type 'unknown' does not satisfy the constraint '(...args: any[]) => any'.
src/__tests__/types/testUtils.ts(171,51): error TS2344: Type 'unknown' does not satisfy the constraint '(...args: any[]) => any'.
src/__tests__/types/testUtils.ts(172,45): error TS2344: Type 'unknown' does not satisfy the constraint '(...args: any[]) => any'.
src/__tests__/types/testUtils.ts(173,45): error TS2344: Type 'unknown' does not satisfy the constraint '(...args: any[]) => any'.
src/__tests__/utils/BuildValidator.test.ts(31,21): error TS2339: Property 'isValid' does not exist on type 'Promise<BuildValidationResult>'.
src/__tests__/utils/BuildValidator.test.ts(32,21): error TS2339: Property 'missingFiles' does not exist on type 'Promise<BuildValidationResult>'.
src/__tests__/utils/BuildValidator.test.ts(33,21): error TS2339: Property 'corruptedFiles' does not exist on type 'Promise<BuildValidationResult>'.
src/__tests__/utils/BuildValidator.test.ts(41,21): error TS2339: Property 'isValid' does not exist on type 'Promise<BuildValidationResult>'.
src/__tests__/utils/BuildValidator.test.ts(42,21): error TS2339: Property 'missingFiles' does not exist on type 'Promise<BuildValidationResult>'.
src/__tests__/utils/BuildValidator.test.ts(43,21): error TS2339: Property 'repairActions' does not exist on type 'Promise<BuildValidationResult>'.
src/__tests__/utils/BuildValidator.test.ts(62,21): error TS2339: Property 'isValid' does not exist on type 'Promise<BuildValidationResult>'.
src/__tests__/utils/BuildValidator.test.ts(63,21): error TS2339: Property 'missingFiles' does not exist on type 'Promise<BuildValidationResult>'.
src/__tests__/utils/BuildValidator.test.ts(64,21): error TS2339: Property 'repairActions' does not exist on type 'Promise<BuildValidationResult>'.
src/__tests__/utils/BuildValidator.test.ts(73,21): error TS2339: Property 'isValid' does not exist on type 'Promise<BuildValidationResult>'.
src/__tests__/utils/BuildValidator.test.ts(74,21): error TS2339: Property 'corruptedFiles' does not exist on type 'Promise<BuildValidationResult>'.
src/__tests__/utils/BuildValidator.test.ts(83,21): error TS2339: Property 'corruptedFiles' does not exist on type 'Promise<BuildValidationResult>'.
src/__tests__/utils/BuildValidator.test.ts(84,21): error TS2339: Property 'repairActions' does not exist on type 'Promise<BuildValidationResult>'.
src/__tests__/utils/BuildValidator.test.ts(160,21): error TS2339: Property 'buildExists' does not exist on type 'Promise<BuildHealthReport>'.
src/__tests__/utils/BuildValidator.test.ts(161,21): error TS2339: Property 'manifestsValid' does not exist on type 'Promise<BuildHealthReport>'.
src/__tests__/utils/BuildValidator.test.ts(162,21): error TS2339: Property 'issues' does not exist on type 'Promise<BuildHealthReport>'.
src/__tests__/utils/BuildValidator.test.ts(170,21): error TS2339: Property 'buildExists' does not exist on type 'Promise<BuildHealthReport>'.
src/__tests__/utils/BuildValidator.test.ts(171,21): error TS2339: Property 'issues' does not exist on type 'Promise<BuildHealthReport>'.
src/__tests__/utils/elementalCompatibility.test.ts(22,19): error TS2339: Property 'compatibility' does not exist on type 'Promise<ElementalCompatibility>'.
src/__tests__/utils/elementalCompatibility.test.ts(23,19): error TS2339: Property 'recommendation' does not exist on type 'Promise<ElementalCompatibility>'.
src/__tests__/utils/elementalCompatibility.test.ts(44,19): error TS2339: Property 'compatibility' does not exist on type 'Promise<ElementalCompatibility>'.
src/__tests__/utils/elementalCompatibility.test.ts(45,19): error TS2339: Property 'recommendation' does not exist on type 'Promise<ElementalCompatibility>'.
src/__tests__/utils/elementalCompatibility.test.ts(66,19): error TS2339: Property 'recommendation' does not exist on type 'Promise<ElementalCompatibility>'.
src/__tests__/utils/elementalCompatibility.test.ts(67,19): error TS2339: Property 'recommendation' does not exist on type 'Promise<ElementalCompatibility>'.
src/__tests__/utils/elementalCompatibility.test.ts(88,19): error TS2339: Property 'compatibility' does not exist on type 'Promise<ElementalCompatibility>'.
src/__tests__/utils/elementalCompatibility.test.ts(89,19): error TS2339: Property 'recommendation' does not exist on type 'Promise<ElementalCompatibility>'.
src/__tests__/utils/elementalCompatibility.test.ts(112,19): error TS2339: Property 'balanceScore' does not exist on type 'Promise<ElementalCompatibility>'.
src/__tests__/utils/elementalCompatibility.test.ts(135,19): error TS2339: Property 'compatibility' does not exist on type 'Promise<ElementalCompatibility>'.
src/__tests__/utils/elementalCompatibility.test.ts(136,19): error TS2339: Property 'compatibility' does not exist on type 'Promise<ElementalCompatibility>'.
src/__tests__/validation/IntegrationValidation.test.ts(152,19): error TS2339: Property 'SafeUnusedImportRemover' does not exist on type 'Promise<typeof import("/Users/GregCastro/Desktop/WhatToEatNext/src/services/linting/SafeUnusedImportRemover")>'.
src/app/cooking-methods-demo/page.tsx(20,10): error TS2304: Cannot find name 'formatMethodsForComponent'.
src/app/cooking-methods-demo/page.tsx(21,10): error TS2304: Cannot find name 'formatMethodsForComponent'.
src/app/cooking-methods-demo/page.tsx(22,10): error TS2304: Cannot find name 'formatMethodsForComponent'.
src/calculations/index.ts(124,9): error TS18048: 'analysis.predictiveAccuracy' is possibly 'undefined'.
src/calculations/index.ts(124,9): error TS18048: 'analysis.predictiveAccuracy.shortTerm' is possibly 'undefined'.
src/calculations/index.ts(479,7): error TS2345: Argument of type '{ planet: string; strength: number; element: Element; }[]' is not assignable to parameter of type '{ planet: string; influence: number; }[]'.
  Property 'influence' is missing in type '{ planet: string; strength: number; element: Element; }' but required in type '{ planet: string; influence: number; }'.
src/calculations/index.ts(685,7): error TS2322: Type 'Record<string, { sign: string; degree: number; }>' is not assignable to type '{ [key: string]: PlanetaryPosition; }'.
  'string' index signatures are incompatible.
    Type '{ sign: string; degree: number; }' is not assignable to type 'PlanetaryPosition'.
      Types of property 'sign' are incompatible.
        Type 'string' is not assignable to type 'ZodiacSign'.
src/components/AstrologicalClock.tsx(115,39): error TS2339: Property 'exactLongitude' does not exist on type '{ sign?: string | undefined; degree?: number | undefined; longitude?: number | undefined; }'.
src/components/AstrologicalClock.tsx(115,77): error TS2339: Property 'exactLongitude' does not exist on type '{ sign?: string | undefined; degree?: number | undefined; longitude?: number | undefined; }'.
src/components/AstrologicalClock.tsx(126,35): error TS2339: Property 'exactLongitude' does not exist on type '{ sign?: string | undefined; degree?: number | undefined; longitude?: number | undefined; }'.
src/components/AstrologicalClock.tsx(127,33): error TS2339: Property 'isRetrograde' does not exist on type '{ sign?: string | undefined; degree?: number | undefined; longitude?: number | undefined; }'.
src/components/AstrologicalClock.tsx(288,52): error TS2339: Property 'isRetrograde' does not exist on type '{ sign?: string | undefined; degree?: number | undefined; longitude?: number | undefined; }'.
src/components/AstrologicalClock.tsx(297,51): error TS2345: Argument of type 'string | undefined' is not assignable to parameter of type 'ZodiacSign | undefined'.
  Type 'string' is not assignable to type 'ZodiacSign | undefined'.
src/components/AstrologicalClock.tsx(314,64): error TS2538: Type 'undefined' cannot be used as an index type.
src/components/AstrologyChart/AstrologyChart.migrated.tsx(112,9): error TS2304: Cannot find name 'setIsDaytime'.
src/components/CelestialDisplay/CelestialDisplay.tsx(85,7): error TS2304: Cannot find name 'drawZodiacWheel'.
src/components/CelestialDisplay/CelestialDisplay.tsx(126,9): error TS2304: Cannot find name 'drawCelestialBody'.
src/components/CelestialDisplay/CelestialDisplay.tsx(140,9): error TS2304: Cannot find name 'drawLunarNode'.
src/components/CelestialDisplay/CelestialDisplay.tsx(150,9): error TS2304: Cannot find name 'drawLunarNode'.
src/components/ChromeAPITest.tsx(25,36): error TS2339: Property 'url' does not exist on type 'Partial<unknown>'.
src/components/ChromeAPITest.tsx(26,62): error TS2339: Property 'url' does not exist on type 'Partial<unknown>'.
src/components/CookingMethods.tsx(974,40): error TS2345: Argument of type '{ name: string; category: string; }' is not assignable to parameter of type 'CookingMethod'.
  Type '{ name: string; category: string; }' is missing the following properties from type 'CookingMethod': id, element, intensity
src/components/CookingMethods.tsx(1362,58): error TS2345: Argument of type 'string' is not assignable to parameter of type 'LunarPhase | null | undefined'.
src/components/CookingMethods.tsx(1399,38): error TS2345: Argument of type '{ name: string; thermodynamics?: unknown; }' is not assignable to parameter of type 'Ingredient | UnifiedIngredient'.
  Type '{ name: string; thermodynamics?: unknown; }' is missing the following properties from type 'UnifiedIngredient': unifiedId, mappings, validationStatus, sources, and 3 more.
src/components/CookingMethods.tsx(1430,31): error TS2352: Conversion of type '({ alchemicalProperties: unknown; transformedElementalProperties: unknown; heat: unknown; entropy: unknown; reactivity: unknown; energy: unknown; gregsEnergy: number; matchReason: string; thermodynamicProperties: BasicThermodynamicProperties; ... 6 more ...; suitable_for: string[]; } | ... 16 more ... | { ...; })[]' to type 'ExtendedAlchemicalItem[]' may be a mistake because neither type sufficiently overlaps with the other. If this was intentional, convert the expression to 'unknown' first.
  Type '{ alchemicalProperties: unknown; transformedElementalProperties: unknown; heat: unknown; entropy: unknown; reactivity: unknown; energy: unknown; gregsEnergy: number; matchReason: string; thermodynamicProperties: BasicThermodynamicProperties; ... 6 more ...; suitable_for: string[]; } | ... 16 more ... | { ...; }' is not comparable to type 'ExtendedAlchemicalItem'.
    Type '{ gregsEnergy: number; matchReason: string; thermodynamicProperties: BasicThermodynamicProperties; heat: number; entropy: number; reactivity: number; id: string; ... 6 more ...; suitable_for: string[]; }' is missing the following properties from type 'ExtendedAlchemicalItem': transformedElementalProperties, dominantElement, dominantAlchemicalProperty, planetaryBoost, and 3 more.
src/components/CookingMethodsSection.tsx(103,16): error TS2304: Cannot find name 'calculateAstrologicalScore'.
src/components/CuisineRecommender.tsx(248,16): error TS2532: Object is possibly 'undefined'.
src/components/CuisineRecommender.tsx(248,45): error TS18048: 'sum' is possibly 'undefined'.
src/components/CuisineRecommender.tsx(248,51): error TS18048: 'val' is possibly 'undefined'.
src/components/CuisineRecommender.tsx(249,20): error TS2532: Object is possibly 'undefined'.
src/components/CuisineRecommender.tsx(249,49): error TS18048: 'sum' is possibly 'undefined'.
src/components/CuisineRecommender.tsx(249,64): error TS18048: 'val' is possibly 'undefined'.
src/components/CuisineRecommender.tsx(302,34): error TS2345: Argument of type 'number | undefined' is not assignable to parameter of type 'number'.
  Type 'undefined' is not assignable to type 'number'.
src/components/CuisineRecommender.tsx(303,33): error TS2345: Argument of type 'number | undefined' is not assignable to parameter of type 'number'.
  Type 'undefined' is not assignable to type 'number'.
src/components/CuisineRecommender.tsx(304,61): error TS2339: Property 'monica' does not exist on type '{ kalchm?: number | undefined; thermodynamicScore?: number | undefined; energyBalance?: number | undefined; }'.
src/components/CuisineRecommender.tsx(304,92): error TS2339: Property 'monica' does not exist on type '{ kalchm?: number | undefined; thermodynamicScore?: number | undefined; energyBalance?: number | undefined; }'.
src/components/CuisineRecommender.tsx(310,72): error TS2339: Property 'gregsEnergy' does not exist on type '{ kalchm?: number | undefined; thermodynamicScore?: number | undefined; energyBalance?: number | undefined; }'.
src/components/CuisineRecommender.tsx(311,35): error TS18048: 'recipeThermodynamics.kalchm' is possibly 'undefined'.
src/components/CuisineRecommender.tsx(329,50): error TS2345: Argument of type 'number | undefined' is not assignable to parameter of type 'number'.
  Type 'undefined' is not assignable to type 'number'.
src/components/CuisineRecommender.tsx(330,42): error TS18048: 'thermodynamics.entropy' is possibly 'undefined'.
src/components/CuisineRecommender.tsx(331,54): error TS18048: 'thermodynamics.reactivity' is possibly 'undefined'.
src/components/CuisineRecommender.tsx(365,75): error TS2345: Argument of type '{ kalchm?: number | undefined; monica?: number | undefined; gregsEnergy?: number | undefined; alchemicalProperties?: { Spirit?: number | undefined; Essence?: number | undefined; Matter?: number | undefined; Substance?: number | undefined; } | undefined; } | { ...; }' is not assignable to parameter of type 'ComprehensiveAlchemicalResult'.
  Type '{ kalchm?: number | undefined; monica?: number | undefined; gregsEnergy?: number | undefined; alchemicalProperties?: { Spirit?: number | undefined; Essence?: number | undefined; Matter?: number | undefined; Substance?: number | undefined; } | undefined; }' is missing the following properties from type 'ComprehensiveAlchemicalResult': elementalProperties, planetaryInfluences, recommendations, timestamp, cacheKey
src/components/CuisineRecommender.tsx(463,7): error TS2322: Type '{ categorizationAnalysis: { categoryHarmony: number; categoryCount: number; ingredientDistribution: { category: string | undefined; count: number; }[]; }; seasonalAnalysis: { seasonalHarmony: number; seasonalOptimization: string[]; }; ... 7 more ...; timestamp: string; }' is not assignable to type '{ categorizationAnalysis: { categoryHarmony: number; categoryCount: number; ingredientDistribution: { category: string; count: number; }[]; }; seasonalAnalysis: { seasonalHarmony: number; seasonalOptimization: string[]; }; ... 7 more ...; timestamp: string; }'.
  The types of 'categorizationAnalysis.ingredientDistribution' are incompatible between these types.
    Type '{ category: string | undefined; count: number; }[]' is not assignable to type '{ category: string; count: number; }[]'.
      Type '{ category: string | undefined; count: number; }' is not assignable to type '{ category: string; count: number; }'.
        Types of property 'category' are incompatible.
          Type 'string | undefined' is not assignable to type 'string'.
            Type 'undefined' is not assignable to type 'string'.
src/components/CuisineRecommender.tsx(855,15): error TS2322: Type '{ Fire: number; Water: number; Earth: number; Air: number; }' is not assignable to type 'number'.
src/components/CuisineRecommender.tsx(870,15): error TS2345: Argument of type 'unknown' is not assignable to parameter of type '{ kalchm?: number | undefined; thermodynamicScore?: number | undefined; energyBalance?: number | undefined; } | undefined'.
src/components/CuisineRecommender.tsx(1212,17): error TS2322: Type 'unknown' is not assignable to type 'Record<string, unknown> | undefined'.
src/components/CuisineRecommender.tsx(1251,65): error TS2339: Property 'systemHealth' does not exist on type '{ recipeIntelligence?: { compatibility?: number | undefined; optimization?: number | undefined; safetyScore?: number | undefined; } | undefined; ingredientIntelligence?: { analysis?: Record<...> | undefined; optimizationScore?: number | undefined; } | undefined; cuisineIntelligence?: { ...; } | undefined; }'.
src/components/CuisineRecommender.tsx(1254,61): error TS2339: Property 'systemHealth' does not exist on type '{ recipeIntelligence?: { compatibility?: number | undefined; optimization?: number | undefined; safetyScore?: number | undefined; } | undefined; ingredientIntelligence?: { analysis?: Record<...> | undefined; optimizationScore?: number | undefined; } | undefined; cuisineIntelligence?: { ...; } | undefined; }'.
src/components/CuisineRecommender.tsx(1264,65): error TS2339: Property 'overallScore' does not exist on type '{ recipeIntelligence?: { compatibility?: number | undefined; optimization?: number | undefined; safetyScore?: number | undefined; } | undefined; ingredientIntelligence?: { analysis?: Record<...> | undefined; optimizationScore?: number | undefined; } | undefined; cuisineIntelligence?: { ...; } | undefined; }'.
src/components/CuisineRecommender.tsx(1267,78): error TS2339: Property 'overallScore' does not exist on type '{ recipeIntelligence?: { compatibility?: number | undefined; optimization?: number | undefined; safetyScore?: number | undefined; } | undefined; ingredientIntelligence?: { analysis?: Record<...> | undefined; optimizationScore?: number | undefined; } | undefined; cuisineIntelligence?: { ...; } | undefined; }'.
src/components/CuisineRecommender.tsx(1277,65): error TS2339: Property 'performanceMetrics' does not exist on type '{ recipeIntelligence?: { compatibility?: number | undefined; optimization?: number | undefined; safetyScore?: number | undefined; } | undefined; ingredientIntelligence?: { analysis?: Record<...> | undefined; optimizationScore?: number | undefined; } | undefined; cuisineIntelligence?: { ...; } | undefined; }'.
src/components/CuisineRecommender.tsx(1290,54): error TS2339: Property 'recommendations' does not exist on type '{ recipeIntelligence?: { compatibility?: number | undefined; optimization?: number | undefined; safetyScore?: number | undefined; } | undefined; ingredientIntelligence?: { analysis?: Record<...> | undefined; optimizationScore?: number | undefined; } | undefined; cuisineIntelligence?: { ...; } | undefined; }'.
src/components/CuisineRecommender.tsx(1368,93): error TS2339: Property 'overallScore' does not exist on type '{ recipeIntelligence?: { compatibility?: number | undefined; optimization?: number | undefined; safetyScore?: number | undefined; } | undefined; ingredientIntelligence?: { analysis?: Record<...> | undefined; optimizationScore?: number | undefined; } | undefined; cuisineIntelligence?: { ...; } | undefined; }'.
src/components/CuisineRecommender.tsx(1370,124): error TS2339: Property 'overallScore' does not exist on type '{ recipeIntelligence?: { compatibility?: number | undefined; optimization?: number | undefined; safetyScore?: number | undefined; } | undefined; ingredientIntelligence?: { analysis?: Record<...> | undefined; optimizationScore?: number | undefined; } | undefined; cuisineIntelligence?: { ...; } | undefined; }'.
src/components/CuisineRecommender.tsx(1372,99): error TS2339: Property 'performanceMetrics' does not exist on type '{ recipeIntelligence?: { compatibility?: number | undefined; optimization?: number | undefined; safetyScore?: number | undefined; } | undefined; ingredientIntelligence?: { analysis?: Record<...> | undefined; optimizationScore?: number | undefined; } | undefined; cuisineIntelligence?: { ...; } | undefined; }'.
src/components/CuisineRecommender.tsx(1373,57): error TS2339: Property 'recommendations' does not exist on type '{ recipeIntelligence?: { compatibility?: number | undefined; optimization?: number | undefined; safetyScore?: number | undefined; } | undefined; ingredientIntelligence?: { analysis?: Record<...> | undefined; optimizationScore?: number | undefined; } | undefined; cuisineIntelligence?: { ...; } | undefined; }'.
src/components/CuisineSection/CuisineSection.migrated.tsx(26,20): error TS2304: Cannot find name 'ElementalData'.
src/components/CuisineSection/CuisineSection.migrated.tsx(27,25): error TS2304: Cannot find name 'ElementalData'.
src/components/CuisineSection/CuisineSection.migrated.tsx(44,13): error TS2304: Cannot find name 'ElementalData'.
src/components/IngredientRecommendations.tsx(149,29): error TS2552: Cannot find name 'calculateAlchemicalPropertiesForDisplay'. Did you mean '_calculateAlchemicalPropertiesForDisplay'?
src/components/IngredientRecommender.tsx(297,102): error TS2339: Property 'planet' does not exist on type '{}'.
src/components/IngredientRecommender.tsx(298,104): error TS2339: Property 'planet' does not exist on type '{}'.
src/components/IngredientRecommender.tsx(323,68): error TS2345: Argument of type '{ planetaryPositions: Record<string, unknown>; aspects: unknown[]; }' is not assignable to parameter of type 'ElementalProperties & { timestamp: Date; currentStability: number; planetaryAlignment: Record<string, { sign: string; degree: number; }>; zodiacSign: string; activePlanets: string[]; lunarPhase: string; aspects: { ...; }[]; }'.
  Type '{ planetaryPositions: Record<string, unknown>; aspects: unknown[]; }' is missing the following properties from type 'ElementalProperties': Fire, Water, Earth, Air
src/components/IngredientRecommender.tsx(564,24): error TS2345: Argument of type 'IngredientDisplayItem' is not assignable to parameter of type 'Ingredient | UnifiedIngredient'.
  Property 'alchemicalProperties' is missing in type 'IngredientDisplayItem' but required in type 'UnifiedIngredient'.
src/components/IngredientRecommender.tsx(632,83): error TS2345: Argument of type 'string | undefined' is not assignable to parameter of type 'string'.
  Type 'undefined' is not assignable to type 'string'.
src/components/IngredientRecommender.tsx(637,47): error TS2345: Argument of type 'string | undefined' is not assignable to parameter of type 'string'.
  Type 'undefined' is not assignable to type 'string'.
src/components/IngredientRecommender.tsx(726,7): error TS2769: No overload matches this call.
  Overload 1 of 2, '(entries: Iterable<readonly [PropertyKey, any]>): { [k: string]: any; }', gave the following error.
    Argument of type 'undefined' is not assignable to parameter of type 'Iterable<readonly [PropertyKey, any]>'.
  Overload 2 of 2, '(entries: Iterable<readonly any[]>): any', gave the following error.
    Argument of type 'undefined' is not assignable to parameter of type 'Iterable<readonly any[]>'.
src/components/IngredientRecommender.tsx(933,17): error TS2322: Type '{} | { Fire: number; Water: number; Earth: number; Air: number; }' is not assignable to type 'ElementalProperties'.
  Type '{}' is missing the following properties from type 'ElementalProperties': Fire, Water, Earth, Air
src/components/IngredientRecommender.tsx(936,17): error TS2322: Type 'PlanetaryAlignment' is not assignable to type 'Record<string, unknown>'.
  Index signature for type 'string' is missing in type 'PlanetaryAlignment'.
src/components/IngredientRecommender.tsx(1194,35): error TS2339: Property 'seasonality' does not exist on type 'IngredientDisplayItem'.
src/components/IngredientRecommender.tsx(1195,44): error TS2339: Property 'seasonality' does not exist on type 'IngredientDisplayItem'.
src/components/IngredientRecommender.tsx(1196,49): error TS2339: Property 'seasonality' does not exist on type 'IngredientDisplayItem'.
src/components/IngredientRecommender.tsx(1197,51): error TS2339: Property 'seasonality' does not exist on type 'IngredientDisplayItem'.
src/components/IngredientRecommender.tsx(1199,53): error TS2339: Property 'seasonality' does not exist on type 'IngredientDisplayItem'.
src/components/IngredientRecommender.tsx(1200,51): error TS2339: Property 'seasonality' does not exist on type 'IngredientDisplayItem'.
src/components/IngredientRecommender.tsx(1201,46): error TS2339: Property 'seasonality' does not exist on type 'IngredientDisplayItem'.
src/components/IngredientRecommender.tsx(1203,65): error TS2339: Property 'seasonality' does not exist on type 'IngredientDisplayItem'.
src/components/IngredientRecommender.tsx(1204,41): error TS2339: Property 'seasonality' does not exist on type 'IngredientDisplayItem'.
src/components/IngredientRecommender.tsx(1205,41): error TS2339: Property 'seasonality' does not exist on type 'IngredientDisplayItem'.
src/components/IngredientRecommender.tsx(1221,73): error TS2551: Property 'subCategory' does not exist on type 'IngredientDisplayItem'. Did you mean 'category'?
src/components/IngredientRecommender.tsx(1272,78): error TS2532: Object is possibly 'undefined'.
src/components/IngredientRecommender/index.tsx(257,25): error TS2552: Cannot find name 'categorizeIngredient'. Did you mean '_categorizeIngredient'?
src/components/layout/MainPageLayout.tsx(198,26): error TS2345: Argument of type '{}' is not assignable to parameter of type 'SetStateAction<Record<string, unknown> | null>'.
src/components/layout/MainPageLayout.tsx(221,33): error TS2345: Argument of type 'AstrologicalGuidance' is not assignable to parameter of type 'SetStateAction<Record<string, unknown> | null>'.
  Type 'AstrologicalGuidance' is not assignable to type 'Record<string, unknown>'.
    Index signature for type 'string' is missing in type 'AstrologicalGuidance'.
src/components/layout/MainPageLayout.tsx(258,27): error TS2532: Object is possibly 'undefined'.
src/components/layout/MainPageLayout.tsx(370,57): error TS2345: Argument of type '{ buildTime: {}; memoryUsage: {}; bundleSize: number; errorCount: number; }' is not assignable to parameter of type '{ buildTime?: number | undefined; bundleSize?: number | undefined; memoryUsage?: number | undefined; errorCount?: number | undefined; }'.
  Types of property 'buildTime' are incompatible.
    Type '{}' is not assignable to type 'number'.
src/components/layout/MainPageLayout.tsx(426,26): error TS2345: Argument of type '{ compilationTime: {}; memoryUsage: {}; bundleSize: number; errorCount: number; warningCount: number; hotReloadTime: number; }' is not assignable to parameter of type 'Partial<DevelopmentMetrics>'.
  Types of property 'compilationTime' are incompatible.
    Type '{}' is not assignable to type 'number'.
src/components/quality/QualityMetricsDashboard.tsx(61,37): error TS2352: Conversion of type '{ errorData: TypeScriptError | LintingViolation | BuildFailure | QualityMetrics; buildMetrics?: { history: { ...; }[]; bottlenecks: { ...; }[]; } | undefined; campaignProgress?: Record<...> | undefined; qualityTrends?: Record<...> | undefined; }' to type 'DashboardData' may be a mistake because neither type sufficiently overlaps with the other. If this was intentional, convert the expression to 'unknown' first.
  Types of property 'errorData' are incompatible.
    Type 'TypeScriptError | LintingViolation | BuildFailure | QualityMetrics' is not comparable to type '{ summary: { topErrorCategories: { category: string; count: number; }[]; }; qualityHistory: { timestamp: number; score: number; }[]; patterns: { pattern: string; count: number; }[]; }'.
      Type 'QualityMetrics' is missing the following properties from type '{ summary: { topErrorCategories: { category: string; count: number; }[]; }; qualityHistory: { timestamp: number; score: number; }[]; patterns: { pattern: string; count: number; }[]; }': summary, qualityHistory, patterns
src/components/quality/QualityMetricsDashboard.tsx(75,13): error TS2322: Type 'BuildMetrics[]' is not assignable to type '{ timestamp: number; duration: number; success: boolean; errors: number; }[]'.
  Type 'BuildMetrics' is missing the following properties from type '{ timestamp: number; duration: number; success: boolean; errors: number; }': duration, success, errors
src/components/quality/QualityMetricsDashboard.tsx(76,13): error TS2322: Type 'CompilationBottleneck[]' is not assignable to type '{ file: string; time: number; impact: string; }[]'.
  Type 'CompilationBottleneck' is missing the following properties from type '{ file: string; time: number; impact: string; }': time, impact
src/components/quality/QualityMetricsDashboard.tsx(82,13): error TS2322: Type 'ErrorPattern[]' is not assignable to type '{ pattern: string; count: number; }[]'.
  Property 'count' is missing in type 'ErrorPattern' but required in type '{ pattern: string; count: number; }'.
src/components/quality/QualityMetricsDashboard.tsx(83,13): error TS2322: Type 'QualityMetrics[]' is not assignable to type '{ timestamp: number; score: number; }[]'.
  Property 'score' is missing in type 'QualityMetrics' but required in type '{ timestamp: number; score: number; }'.
src/components/quality/QualityMetricsDashboard.tsx(123,16): error TS2571: Object is of type 'unknown'.
src/components/quality/QualityMetricsDashboard.tsx(123,85): error TS2571: Object is of type 'unknown'.
src/components/quality/QualityMetricsDashboard.tsx(125,16): error TS2571: Object is of type 'unknown'.
src/components/quality/QualityMetricsDashboard.tsx(125,88): error TS2571: Object is of type 'unknown'.
src/components/quality/QualityMetricsDashboard.tsx(130,43): error TS2339: Property 'summary' does not exist on type '{ history: { timestamp: number; duration: number; success: boolean; errors: number; }[]; bottlenecks: { file: string; time: number; impact: string; }[]; }'.
src/components/quality/QualityMetricsDashboard.tsx(131,29): error TS2339: Property 'summary' does not exist on type '{ history: { timestamp: number; duration: number; success: boolean; errors: number; }[]; bottlenecks: { file: string; time: number; impact: string; }[]; }'.
src/components/quality/QualityMetricsDashboard.tsx(131,84): error TS2339: Property 'summary' does not exist on type '{ history: { timestamp: number; duration: number; success: boolean; errors: number; }[]; bottlenecks: { file: string; time: number; impact: string; }[]; }'.
src/components/quality/QualityMetricsDashboard.tsx(132,37): error TS2339: Property 'summary' does not exist on type '{ history: { timestamp: number; duration: number; success: boolean; errors: number; }[]; bottlenecks: { file: string; time: number; impact: string; }[]; }'.
src/components/quality/QualityMetricsDashboard.tsx(133,29): error TS2339: Property 'summary' does not exist on type '{ history: { timestamp: number; duration: number; success: boolean; errors: number; }[]; bottlenecks: { file: string; time: number; impact: string; }[]; }'.
src/components/quality/QualityMetricsDashboard.tsx(133,84): error TS2339: Property 'summary' does not exist on type '{ history: { timestamp: number; duration: number; success: boolean; errors: number; }[]; bottlenecks: { file: string; time: number; impact: string; }[]; }'.
src/components/quality/QualityMetricsDashboard.tsx(138,34): error TS2339: Property 'totalActiveErrors' does not exist on type '{ topErrorCategories: { category: string; count: number; }[]; }'.
src/components/quality/QualityMetricsDashboard.tsx(139,34): error TS2339: Property 'totalActiveErrors' does not exist on type '{ topErrorCategories: { category: string; count: number; }[]; }'.
src/components/quality/QualityMetricsDashboard.tsx(139,85): error TS2339: Property 'totalActiveErrors' does not exist on type '{ topErrorCategories: { category: string; count: number; }[]; }'.
src/components/quality/QualityMetricsDashboard.tsx(140,42): error TS2339: Property 'totalActiveErrors' does not exist on type '{ topErrorCategories: { category: string; count: number; }[]; }'.
src/components/quality/QualityMetricsDashboard.tsx(141,34): error TS2339: Property 'totalActiveErrors' does not exist on type '{ topErrorCategories: { category: string; count: number; }[]; }'.
src/components/quality/QualityMetricsDashboard.tsx(141,88): error TS2339: Property 'totalActiveErrors' does not exist on type '{ topErrorCategories: { category: string; count: number; }[]; }'.
src/components/quality/QualityMetricsDashboard.tsx(147,16): error TS2571: Object is of type 'unknown'.
src/components/quality/QualityMetricsDashboard.tsx(147,87): error TS2571: Object is of type 'unknown'.
src/components/quality/QualityMetricsDashboard.tsx(149,16): error TS2571: Object is of type 'unknown'.
src/components/quality/QualityMetricsDashboard.tsx(149,90): error TS2571: Object is of type 'unknown'.
src/components/quality/QualityMetricsDashboard.tsx(155,16): error TS2571: Object is of type 'unknown'.
src/components/quality/QualityMetricsDashboard.tsx(155,89): error TS2571: Object is of type 'unknown'.
src/components/quality/QualityMetricsDashboard.tsx(157,16): error TS2571: Object is of type 'unknown'.
src/components/quality/QualityMetricsDashboard.tsx(157,92): error TS2571: Object is of type 'unknown'.
src/components/quality/QualityMetricsDashboard.tsx(162,32): error TS2339: Property 'summary' does not exist on type '{ history: { timestamp: number; duration: number; success: boolean; errors: number; }[]; bottlenecks: { file: string; time: number; impact: string; }[]; }'.
src/components/quality/QualityMetricsDashboard.tsx(163,29): error TS2339: Property 'summary' does not exist on type '{ history: { timestamp: number; duration: number; success: boolean; errors: number; }[]; bottlenecks: { file: string; time: number; impact: string; }[]; }'.
src/components/quality/QualityMetricsDashboard.tsx(163,80): error TS2339: Property 'summary' does not exist on type '{ history: { timestamp: number; duration: number; success: boolean; errors: number; }[]; bottlenecks: { file: string; time: number; impact: string; }[]; }'.
src/components/quality/QualityMetricsDashboard.tsx(164,37): error TS2339: Property 'summary' does not exist on type '{ history: { timestamp: number; duration: number; success: boolean; errors: number; }[]; bottlenecks: { file: string; time: number; impact: string; }[]; }'.
src/components/quality/QualityMetricsDashboard.tsx(165,29): error TS2339: Property 'summary' does not exist on type '{ history: { timestamp: number; duration: number; success: boolean; errors: number; }[]; bottlenecks: { file: string; time: number; impact: string; }[]; }'.
src/components/quality/QualityMetricsDashboard.tsx(165,83): error TS2339: Property 'summary' does not exist on type '{ history: { timestamp: number; duration: number; success: boolean; errors: number; }[]; bottlenecks: { file: string; time: number; impact: string; }[]; }'.
src/components/quality/QualityMetricsDashboard.tsx(182,20): error TS2339: Property 'totalBuildTime' does not exist on type '{ timestamp: number; duration: number; success: boolean; errors: number; }'.
src/components/quality/QualityMetricsDashboard.tsx(204,22): error TS2339: Property 'codeQualityScore' does not exist on type '{ timestamp: number; score: number; }'.
src/components/quality/QualityMetricsDashboard.tsx(215,26): error TS2339: Property 'frequency' does not exist on type '{ pattern: string; count: number; }'.
src/components/quality/QualityMetricsDashboard.tsx(216,26): error TS2339: Property 'priority' does not exist on type '{ pattern: string; count: number; }'.
src/components/quality/QualityMetricsDashboard.tsx(217,26): error TS2339: Property 'priority' does not exist on type '{ pattern: string; count: number; }'.
src/components/quality/QualityMetricsDashboard.tsx(218,26): error TS2339: Property 'priority' does not exist on type '{ pattern: string; count: number; }'.
src/components/quality/QualityMetricsDashboard.tsx(261,32): error TS2571: Object is of type 'unknown'.
src/components/quality/QualityMetricsDashboard.tsx(261,86): error TS2345: Argument of type 'unknown' is not assignable to parameter of type 'number'.
src/components/quality/QualityMetricsDashboard.tsx(268,34): error TS2571: Object is of type 'unknown'.
src/components/quality/QualityMetricsDashboard.tsx(268,88): error TS2345: Argument of type 'unknown' is not assignable to parameter of type 'number'.
src/components/quality/QualityMetricsDashboard.tsx(270,34): error TS2571: Object is of type 'unknown'.
src/components/quality/QualityMetricsDashboard.tsx(270,35): error TS2352: Conversion of type 'QualityChart' to type 'Record<string, unknown>' may be a mistake because neither type sufficiently overlaps with the other. If this was intentional, convert the expression to 'unknown' first.
  Index signature for type 'string' is missing in type 'QualityChart'.
src/components/quality/QualityMetricsDashboard.tsx(270,103): error TS2571: Object is of type 'unknown'.
src/components/quality/QualityMetricsDashboard.tsx(270,104): error TS2352: Conversion of type 'QualityChart' to type 'Record<string, unknown>' may be a mistake because neither type sufficiently overlaps with the other. If this was intentional, convert the expression to 'unknown' first.
src/components/quality/QualityMetricsDashboard.tsx(288,40): error TS2571: Object is of type 'unknown'.
src/components/quality/QualityMetricsDashboard.tsx(288,86): error TS2345: Argument of type 'unknown' is not assignable to parameter of type 'number'.
src/components/quality/QualityMetricsDashboard.tsx(306,32): error TS2322: Type 'unknown' is not assignable to type 'BackgroundColor | undefined'.
src/components/quality/QualityMetricsDashboard.tsx(359,35): error TS2339: Property 'errorCount' does not exist on type '{ file: string; time: number; impact: string; }'.
src/components/quality/QualityMetricsDashboard.tsx(362,35): error TS2339: Property 'complexity' does not exist on type '{ file: string; time: number; impact: string; }'.
src/components/quality/QualityMetricsDashboard.tsx(365,35): error TS2339: Property 'dependencies' does not exist on type '{ file: string; time: number; impact: string; }'.
src/components/RecipeRecommendations.tsx(156,32): error TS2554: Expected 1 arguments, but got 0.
src/components/RecipeRecommendations.tsx(270,35): error TS2554: Expected 1 arguments, but got 0.
src/components/recommendations/CuisineRecommender.tsx(387,9): error TS2345: Argument of type 'Record<string, unknown>' is not assignable to parameter of type '{ name: string; type: string; region: string; characteristics: string[]; }'.
  Type 'Record<string, unknown>' is missing the following properties from type '{ name: string; type: string; region: string; characteristics: string[]; }': name, type, region, characteristics
src/components/ui/UIEnhancementSystem.tsx(235,22): error TS2304: Cannot find name 'calculateTooltipPosition'.
src/constants/alchemicalPillars.ts(1281,64): error TS2339: Property 'monicaConstant' does not exist on type '{ planetary?: Record<string, number> | undefined; planetary_alignment?: number | undefined; }'.
src/constants/alchemicalPillars.ts(1283,48): error TS2339: Property 'monicaConstant' does not exist on type '{ planetary?: Record<string, number> | undefined; planetary_alignment?: number | undefined; }'.
src/constants/alchemicalPillars.ts(1298,50): error TS2339: Property 'monicaConstant' does not exist on type '{ lunar?: Record<string, number> | undefined; lunar_phase_bonus?: number | undefined; }'.
src/constants/chakraSymbols.ts(175,74): error TS2339: Property 'pronunciationAccuracy' does not exist on type '{}'.
src/constants/chakraSymbols.ts(180,9): error TS2532: Object is possibly 'undefined'.
src/constants/chakraSymbols.ts(265,9): error TS2532: Object is possibly 'undefined'.
src/constants/chakraSymbols.ts(334,9): error TS2532: Object is possibly 'undefined'.
src/constants/chakraSymbols.ts(338,9): error TS2532: Object is possibly 'undefined'.
src/constants/chakraSymbols.ts(342,9): error TS2532: Object is possibly 'undefined'.
src/constants/chakraSymbols.ts(412,9): error TS2532: Object is possibly 'undefined'.
src/constants/chakraSymbols.ts(416,9): error TS2532: Object is possibly 'undefined'.
src/constants/chakraSymbols.ts(420,9): error TS2532: Object is possibly 'undefined'.
src/constants/chakraSymbols.ts(495,9): error TS2532: Object is possibly 'undefined'.
src/constants/chakraSymbols.ts(499,9): error TS2532: Object is possibly 'undefined'.
src/constants/chakraSymbols.ts(503,9): error TS2532: Object is possibly 'undefined'.
src/constants/planetaryFoodAssociations.ts(314,25): error TS2552: Cannot find name 'calculateSeasonalAlignment'. Did you mean '_calculateSeasonalAlignment'?
src/constants/planetaryFoodAssociations.ts(396,34): error TS2339: Property 'elementalProperties' does not exist on type '{ name?: string | undefined; planetaryRulers?: string[] | undefined; elementalCharacter?: string | undefined; }'.
src/constants/systemDefaults.ts(791,9): error TS2322: Type 'Record<string, unknown>' is not assignable to type 'T[Extract<keyof T, string>]'.
  'Record<string, unknown>' is assignable to the constraint of type 'T[Extract<keyof T, string>]', but 'T[Extract<keyof T, string>]' could be instantiated with a different subtype of constraint 'unknown'.
src/constants/systemDefaults.ts(791,85): error TS2345: Argument of type 'T[Extract<keyof T, string>]' is not assignable to parameter of type 'Record<string, unknown>'.
  Type 'T[string]' is not assignable to type 'Record<string, unknown>'.
src/context/CurrentChartContext.tsx(109,23): error TS2304: Cannot find name 'getElementFromSign'.
src/context/CurrentChartContext.tsx(212,35): error TS2339: Property 'isRetrograde' does not exist on type '{ sign?: string | undefined; degree?: number | undefined; }'.
src/context/CurrentChartContext.tsx(213,37): error TS2339: Property 'exactLongitude' does not exist on type '{ sign?: string | undefined; degree?: number | undefined; }'.
src/context/CurrentChartContext.tsx(264,37): error TS2339: Property 'isRetrograde' does not exist on type '{ sign?: string | undefined; degree?: number | undefined; }'.
src/context/CurrentChartContext.tsx(265,39): error TS2339: Property 'exactLongitude' does not exist on type '{ sign?: string | undefined; degree?: number | undefined; }'.
src/contexts/AlchemicalContext/provider.tsx(244,20): error TS2304: Cannot find name 'getTimeOfDay'.
src/contexts/ChartContext/provider.tsx(91,23): error TS2304: Cannot find name 'getElementFromSign'.
src/data/unified/cuisines.ts(101,21): error TS2352: Conversion of type 'RecipeIngredient' to type 'Record<string, unknown>' may be a mistake because neither type sufficiently overlaps with the other. If this was intentional, convert the expression to 'unknown' first.
  Index signature for type 'string' is missing in type 'RecipeIngredient'.
src/data/unified/cuisines.ts(102,91): error TS2352: Conversion of type 'RecipeIngredient' to type 'Record<string, unknown>' may be a mistake because neither type sufficiently overlaps with the other. If this was intentional, convert the expression to 'unknown' first.
src/data/unified/cuisines.ts(127,26): error TS2571: Object is of type 'unknown'.
src/data/unified/cuisines.ts(133,7): error TS2322: Type 'Record<string, unknown>' is not assignable to type 'Ingredient | UnifiedIngredient'.
  Type 'Record<string, unknown>' is missing the following properties from type 'UnifiedIngredient': unifiedId, mappings, validationStatus, sources, and 4 more.
src/data/unified/cuisines.ts(134,7): error TS2322: Type 'Record<string, unknown>' is not assignable to type 'Record<string, number>'.
  'string' index signatures are incompatible.
    Type 'unknown' is not assignable to type 'number'.
src/data/unified/cuisines.ts(411,68): error TS2345: Argument of type 'string' is not assignable to parameter of type 'Record<string, unknown>'.
  Type 'string' is not assignable to type 'Record<string, unknown>'.
src/data/unified/cuisines.ts(416,7): error TS2352: Conversion of type 'number' to type 'string[]' may be a mistake because neither type sufficiently overlaps with the other. If this was intentional, convert the expression to 'unknown' first.
src/data/unified/cuisines.ts(427,29): error TS2352: Conversion of type '{ alchemicalProperties: { totalKalchm: number; averageRecipeKalchm: number; ingredientKalchmProfile: Ingredient | UnifiedIngredient; cookingMethodInfluence: Record<...>; alchemicalClassification: string; }; cuisineOptimization: Record<...>; enhancementMetadata: { ...; }; }' to type 'EnhancedCuisine' may be a mistake because neither type sufficiently overlaps with the other. If this was intentional, convert the expression to 'unknown' first.
  Type '{ alchemicalProperties: { totalKalchm: number; averageRecipeKalchm: number; ingredientKalchmProfile: Ingredient | UnifiedIngredient; cookingMethodInfluence: Record<...>; alchemicalClassification: string; }; cuisineOptimization: Record<...>; enhancementMetadata: { ...; }; }' is missing the following properties from type 'EnhancedCuisine': id, name, description
src/data/unified/cuisines.ts(602,5): error TS2322: Type '(EnhancedCuisine | { cuisineOptimization: { kalchmCompatibleCuisines: { cuisine: string; compatibility: number; kalchmSimilarity: number; }[]; optimalSeasons?: string[] | undefined; planetaryAffinities?: string[] | undefined; elementalCookingMethods?: string[] | undefined; }; ... 7 more ...; enhancementMetadata?: { ...' is not assignable to type 'EnhancedCuisine[]'.
  Type 'EnhancedCuisine | { cuisineOptimization: { kalchmCompatibleCuisines: { cuisine: string; compatibility: number; kalchmSimilarity: number; }[]; optimalSeasons?: string[] | undefined; planetaryAffinities?: string[] | undefined; elementalCookingMethods?: string[] | undefined; }; ... 7 more ...; enhancementMetadata?: { ....' is not assignable to type 'EnhancedCuisine'.
    Type '{ cuisineOptimization: { kalchmCompatibleCuisines: { cuisine: string; compatibility: number; kalchmSimilarity: number; }[]; optimalSeasons?: string[] | undefined; planetaryAffinities?: string[] | undefined; elementalCookingMethods?: string[] | undefined; }; ... 7 more ...; enhancementMetadata?: { ...; } | undefined; }' is not assignable to type 'EnhancedCuisine'.
      The types of 'cuisineOptimization.optimalSeasons' are incompatible between these types.
        Type 'string[] | undefined' is not assignable to type 'string[]'.
          Type 'undefined' is not assignable to type 'string[]'.
src/data/unified/recipeBuilding.ts(602,7): error TS2559: Type '{ currentPlanetaryHour: Planet; planetaryCompatibility: number; lunarPhaseAlignment: number; zodiacHarmony: number; astrologicalScore: number; }' has no properties in common with type '{ astrologicalAlignment?: number | undefined; elementalBalance?: number | undefined; seasonalCoherence?: number | undefined; }'.
src/data/unified/recipeBuilding.ts(1395,80): error TS2532: Object is possibly 'undefined'.
src/data/unified/recipeBuilding.ts(1397,9): error TS2532: Object is possibly 'undefined'.
src/data/unified/recipeBuilding.ts(1398,9): error TS2532: Object is possibly 'undefined'.
src/data/unified/recipeBuilding.ts(1689,35): error TS2339: Property 'astrologicalScore' does not exist on type '{ astrologicalAlignment?: number | undefined; elementalBalance?: number | undefined; seasonalCoherence?: number | undefined; }'.
src/hooks/__tests__/useEnterpriseIntelligence.test.ts(79,9): error TS2345: Argument of type '{ id: string; ingredients: { name: string; category: string; elementalProperties: { Fire: number; Water: number; Earth: number; Air: number; }; }[]; }' is not assignable to parameter of type 'EnterpriseIngredientData'.
  Property 'name' is missing in type '{ id: string; ingredients: { name: string; category: string; elementalProperties: { Fire: number; Water: number; Earth: number; Air: number; }; }[]; }' but required in type 'EnterpriseIngredientData'.
src/hooks/__tests__/useEnterpriseIntelligence.test.ts(97,9): error TS2345: Argument of type '{ id: string; ingredients: { name: string; category: string; elementalProperties: { Fire: number; Water: number; Earth: number; Air: number; }; }[]; }' is not assignable to parameter of type 'EnterpriseIngredientData'.
src/hooks/__tests__/useEnterpriseIntelligence.test.ts(116,9): error TS2345: Argument of type '{ id: string; ingredients: { name: string; category: string; elementalProperties: { Fire: number; Water: number; Earth: number; Air: number; }; }[]; }' is not assignable to parameter of type 'EnterpriseIngredientData'.
src/hooks/__tests__/useEnterpriseIntelligence.test.ts(164,9): error TS2345: Argument of type '{ id: string; ingredients: { name: string; category: string; elementalProperties: { Fire: number; Water: number; Earth: number; Air: number; }; }[]; }' is not assignable to parameter of type 'EnterpriseIngredientData'.
src/hooks/__tests__/useEnterpriseIntelligence.test.ts(187,9): error TS2345: Argument of type 'null' is not assignable to parameter of type 'EnterpriseRecipeData'.
src/hooks/useEnterpriseIntelligence.ts(217,9): error TS2345: Argument of type 'EnterpriseRecipeData' is not assignable to parameter of type 'Recipe'.
  Type 'EnterpriseRecipeData' is missing the following properties from type 'Recipe': cookingMethod, servings
src/hooks/useEnterpriseIntelligence.ts(241,59): error TS2322: Type '{ zodiacSign: ZodiacSign; lunarPhase: LunarPhase; elementalProperties: ElementalProperties; planetaryPositions?: Record<string, unknown> | undefined; }' is not assignable to type 'EnterpriseAstrologicalContext'.
  Types of property 'planetaryPositions' are incompatible.
    Type 'Record<string, unknown> | undefined' is not assignable to type 'Record<string, { longitude: number; latitude?: number | undefined; retrograde?: boolean | undefined; house?: number | undefined; }> | undefined'.
      Type 'Record<string, unknown>' is not assignable to type 'Record<string, { longitude: number; latitude?: number | undefined; retrograde?: boolean | undefined; house?: number | undefined; }>'.
        'string' index signatures are incompatible.
          Type 'unknown' is not assignable to type '{ longitude: number; latitude?: number | undefined; retrograde?: boolean | undefined; house?: number | undefined; }'.
src/hooks/useEnterpriseIntelligence.ts(309,7): error TS2345: Argument of type 'EnterpriseAstrologicalContext' is not assignable to parameter of type '{ zodiacSign: ZodiacSign; lunarPhase: LunarPhase; elementalProperties: ElementalProperties; planetaryPositions?: Record<string, unknown> | undefined; }'.
  Property 'elementalProperties' is missing in type 'EnterpriseAstrologicalContext' but required in type '{ zodiacSign: ZodiacSign; lunarPhase: LunarPhase; elementalProperties: ElementalProperties; planetaryPositions?: Record<string, unknown> | undefined; }'.
src/hooks/useEnterpriseIntelligence.ts(359,5): error TS2322: Type '{ overall: string; score: number; issues: string[]; warnings: string[]; }' is not assignable to type '{ overall: "excellent" | "good" | "fair" | "poor"; score: number; issues: string[]; warnings: string[]; }'.
  Types of property 'overall' are incompatible.
    Type 'string' is not assignable to type '"excellent" | "good" | "fair" | "poor"'.
src/hooks/useStatePreservation.ts(68,5): error TS2322: Type '{} | null' is not assignable to type 'T | null'.
  Type '{}' is not assignable to type 'T'.
    'T' could be instantiated with an arbitrary type which could be unrelated to '{}'.
src/lib/cuisineCalculations.ts(80,23): error TS2339: Property 'influences' does not exist on type '{}'.
src/lib/cuisineCalculations.ts(81,22): error TS2339: Property 'influences' does not exist on type '{}'.
src/lib/cuisineCalculations.ts(82,23): error TS2339: Property 'influences' does not exist on type '{}'.
src/lib/cuisineCalculations.ts(83,29): error TS2339: Property 'influences' does not exist on type '{}'.
src/lib/cuisineCalculations.ts(87,23): error TS2339: Property 'rulingPlanets' does not exist on type '{}'.
src/lib/cuisineCalculations.ts(88,22): error TS2339: Property 'rulingPlanets' does not exist on type '{}'.
src/lib/cuisineCalculations.ts(89,29): error TS2339: Property 'rulingPlanets' does not exist on type '{}'.
src/lib/ThermodynamicCalculator.ts(100,33): error TS2362: The left-hand side of an arithmetic operation must be of type 'any', 'number', 'bigint' or an enum type.
src/lib/ThermodynamicCalculator.ts(148,46): error TS2362: The left-hand side of an arithmetic operation must be of type 'any', 'number', 'bigint' or an enum type.
src/lib/ThermodynamicCalculator.ts(155,36): error TS2362: The left-hand side of an arithmetic operation must be of type 'any', 'number', 'bigint' or an enum type.
src/lib/ThermodynamicCalculator.ts(161,36): error TS2362: The left-hand side of an arithmetic operation must be of type 'any', 'number', 'bigint' or an enum type.
src/scripts/linting-campaign-cli.ts(283,40): error TS2551: Property 'trend' does not exist on type '{ trends: Record<string, unknown>; overallTrend: "improving" | "stable" | "degrading"; recommendations: string[]; alertLevel: "medium" | "low" | "high" | "none"; }'. Did you mean 'trends'?
src/scripts/linting-campaign-cli.ts(324,39): error TS2339: Property 'metrics' does not exist on type '{ timestamp: string; deployment: { approved: boolean; confidence: number; qualityScore: number; }; gates: QualityGateResult; issues?: string[] | undefined; risks?: unknown; trends?: unknown; recommendations?: string[] | undefined; }'.
src/scripts/linting-campaign-cli.ts(325,33): error TS2339: Property 'metrics' does not exist on type '{ timestamp: string; deployment: { approved: boolean; confidence: number; qualityScore: number; }; gates: QualityGateResult; issues?: string[] | undefined; risks?: unknown; trends?: unknown; recommendations?: string[] | undefined; }'.
src/scripts/linting-campaign-cli.ts(326,35): error TS2339: Property 'metrics' does not exist on type '{ timestamp: string; deployment: { approved: boolean; confidence: number; qualityScore: number; }; gates: QualityGateResult; issues?: string[] | undefined; risks?: unknown; trends?: unknown; recommendations?: string[] | undefined; }'.
src/scripts/linting-campaign-cli.ts(327,34): error TS2339: Property 'metrics' does not exist on type '{ timestamp: string; deployment: { approved: boolean; confidence: number; qualityScore: number; }; gates: QualityGateResult; issues?: string[] | undefined; risks?: unknown; trends?: unknown; recommendations?: string[] | undefined; }'.
src/scripts/linting-campaign-cli.ts(330,33): error TS2339: Property 'qualityGates' does not exist on type '{ timestamp: string; deployment: { approved: boolean; confidence: number; qualityScore: number; }; gates: QualityGateResult; issues?: string[] | undefined; risks?: unknown; trends?: unknown; recommendations?: string[] | undefined; }'.
src/scripts/linting-campaign-cli.ts(331,37): error TS2339: Property 'qualityGates' does not exist on type '{ timestamp: string; deployment: { approved: boolean; confidence: number; qualityScore: number; }; gates: QualityGateResult; issues?: string[] | undefined; risks?: unknown; trends?: unknown; recommendations?: string[] | undefined; }'.
src/scripts/linting-campaign-cli.ts(332,37): error TS2339: Property 'qualityGates' does not exist on type '{ timestamp: string; deployment: { approved: boolean; confidence: number; qualityScore: number; }; gates: QualityGateResult; issues?: string[] | undefined; risks?: unknown; trends?: unknown; recommendations?: string[] | undefined; }'.
src/scripts/linting-campaign-cli.ts(335,41): error TS2339: Property 'performance' does not exist on type '{ timestamp: string; deployment: { approved: boolean; confidence: number; qualityScore: number; }; gates: QualityGateResult; issues?: string[] | undefined; risks?: unknown; trends?: unknown; recommendations?: string[] | undefined; }'.
src/scripts/linting-campaign-cli.ts(336,39): error TS2339: Property 'performance' does not exist on type '{ timestamp: string; deployment: { approved: boolean; confidence: number; qualityScore: number; }; gates: QualityGateResult; issues?: string[] | undefined; risks?: unknown; trends?: unknown; recommendations?: string[] | undefined; }'.
src/scripts/linting-campaign-cli.ts(337,42): error TS2339: Property 'performance' does not exist on type '{ timestamp: string; deployment: { approved: boolean; confidence: number; qualityScore: number; }; gates: QualityGateResult; issues?: string[] | undefined; risks?: unknown; trends?: unknown; recommendations?: string[] | undefined; }'.
src/scripts/linting-campaign-cli.ts(339,14): error TS2339: Property 'blockers' does not exist on type '{ timestamp: string; deployment: { approved: boolean; confidence: number; qualityScore: number; }; gates: QualityGateResult; issues?: string[] | undefined; risks?: unknown; trends?: unknown; recommendations?: string[] | undefined; }'.
src/scripts/linting-campaign-cli.ts(341,12): error TS2339: Property 'blockers' does not exist on type '{ timestamp: string; deployment: { approved: boolean; confidence: number; qualityScore: number; }; gates: QualityGateResult; issues?: string[] | undefined; risks?: unknown; trends?: unknown; recommendations?: string[] | undefined; }'.
src/scripts/linting-campaign-cli.ts(346,7): error TS18048: 'report.recommendations' is possibly 'undefined'.
src/scripts/linting-campaign-cli.ts(348,5): error TS18048: 'report.recommendations' is possibly 'undefined'.
src/scripts/runLintingTests.ts(319,47): error TS18048: 'result' is possibly 'undefined'.
src/scripts/runLintingTests.ts(323,22): error TS18048: 'result' is possibly 'undefined'.
src/scripts/runLintingTests.ts(324,34): error TS18048: 'result' is possibly 'undefined'.
src/scripts/runLintingTests.ts(325,12): error TS18048: 'result' is possibly 'undefined'.
src/scripts/runLintingTests.ts(325,29): error TS18048: 'result' is possibly 'undefined'.
src/scripts/runLintingTests.ts(326,9): error TS18048: 'result' is possibly 'undefined'.
src/scripts/runLintingTests.ts(442,23): error TS2345: Argument of type 'undefined' is not assignable to parameter of type 'PathLike'.
src/scripts/runLintingTests.ts(443,62): error TS2345: Argument of type 'undefined' is not assignable to parameter of type 'string'.
src/services/__tests__/EnterpriseIntelligenceIntegration.test.ts(100,9): error TS2345: Argument of type 'Recipe' is not assignable to parameter of type '{ name: string; type: string; region: string; characteristics: string[]; }'.
  Type 'Recipe' is missing the following properties from type '{ name: string; type: string; region: string; characteristics: string[]; }': type, region, characteristics
src/services/__tests__/EnterpriseIntelligenceIntegration.test.ts(109,21): error TS2339: Property 'optimizationRecommendations' does not exist on type 'EnterpriseIntelligenceResult'.
src/services/__tests__/EnterpriseIntelligenceIntegration.test.ts(110,21): error TS2339: Property 'overallScore' does not exist on type 'EnterpriseIntelligenceResult'.
src/services/__tests__/EnterpriseIntelligenceIntegration.test.ts(111,21): error TS2339: Property 'systemHealth' does not exist on type 'EnterpriseIntelligenceResult'.
src/services/__tests__/EnterpriseIntelligenceIntegration.test.ts(119,9): error TS2345: Argument of type 'Recipe' is not assignable to parameter of type '{ name: string; type: string; region: string; characteristics: string[]; }'.
src/services/__tests__/EnterpriseIntelligenceIntegration.test.ts(139,9): error TS2345: Argument of type 'Recipe' is not assignable to parameter of type '{ name: string; type: string; region: string; characteristics: string[]; }'.
src/services/__tests__/EnterpriseIntelligenceIntegration.test.ts(158,9): error TS2345: Argument of type 'Recipe' is not assignable to parameter of type '{ name: string; type: string; region: string; characteristics: string[]; }'.
src/services/__tests__/EnterpriseIntelligenceIntegration.test.ts(176,9): error TS2345: Argument of type 'Recipe' is not assignable to parameter of type '{ name: string; type: string; region: string; characteristics: string[]; }'.
src/services/__tests__/EnterpriseIntelligenceIntegration.test.ts(195,9): error TS2345: Argument of type 'Recipe' is not assignable to parameter of type '{ name: string; type: string; region: string; characteristics: string[]; }'.
src/services/__tests__/EnterpriseIntelligenceIntegration.test.ts(199,35): error TS2339: Property 'optimizationRecommendations' does not exist on type 'EnterpriseIntelligenceResult'.
src/services/adapters/LegacyIngredientAdapter.ts(118,74): error TS2345: Argument of type 'import("/Users/GregCastro/Desktop/WhatToEatNext/src/services/interfaces/IngredientServiceInterface").IngredientFilter' is not assignable to parameter of type 'IngredientFilter'.
  Types of property 'elemental' are incompatible.
    Type 'import("/Users/GregCastro/Desktop/WhatToEatNext/src/services/interfaces/IngredientServiceInterface").ElementalFilter | undefined' is not assignable to type 'ElementalFilter | undefined'.
      Type 'import("/Users/GregCastro/Desktop/WhatToEatNext/src/services/interfaces/IngredientServiceInterface").ElementalFilter' is not assignable to type 'ElementalFilter'.
        Types of property 'dominantElement' are incompatible.
          Type 'string | undefined' is not assignable to type 'Element | undefined'.
            Type 'string' is not assignable to type 'Element | undefined'.
src/services/adapters/LegacyIngredientAdapter.ts(132,80): error TS2345: Argument of type '{ element: Element; }' is not assignable to parameter of type 'ElementalFilter'.
  Types of property 'element' are incompatible.
    Type 'Element' is not assignable to type 'Element | undefined'.
src/services/adapters/LegacyIngredientAdapter.ts(137,57): error TS2559: Type '{ element: Element; }' has no properties in common with type 'ElementalFilter'.
src/services/AlertingSystem.ts(350,32): error TS2345: Argument of type 'TypeScriptError | LintingViolation | BuildFailure | QualityMetrics' is not assignable to parameter of type '{ [key: string]: unknown; errorCount?: number | undefined; errorRate?: number | undefined; }'.
  Type 'TypeScriptError' is not assignable to type '{ [key: string]: unknown; errorCount?: number | undefined; errorRate?: number | undefined; }'.
    Index signature for type 'string' is missing in type 'TypeScriptError'.
src/services/AlertingSystem.ts(354,34): error TS2345: Argument of type 'QualityInsight | TechnicalDebtItem | QualityReport' is not assignable to parameter of type '{ [key: string]: unknown; qualityScore?: number | undefined; testCoverage?: number | undefined; }'.
  Type 'QualityInsight' is not assignable to type '{ [key: string]: unknown; qualityScore?: number | undefined; testCoverage?: number | undefined; }'.
    Index signature for type 'string' is missing in type 'QualityInsight'.
src/services/AlertingSystem.ts(615,5): error TS2322: Type 'unknown' is not assignable to type '{ success: boolean; result?: unknown; error?: string | undefined; }'.
src/services/AlertingSystem.ts(623,35): error TS2345: Argument of type 'string | number | boolean | string[]' is not assignable to parameter of type 'string'.
  Type 'number' is not assignable to type 'string'.
src/services/AlertingSystem.ts(625,36): error TS2345: Argument of type 'string | number | boolean | string[]' is not assignable to parameter of type 'string'.
src/services/AlertingSystem.ts(643,29): error TS2322: Type '{ success: true; message: string; }' is not assignable to type '{ success: boolean; output?: string | undefined; error?: string | undefined; }'.
  Object literal may only specify known properties, and 'message' does not exist in type '{ success: boolean; output?: string | undefined; error?: string | undefined; }'.
src/services/AlertingSystem.ts(652,29): error TS2322: Type '{ success: true; message: string; }' is not assignable to type '{ success: boolean; stdout?: string | undefined; stderr?: string | undefined; error?: string | undefined; }'.
  Object literal may only specify known properties, and 'message' does not exist in type '{ success: boolean; stdout?: string | undefined; stderr?: string | undefined; error?: string | undefined; }'.
src/services/AlertingSystem.ts(661,29): error TS2322: Type '{ success: true; message: string; }' is not assignable to type '{ success: boolean; campaignId?: string | undefined; error?: string | undefined; }'.
  Object literal may only specify known properties, and 'message' does not exist in type '{ success: boolean; campaignId?: string | undefined; error?: string | undefined; }'.
src/services/AlertingSystem.ts(670,29): error TS2322: Type '{ success: true; message: string; }' is not assignable to type '{ success: boolean; response?: unknown; error?: string | undefined; }'.
  Object literal may only specify known properties, and 'message' does not exist in type '{ success: boolean; response?: unknown; error?: string | undefined; }'.
src/services/AlertingSystem.ts(677,29): error TS2322: Type '{ success: true; message: string; }' is not assignable to type '{ success: boolean; messageId?: string | undefined; error?: string | undefined; }'.
  Object literal may only specify known properties, but 'message' does not exist in type '{ success: boolean; messageId?: string | undefined; error?: string | undefined; }'. Did you mean to write 'messageId'?
src/services/astrologyApi.ts(97,26): error TS2339: Property 'getCurrentState' does not exist on type '{ getStateForDate?: ((date: Date) => Promise<unknown>) | undefined; }'.
src/services/astrologyApi.ts(127,26): error TS2339: Property 'getCurrentState' does not exist on type '{ getStateForDate?: ((date: Date) => Promise<unknown>) | undefined; }'.
src/services/BuildPerformanceMonitor.ts(52,50): error TS2304: Cannot find name 'PerformanceReport'.
src/services/BuildPerformanceMonitor.ts(303,54): error TS2345: Argument of type 'T' is not assignable to parameter of type '{ metrics?: { processingTime?: number | undefined; accuracy?: number | undefined; } | undefined; }'.
src/services/BuildPerformanceMonitor.ts(542,52): error TS2304: Cannot find name 'PerformanceReport'.
src/services/campaign/__tests__/CampaignController.test.ts(197,14): error TS2571: Object is of type 'unknown'.
src/services/campaign/__tests__/CampaignController.test.ts(197,15): error TS2352: Conversion of type 'unknown[]' to type 'Record<string, unknown>' may be a mistake because neither type sufficiently overlaps with the other. If this was intentional, convert the expression to 'unknown' first.
src/services/campaign/__tests__/CampaignController.test.ts(295,14): error TS2571: Object is of type 'unknown'.
src/services/campaign/__tests__/CampaignController.test.ts(295,15): error TS2352: Conversion of type 'unknown[]' to type 'Record<string, unknown>' may be a mistake because neither type sufficiently overlaps with the other. If this was intentional, convert the expression to 'unknown' first.
src/services/campaign/__tests__/CampaignController.test.ts(305,14): error TS2571: Object is of type 'unknown'.
src/services/campaign/__tests__/CampaignController.test.ts(305,15): error TS2352: Conversion of type 'unknown[]' to type 'Record<string, unknown>' may be a mistake because neither type sufficiently overlaps with the other. If this was intentional, convert the expression to 'unknown' first.
src/services/campaign/__tests__/CampaignController.test.ts(425,14): error TS2571: Object is of type 'unknown'.
src/services/campaign/__tests__/CampaignController.test.ts(425,15): error TS2352: Conversion of type 'unknown[]' to type 'Record<string, unknown>' may be a mistake because neither type sufficiently overlaps with the other. If this was intentional, convert the expression to 'unknown' first.
src/services/campaign/__tests__/CampaignController.test.ts(425,50): error TS2571: Object is of type 'unknown'.
src/services/campaign/__tests__/CampaignController.test.ts(425,51): error TS2352: Conversion of type 'unknown[]' to type 'Record<string, unknown>' may be a mistake because neither type sufficiently overlaps with the other. If this was intentional, convert the expression to 'unknown' first.
src/services/campaign/__tests__/SafetyProtocol.test.ts(94,14): error TS18048: 'stash' is possibly 'undefined'.
src/services/campaign/__tests__/SafetyProtocol.test.ts(95,14): error TS18048: 'stash' is possibly 'undefined'.
src/services/campaign/__tests__/SafetyProtocol.test.ts(103,14): error TS2571: Object is of type 'unknown'.
src/services/campaign/__tests__/SafetyProtocol.test.ts(103,15): error TS2352: Conversion of type 'unknown[]' to type 'Record<string, unknown>' may be a mistake because neither type sufficiently overlaps with the other. If this was intentional, convert the expression to 'unknown' first.
src/services/campaign/__tests__/SafetyProtocol.test.ts(104,14): error TS2571: Object is of type 'unknown'.
src/services/campaign/__tests__/SafetyProtocol.test.ts(104,15): error TS2352: Conversion of type 'unknown[]' to type 'Record<string, unknown>' may be a mistake because neither type sufficiently overlaps with the other. If this was intentional, convert the expression to 'unknown' first.
src/services/campaign/__tests__/SafetyProtocol.test.ts(111,9): error TS2345: Argument of type '{ success: false; errors: string[]; warnings: never[]; }' is not assignable to parameter of type '{ success: boolean; } | Promise<{ success: boolean; }>'.
  Object literal may only specify known properties, and 'errors' does not exist in type '{ success: boolean; } | Promise<{ success: boolean; }>'.
src/services/campaign/__tests__/SafetyProtocol.test.ts(152,9): error TS2345: Argument of type '{ success: true; errors: never[]; warnings: never[]; }' is not assignable to parameter of type '{ success: boolean; } | Promise<{ success: boolean; }>'.
  Object literal may only specify known properties, and 'errors' does not exist in type '{ success: boolean; } | Promise<{ success: boolean; }>'.
src/services/campaign/__tests__/SafetyProtocol.test.ts(171,14): error TS2571: Object is of type 'unknown'.
src/services/campaign/__tests__/SafetyProtocol.test.ts(171,15): error TS2352: Conversion of type 'unknown[]' to type 'Record<string, unknown>' may be a mistake because neither type sufficiently overlaps with the other. If this was intentional, convert the expression to 'unknown' first.
src/services/campaign/__tests__/SafetyProtocol.test.ts(172,14): error TS2571: Object is of type 'unknown'.
src/services/campaign/__tests__/SafetyProtocol.test.ts(172,15): error TS2352: Conversion of type 'unknown[]' to type 'Record<string, unknown>' may be a mistake because neither type sufficiently overlaps with the other. If this was intentional, convert the expression to 'unknown' first.
src/services/campaign/__tests__/SafetyProtocol.test.ts(330,14): error TS2571: Object is of type 'unknown'.
src/services/campaign/__tests__/SafetyProtocol.test.ts(330,15): error TS2352: Conversion of type 'unknown[]' to type 'Record<string, unknown>' may be a mistake because neither type sufficiently overlaps with the other. If this was intentional, convert the expression to 'unknown' first.
src/services/campaign/__tests__/SafetyProtocol.test.ts(466,14): error TS2571: Object is of type 'unknown'.
src/services/campaign/__tests__/SafetyProtocol.test.ts(466,15): error TS2352: Conversion of type 'unknown[]' to type 'Record<string, unknown>' may be a mistake because neither type sufficiently overlaps with the other. If this was intentional, convert the expression to 'unknown' first.
src/services/campaign/__tests__/SafetyProtocol.test.ts(467,14): error TS2571: Object is of type 'unknown'.
src/services/campaign/__tests__/SafetyProtocol.test.ts(467,15): error TS2352: Conversion of type 'unknown[]' to type 'Record<string, unknown>' may be a mistake because neither type sufficiently overlaps with the other. If this was intentional, convert the expression to 'unknown' first.
src/services/campaign/__tests__/SafetyProtocol.test.ts(486,31): error TS18046: 'e' is of type 'unknown'.
src/services/campaign/__tests__/SafetyProtocol.test.ts(486,80): error TS18046: 'e' is of type 'unknown'.
src/services/campaign/__tests__/SafetyProtocol.test.ts(602,31): error TS18046: 'e' is of type 'unknown'.
src/services/campaign/__tests__/SafetyProtocol.test.ts(769,14): error TS2571: Object is of type 'unknown'.
src/services/campaign/__tests__/SafetyProtocol.test.ts(769,15): error TS2352: Conversion of type 'unknown[]' to type 'Record<string, unknown>' may be a mistake because neither type sufficiently overlaps with the other. If this was intentional, convert the expression to 'unknown' first.
src/services/campaign/__tests__/SafetyProtocol.test.ts(769,50): error TS2571: Object is of type 'unknown'.
src/services/campaign/__tests__/SafetyProtocol.test.ts(769,51): error TS2352: Conversion of type 'unknown[]' to type 'Record<string, unknown>' may be a mistake because neither type sufficiently overlaps with the other. If this was intentional, convert the expression to 'unknown' first.
src/services/campaign/BundleSizeOptimizer.test.ts(44,42): error TS2345: Argument of type 'string[]' is not assignable to parameter of type 'Dirent[]'.
  Type 'string' is not assignable to type 'Dirent'.
src/services/campaign/BundleSizeOptimizer.test.ts(147,42): error TS2345: Argument of type 'string[]' is not assignable to parameter of type 'Dirent[]'.
src/services/campaign/ConsoleStatementRemovalSystem.test.ts(63,14): error TS2571: Object is of type 'unknown'.
src/services/campaign/ConsoleStatementRemovalSystem.test.ts(63,15): error TS2352: Conversion of type 'unknown[]' to type 'Record<string, unknown>' may be a mistake because neither type sufficiently overlaps with the other. If this was intentional, convert the expression to 'unknown' first.
  Index signature for type 'string' is missing in type 'unknown[]'.
src/services/campaign/ConsoleStatementRemovalSystem.test.ts(64,14): error TS2571: Object is of type 'unknown'.
src/services/campaign/ConsoleStatementRemovalSystem.test.ts(64,15): error TS2352: Conversion of type 'unknown[]' to type 'Record<string, unknown>' may be a mistake because neither type sufficiently overlaps with the other. If this was intentional, convert the expression to 'unknown' first.
src/services/campaign/ConsoleStatementRemovalSystem.test.ts(65,14): error TS2571: Object is of type 'unknown'.
src/services/campaign/ConsoleStatementRemovalSystem.test.ts(65,15): error TS2352: Conversion of type 'unknown[]' to type 'Record<string, unknown>' may be a mistake because neither type sufficiently overlaps with the other. If this was intentional, convert the expression to 'unknown' first.
src/services/campaign/ConsoleStatementRemovalSystem.test.ts(66,14): error TS2571: Object is of type 'unknown'.
src/services/campaign/ConsoleStatementRemovalSystem.test.ts(66,15): error TS2352: Conversion of type 'unknown[]' to type 'Record<string, unknown>' may be a mistake because neither type sufficiently overlaps with the other. If this was intentional, convert the expression to 'unknown' first.
src/services/campaign/ConsoleStatementRemovalSystem.test.ts(67,14): error TS2571: Object is of type 'unknown'.
src/services/campaign/ConsoleStatementRemovalSystem.test.ts(67,15): error TS2352: Conversion of type 'unknown[]' to type 'Record<string, unknown>' may be a mistake because neither type sufficiently overlaps with the other. If this was intentional, convert the expression to 'unknown' first.
src/services/campaign/ConsoleStatementRemovalSystem.test.ts(80,14): error TS2571: Object is of type 'unknown'.
src/services/campaign/ConsoleStatementRemovalSystem.test.ts(80,15): error TS2352: Conversion of type 'unknown[]' to type 'Record<string, unknown>' may be a mistake because neither type sufficiently overlaps with the other. If this was intentional, convert the expression to 'unknown' first.
src/services/campaign/ConsoleStatementRemovalSystem.test.ts(81,14): error TS2571: Object is of type 'unknown'.
src/services/campaign/ConsoleStatementRemovalSystem.test.ts(81,15): error TS2352: Conversion of type 'unknown[]' to type 'Record<string, unknown>' may be a mistake because neither type sufficiently overlaps with the other. If this was intentional, convert the expression to 'unknown' first.
src/services/campaign/ConsoleStatementRemovalSystem.test.ts(90,9): error TS2554: Expected 2 arguments, but got 4.
src/services/campaign/ConsoleStatementRemovalSystem.test.ts(131,9): error TS2554: Expected 2 arguments, but got 4.
src/services/campaign/ConsoleStatementRemovalSystem.test.ts(142,9): error TS2554: Expected 2 arguments, but got 4.
src/services/campaign/DependencySecurityMonitor.ts(271,13): error TS2322: Type 'string | undefined' is not assignable to type '"moderate" | "critical" | "high" | "low"'.
  Type 'undefined' is not assignable to type '"moderate" | "critical" | "high" | "low"'.
src/services/campaign/DependencySecurityMonitor.ts(272,33): error TS2339: Property 'source' does not exist on type '{ range?: string | undefined; severity?: string | undefined; title?: string | undefined; }'.
src/services/campaign/DependencySecurityMonitor.ts(274,46): error TS2339: Property 'version' does not exist on type '{}'.
src/services/campaign/DependencySecurityMonitor.ts(279,19): error TS2538: Type 'undefined' cannot be used as an index type.
src/services/campaign/DependencySecurityMonitor.ts(327,53): error TS2345: Argument of type 'string | undefined' is not assignable to parameter of type 'string'.
  Type 'undefined' is not assignable to type 'string'.
src/services/campaign/DependencySecurityMonitor.ts(332,11): error TS2322: Type 'string | undefined' is not assignable to type 'string'.
  Type 'undefined' is not assignable to type 'string'.
src/services/campaign/DependencySecurityMonitor.ts(333,11): error TS2322: Type 'string | undefined' is not assignable to type 'string'.
  Type 'undefined' is not assignable to type 'string'.
src/services/campaign/EnhancedErrorFixerIntegration.test.ts(88,14): error TS2571: Object is of type 'unknown'.
src/services/campaign/EnhancedErrorFixerIntegration.test.ts(89,14): error TS2571: Object is of type 'unknown'.
src/services/campaign/EnterpriseIntelligenceGenerator.test.ts(131,68): error TS2322: Type '{ transformationCandidates: { export: { exportName: unknown; filePath: string; exportType: "function" | "type" | "class" | "interface" | "const" | "variable"; lineNumber: number; isDefault: boolean; complexity: number; usageCount: number; }; intelligenceSystemName: string; transformationComplexity: TransformationCom...' is not assignable to type 'FileAnalysis'.
  Types of property 'transformationCandidates' are incompatible.
    Type '{ export: { exportName: unknown; filePath: string; exportType: "function" | "type" | "class" | "interface" | "const" | "variable"; lineNumber: number; isDefault: boolean; complexity: number; usageCount: number; }; intelligenceSystemName: string; transformationComplexity: TransformationComplexity; safetyScore: number...' is not assignable to type 'TransformationCandidate[]'.
      Type '{ export: { exportName: unknown; filePath: string; exportType: "function" | "type" | "class" | "interface" | "const" | "variable"; lineNumber: number; isDefault: boolean; complexity: number; usageCount: number; }; intelligenceSystemName: string; transformationComplexity: TransformationComplexity; safetyScore: number...' is not assignable to type 'TransformationCandidate'.
        The types of 'export.exportName' are incompatible between these types.
          Type 'unknown' is not assignable to type 'string'.
src/services/campaign/EnterpriseIntelligenceGenerator.test.ts(243,14): error TS2571: Object is of type 'unknown'.
src/services/campaign/EnterpriseIntelligenceGenerator.test.ts(267,14): error TS2571: Object is of type 'unknown'.
src/services/campaign/EnterpriseIntelligenceGenerator.test.ts(290,14): error TS2571: Object is of type 'unknown'.
src/services/campaign/EnterpriseIntelligenceGenerator.test.ts(315,14): error TS2571: Object is of type 'unknown'.
src/services/campaign/EnterpriseIntelligenceGenerator.test.ts(316,14): error TS2571: Object is of type 'unknown'.
src/services/campaign/EnterpriseIntelligenceGenerator.test.ts(338,14): error TS2571: Object is of type 'unknown'.
src/services/campaign/EnterpriseIntelligenceGenerator.test.ts(431,197): error TS2345: Argument of type '{ name: string; description: string; implementation: string; complexity: CapabilityComplexity; }[]' is not assignable to parameter of type 'Record<string, unknown>'.
  Index signature for type 'string' is missing in type '{ name: string; description: string; implementation: string; complexity: CapabilityComplexity; }[]'.
src/services/campaign/EnterpriseIntelligenceGenerator.test.ts(464,222): error TS2345: Argument of type '{ name: string; description: string; implementation: string; complexity: CapabilityComplexity; }[]' is not assignable to parameter of type 'Record<string, unknown>'.
  Index signature for type 'string' is missing in type '{ name: string; description: string; implementation: string; complexity: CapabilityComplexity; }[]'.
src/services/campaign/EnterpriseIntelligenceGenerator.test.ts(494,222): error TS2345: Argument of type '{ name: string; description: string; implementation: string; complexity: CapabilityComplexity; }[]' is not assignable to parameter of type 'Record<string, unknown>'.
  Index signature for type 'string' is missing in type '{ name: string; description: string; implementation: string; complexity: CapabilityComplexity; }[]'.
src/services/campaign/FinalValidationSystem.test.ts(94,14): error TS2571: Object is of type 'unknown'.
src/services/campaign/FinalValidationSystem.test.ts(130,14): error TS2571: Object is of type 'unknown'.
src/services/campaign/FinalValidationSystem.test.ts(146,14): error TS2571: Object is of type 'unknown'.
src/services/campaign/FinalValidationSystem.test.ts(199,14): error TS2571: Object is of type 'unknown'.
src/services/campaign/FinalValidationSystem.test.ts(236,14): error TS2571: Object is of type 'unknown'.
src/services/campaign/FinalValidationSystem.test.ts(253,14): error TS2571: Object is of type 'unknown'.
src/services/campaign/FinalValidationSystem.test.ts(277,14): error TS2571: Object is of type 'unknown'.
src/services/campaign/FinalValidationSystem.test.ts(278,14): error TS2571: Object is of type 'unknown'.
src/services/campaign/FinalValidationSystem.test.ts(279,14): error TS2571: Object is of type 'unknown'.
src/services/campaign/FinalValidationSystem.test.ts(280,14): error TS2571: Object is of type 'unknown'.
src/services/campaign/FinalValidationSystem.test.ts(281,14): error TS2571: Object is of type 'unknown'.
src/services/campaign/FinalValidationSystem.test.ts(282,14): error TS2571: Object is of type 'unknown'.
src/services/campaign/FinalValidationSystem.test.ts(298,14): error TS2571: Object is of type 'unknown'.
src/services/campaign/FinalValidationSystem.test.ts(299,14): error TS2571: Object is of type 'unknown'.
src/services/campaign/FinalValidationSystem.test.ts(322,9): error TS2345: Argument of type '{ category: string; passed: boolean; current: number; target: number; details: never[]; criticalIssues: never[]; }[]' is not assignable to parameter of type 'Record<string, unknown>'.
  Index signature for type 'string' is missing in type '{ category: string; passed: boolean; current: number; target: number; details: never[]; criticalIssues: never[]; }[]'.
src/services/campaign/FinalValidationSystem.test.ts(351,9): error TS2345: Argument of type '{ category: string; passed: boolean; current: number; target: number; details: never[]; criticalIssues: never[]; }[]' is not assignable to parameter of type 'Record<string, unknown>'.
  Index signature for type 'string' is missing in type '{ category: string; passed: boolean; current: number; target: number; details: never[]; criticalIssues: never[]; }[]'.
src/services/campaign/ProgressReportingSystem.test.ts(73,15): error TS2739: Type 'Record<string, unknown>' is missing the following properties from type 'ProgressMetrics': typeScriptErrors, lintingWarnings, buildPerformance, enterpriseSystems
src/services/campaign/ProgressReportingSystem.test.ts(85,15): error TS2322: Type 'Record<string, unknown>' is not assignable to type 'ProgressMetrics'.
src/services/campaign/ProgressReportingSystem.test.ts(97,15): error TS2322: Type 'Record<string, unknown>' is not assignable to type 'ProgressMetrics'.
src/services/campaign/ProgressReportingSystem.test.ts(109,15): error TS2322: Type 'Record<string, unknown>' is not assignable to type 'ProgressMetrics'.
src/services/campaign/ProgressReportingSystem.test.ts(158,15): error TS2322: Type 'Record<string, unknown>' is not assignable to type 'ProgressMetrics'.
src/services/campaign/ProgressReportingSystem.test.ts(231,13): error TS2322: Type 'Record<string, unknown>' is not assignable to type 'ProgressMetrics'.
src/services/campaign/run-dependency-security.ts(121,23): error TS2345: Argument of type 'DependencySecurityResult' is not assignable to parameter of type 'Record<string, unknown>'.
  Index signature for type 'string' is missing in type 'DependencySecurityResult'.
src/services/campaign/run-dependency-security.ts(128,30): error TS2345: Argument of type 'SecurityReport' is not assignable to parameter of type 'Record<string, unknown>'.
  Index signature for type 'string' is missing in type 'SecurityReport'.
src/services/campaign/run-dependency-security.ts(135,28): error TS2345: Argument of type 'UpdateReport' is not assignable to parameter of type 'Record<string, unknown>'.
  Index signature for type 'string' is missing in type 'UpdateReport'.
src/services/campaign/run-dependency-security.ts(144,31): error TS2345: Argument of type 'SecurityReport' is not assignable to parameter of type 'Record<string, { summary: Record<string, number>; }>'.
  Index signature for type 'string' is missing in type 'SecurityReport'.
src/services/campaign/run-dependency-security.ts(148,29): error TS2345: Argument of type 'UpdateReport' is not assignable to parameter of type 'Record<string, unknown>'.
src/services/campaign/run-dependency-security.ts(180,9): error TS2571: Object is of type 'unknown'.
src/services/campaign/run-dependency-security.ts(182,33): error TS2345: Argument of type 'unknown' is not assignable to parameter of type 'Record<string, { summary: Record<string, number>; }>'.
src/services/campaign/run-dependency-security.ts(185,9): error TS2571: Object is of type 'unknown'.
src/services/campaign/run-dependency-security.ts(187,31): error TS2345: Argument of type 'unknown' is not assignable to parameter of type 'Record<string, unknown>'.
src/services/campaign/run-dependency-security.ts(190,9): error TS2571: Object is of type 'unknown'.
src/services/campaign/run-dependency-security.ts(192,7): error TS2571: Object is of type 'unknown'.
src/services/campaign/run-dependency-security.ts(195,9): error TS2571: Object is of type 'unknown'.
src/services/campaign/run-dependency-security.ts(197,7): error TS2571: Object is of type 'unknown'.
src/services/campaign/run-dependency-security.ts(203,31): error TS2345: Argument of type 'Record<string, unknown>' is not assignable to parameter of type 'Record<string, { summary: Record<string, number>; }>'.
  'string' index signatures are incompatible.
    Type 'unknown' is not assignable to type '{ summary: Record<string, number>; }'.
src/services/campaign/run-dependency-security.ts(205,33): error TS2571: Object is of type 'unknown'.
src/services/campaign/run-dependency-security.ts(207,7): error TS2571: Object is of type 'unknown'.
src/services/campaign/run-dependency-security.ts(222,9): error TS2571: Object is of type 'unknown'.
src/services/campaign/run-dependency-security.ts(224,7): error TS2571: Object is of type 'unknown'.
src/services/campaign/run-dependency-security.ts(232,33): error TS2571: Object is of type 'unknown'.
src/services/campaign/run-dependency-security.ts(234,7): error TS2571: Object is of type 'unknown'.
src/services/campaign/run-dependency-security.ts(247,9): error TS2571: Object is of type 'unknown'.
src/services/campaign/run-dependency-security.ts(249,7): error TS2571: Object is of type 'unknown'.
src/services/campaign/run-dependency-security.ts(255,9): error TS2571: Object is of type 'unknown'.
src/services/campaign/run-dependency-security.ts(257,7): error TS2571: Object is of type 'unknown'.
src/services/campaign/run-dependency-security.ts(265,42): error TS2339: Property 'critical' does not exist on type '{ summary: Record<string, number>; }'.
src/services/campaign/run-dependency-security.ts(266,38): error TS2339: Property 'high' does not exist on type '{ summary: Record<string, number>; }'.
src/services/campaign/run-dependency-security.ts(267,42): error TS2339: Property 'moderate' does not exist on type '{ summary: Record<string, number>; }'.
src/services/campaign/run-dependency-security.ts(268,37): error TS2339: Property 'low' does not exist on type '{ summary: Record<string, number>; }'.
src/services/campaign/run-dependency-security.ts(269,39): error TS2339: Property 'total' does not exist on type '{ summary: Record<string, number>; }'.
src/services/campaign/run-dependency-security.ts(274,39): error TS18046: 'summary' is of type 'unknown'.
src/services/campaign/run-dependency-security.ts(275,39): error TS18046: 'summary' is of type 'unknown'.
src/services/campaign/run-dependency-security.ts(276,39): error TS18046: 'summary' is of type 'unknown'.
src/services/campaign/run-dependency-security.ts(277,42): error TS18046: 'summary' is of type 'unknown'.
src/services/campaign/run-dependency-security.ts(278,39): error TS18046: 'summary' is of type 'unknown'.
src/services/campaign/UnusedExportAnalyzer.test.ts(47,25): error TS2352: Conversion of type '{ readFile: jest.Mock<any, any, any>; }' to type 'typeof import("node:fs/promises")' may be a mistake because neither type sufficiently overlaps with the other. If this was intentional, convert the expression to 'unknown' first.
  Type '{ readFile: Mock<any, any, any>; }' is missing the following properties from type 'typeof import("node:fs/promises")': access, copyFile, open, rename, and 26 more.
src/services/campaign/UnusedExportAnalyzer.test.ts(205,189): error TS2345: Argument of type '{ exportName: string; exportType: "const"; lineNumber: number; isDefault: boolean; complexity: number; usageCount: number; filePath: string; }[]' is not assignable to parameter of type 'string[]'.
  Type '{ exportName: string; exportType: "const"; lineNumber: number; isDefault: boolean; complexity: number; usageCount: number; filePath: string; }' is not assignable to type 'string'.
src/services/CampaignConflictResolver.ts(474,9): error TS2322: Type 'string | ConflictResolutionStrategy' is not assignable to type 'ConflictResolutionStrategy'.
  Type 'string' is not assignable to type 'ConflictResolutionStrategy'.
src/services/CampaignConflictResolver.ts(734,55): error TS2345: Argument of type '{}' is not assignable to parameter of type 'string'.
src/services/CampaignConflictResolver.ts(740,56): error TS2345: Argument of type '{}' is not assignable to parameter of type 'string'.
src/services/CampaignConflictResolver.ts(750,42): error TS2345: Argument of type 'unknown' is not assignable to parameter of type 'LogContext | undefined'.
src/services/ConfigurationService.ts(94,46): error TS2339: Property 'celestialUpdateInterval' does not exist on type '{}'.
src/services/ConfigurationService.ts(95,30): error TS2339: Property 'timeout' does not exist on type '{}'.
src/services/ConfigurationService.ts(96,33): error TS2339: Property 'retryCount' does not exist on type '{}'.
src/services/ConfigurationService.ts(97,30): error TS2339: Property 'baseUrl' does not exist on type '{}'.
src/services/ConfigurationService.ts(100,48): error TS2339: Property 'defaultTimezoneName' does not exist on type '{}'.
src/services/ConfigurationService.ts(101,48): error TS2339: Property 'retrogradeThreshold' does not exist on type '{}'.
src/services/ConfigurationService.ts(104,32): error TS2339: Property 'aspectOrbs' does not exist on type '{}'.
src/services/ConfigurationService.ts(107,7): error TS2322: Type '{}' is not assignable to type 'boolean'.
src/services/ConfigurationService.ts(206,12): error TS2352: Conversion of type 'ApiConfig' to type 'Record<string, unknown>' may be a mistake because neither type sufficiently overlaps with the other. If this was intentional, convert the expression to 'unknown' first.
  Index signature for type 'string' is missing in type 'ApiConfig'.
src/services/ConfigurationService.ts(208,12): error TS2352: Conversion of type 'AstrologyConfig' to type 'Record<string, unknown>' may be a mistake because neither type sufficiently overlaps with the other. If this was intentional, convert the expression to 'unknown' first.
  Index signature for type 'string' is missing in type 'AstrologyConfig'.
src/services/ConsolidatedRecipeService.ts(266,49): error TS2339: Property 'generateRecipe' does not exist on type '{ recommendRecipes: (criteria: Record<string, unknown>) => Promise<unknown[]>; }'.
src/services/ConsolidatedRecipeService.ts(288,55): error TS2339: Property 'generateFusionRecipe' does not exist on type '{ recommendRecipes: (criteria: Record<string, unknown>) => Promise<unknown[]>; }'.
src/services/ConsolidatedRecipeService.ts(310,46): error TS2339: Property 'adaptRecipeForCurrentSeason' does not exist on type '{ recommendRecipes: (criteria: Record<string, unknown>) => Promise<unknown[]>; }'.
src/services/EnhancedRecommendationService.ts(184,13): error TS2322: Type 'string' is not assignable to type 'Element'.
  Type 'string' is not assignable to type 'Element'.
src/services/EnterpriseIntelligenceIntegration.ts(496,9): error TS2559: Type 'CulturalAnalysis' has no properties in common with type '{ culturalSynergy?: number | undefined; culturalCompatibility?: number | undefined; culturalRelevance?: number | undefined; }'.
src/services/EnterpriseIntelligenceIntegration.ts(497,9): error TS2559: Type 'CompatibilityAnalysis' has no properties in common with type '{ fusionPotential?: number | undefined; fusionCompatibility?: number | undefined; }'.
src/services/EnterpriseIntelligenceIntegration.ts(498,9): error TS2559: Type 'SeasonalAnalysis' has no properties in common with type '{ seasonalRelevance?: number | undefined; seasonalOptimization?: number | undefined; }'.
src/services/EnterpriseIntelligenceIntegration.ts(499,9): error TS2559: Type 'CompatibilityAnalysis' has no properties in common with type '{ overallCompatibility?: number | undefined; }'.
src/services/EnterpriseIntelligenceIntegration.ts(500,9): error TS2559: Type 'AstrologicalAnalysis' has no properties in common with type '{ astrologicalAlignment?: number | undefined; }'.
src/services/EnterpriseIntelligenceIntegration.ts(501,9): error TS2322: Type 'ValidationResults' is not assignable to type '{ validationScore?: number | undefined; dataIntegrity?: number | undefined; }'.
  Types of property 'dataIntegrity' are incompatible.
    Type '{ score: number; issues: string[]; warnings: string[]; }' is not assignable to type 'number'.
src/services/EnterpriseIntelligenceIntegration.ts(516,9): error TS2739: Type 'CompatibilityAnalysis' is missing the following properties from type 'FusionAnalysis': compatibleCuisines, fusionScore, innovationPotential, culturalHarmony, marketAcceptance
src/services/EnterpriseIntelligenceIntegration.ts(900,7): error TS2739: Type 'ValidationIntelligenceResult' is missing the following properties from type 'ValidationResults': nutritionalAccuracy, seasonalValidity
src/services/EnterpriseIntelligenceIntegration.ts(1436,7): error TS2322: Type 'ValidationIntelligenceResult' is not assignable to type 'ValidationResults'.
src/services/EnterpriseIntelligenceIntegration.ts(1680,9): error TS2345: Argument of type 'import("/Users/GregCastro/Desktop/WhatToEatNext/src/types/unified").Ingredient[]' is not assignable to parameter of type 'import("/Users/GregCastro/Desktop/WhatToEatNext/src/types/ingredient").Ingredient[]'.
  Type 'import("/Users/GregCastro/Desktop/WhatToEatNext/src/types/unified").Ingredient' is not assignable to type 'import("/Users/GregCastro/Desktop/WhatToEatNext/src/types/ingredient").Ingredient'.
    Types of property 'category' are incompatible.
      Type 'string' is not assignable to type 'IngredientCategory'.
src/services/EnterpriseIntelligenceIntegration.ts(1710,9): error TS2345: Argument of type 'import("/Users/GregCastro/Desktop/WhatToEatNext/src/types/recipe").Recipe' is not assignable to parameter of type 'import("/Users/GregCastro/Desktop/WhatToEatNext/src/types/unified").Recipe'.
  Property 'servings' is missing in type 'import("/Users/GregCastro/Desktop/WhatToEatNext/src/types/recipe").Recipe' but required in type 'import("/Users/GregCastro/Desktop/WhatToEatNext/src/types/unified").Recipe'.
src/services/EnterpriseIntelligenceIntegration.ts(1717,14): error TS2352: Conversion of type '{ ingredientCompatibility: { score: number; details: unknown[]; }; recipeOptimization: { mlOptimizedScore: number; ingredientSubstitutionRecommendations: string[]; cookingMethodOptimization: string[]; flavorEnhancementSuggestions: string[]; nutritionalOptimization: string[]; }; ... 4 more ...; timestamp: string; }' to type 'MLIntelligenceResult' may be a mistake because neither type sufficiently overlaps with the other. If this was intentional, convert the expression to 'unknown' first.
  Types of property 'ingredientCompatibility' are incompatible.
    Type '{ score: number; details: unknown[]; }' is missing the following properties from type '{ mlCompatibilityScore: number; pairwiseCompatibilityMatrix: Record<string, Record<string, number>>; substitutionRecommendations: Record<string, string[]>; flavorSynergyPredictions: string[]; }': mlCompatibilityScore, pairwiseCompatibilityMatrix, substitutionRecommendations, flavorSynergyPredictions
src/services/EnterpriseIntelligenceIntegration.ts(1742,9): error TS2345: Argument of type 'Cuisine' is not assignable to parameter of type 'CuisineData'.
  Types of property 'elementalProperties' are incompatible.
    Type 'ElementalProperties' is not assignable to type 'import("/Users/GregCastro/Desktop/WhatToEatNext/src/types/alchemy").ElementalProperties'.
      Index signature for type 'string' is missing in type 'ElementalProperties'.
src/services/EnterpriseIntelligenceOrchestrator.ts(1341,7): error TS2322: Type '{ serviceId: string; uptime: number; availability: number; errorRate: number; throughput: number; latency: number; resourceUtilization: number; successRate: number; totalOperations: number; failedOperations: number; averageResponseTime: number; }' is not assignable to type 'string | number | boolean'.
src/services/EnterpriseIntelligenceOrchestrator.ts(1356,5): error TS2740: Type 'Record<string, string | number | boolean>' is missing the following properties from type '{ errorTracking: ServiceMetrics; patternRecognition: ServiceMetrics; performanceMetrics: ServiceMetrics; batchProcessing: ServiceMetrics; unusedVariableDetection: ServiceMetrics; qualityGates: ServiceMetrics; }': errorTracking, patternRecognition, performanceMetrics, batchProcessing, and 2 more.
src/services/EnterpriseIntelligenceOrchestrator.ts(1654,33): error TS2769: No overload matches this call.
  Overload 1 of 4, '(value: string | number | Date): Date', gave the following error.
    Argument of type 'string | Date | undefined' is not assignable to parameter of type 'string | number | Date'.
      Type 'undefined' is not assignable to type 'string | number | Date'.
  Overload 2 of 4, '(value: string | number): Date', gave the following error.
    Argument of type 'string | Date | undefined' is not assignable to parameter of type 'string | number'.
      Type 'undefined' is not assignable to type 'string | number'.
src/services/EnterpriseIntelligenceOrchestrator.ts(1656,33): error TS2339: Property 'period' does not exist on type '{ id?: string | undefined; type?: string | undefined; timestamp?: string | Date | undefined; metrics?: Record<string, unknown> | undefined; insights?: unknown[] | undefined; recommendations?: string[] | undefined; }'.
src/services/EnterpriseIntelligenceOrchestrator.ts(1657,31): error TS2339: Property 'period' does not exist on type '{ id?: string | undefined; type?: string | undefined; timestamp?: string | Date | undefined; metrics?: Record<string, unknown> | undefined; insights?: unknown[] | undefined; recommendations?: string[] | undefined; }'.
src/services/ErrorTrackingSystem.ts(274,29): error TS18048: 'fileResult.messages' is possibly 'undefined'.
src/services/ErrorTrackingSystem.ts(277,11): error TS2322: Type 'string | undefined' is not assignable to type 'string'.
  Type 'undefined' is not assignable to type 'string'.
src/services/ErrorTrackingSystem.ts(278,11): error TS2322: Type 'string | undefined' is not assignable to type 'string'.
  Type 'undefined' is not assignable to type 'string'.
src/services/ErrorTrackingSystem.ts(281,42): error TS2345: Argument of type 'number | undefined' is not assignable to parameter of type 'number'.
  Type 'undefined' is not assignable to type 'number'.
src/services/ErrorTrackingSystem.ts(617,18): error TS2345: Argument of type '{ typeScriptErrors: TypeScriptError[]; lintingViolations: LintingViolation[]; buildFailures: BuildFailure[]; errorPatterns: ErrorPattern[]; qualityMetrics: QualityMetrics; trends: ErrorTrend[]; summary: { ...; }; }' is not assignable to parameter of type 'TypeScriptError | LintingViolation | BuildFailure | QualityMetrics'.
src/services/FoodAlchemySystem.ts(234,17): error TS2339: Property 'score' does not exist on type 'undefined'.
src/services/FoodAlchemySystem.ts(234,43): error TS2339: Property 'dignityBonus' does not exist on type 'undefined'.
src/services/FoodAlchemySystem.ts(234,74): error TS2339: Property 'decanBonus' does not exist on type 'undefined'.
src/services/FoodAlchemySystem.ts(238,17): error TS2339: Property 'score' does not exist on type 'undefined'.
src/services/FoodAlchemySystem.ts(238,44): error TS2339: Property 'dignityBonus' does not exist on type 'undefined'.
src/services/FoodAlchemySystem.ts(238,76): error TS2339: Property 'aspectBonus' does not exist on type 'undefined'.
src/services/FoodAlchemySystem.ts(397,13): error TS18048: 'aspects.length' is possibly 'undefined'.
src/services/FoodAlchemySystem.ts(399,33): error TS18048: 'aspects' is possibly 'undefined'.
src/services/FoodAlchemySystem.ts(553,17): error TS18048: 'aspects.length' is possibly 'undefined'.
src/services/FoodAlchemySystem.ts(555,43): error TS18048: 'aspects' is possibly 'undefined'.
src/services/IntelligentBatchProcessor.ts(1341,10): error TS2304: Cannot find name 'ProcessingResult'.
src/services/KiroCampaignIntegration.ts(118,5): error TS2741: Property 'demonstrateAllIntelligence' is missing in type '{ initialize: (config: Record<string, unknown>) => Promise<void>; }' but required in type '{ demonstrateAllIntelligence: () => Promise<{ errorPatternDemo: ErrorPatternIntelligence; progressAnalysisDemo: CampaignProgressIntelligence; enterpriseIntelligenceDemo: EnterpriseIntelligenceResult; integrationMetrics: Record<string, number>; demonstrationSummary: Record<string, unknown>; }>; }'.
src/services/KiroCampaignIntegration.ts(429,7): error TS2322: Type 'unknown' is not assignable to type 'string[]'.
src/services/linting/demo.ts(160,72): error TS2345: Argument of type '{ type: string; confidence: number; indicators: unknown[]; specialRules: unknown[]; handlingRecommendations: unknown[]; }' is not assignable to parameter of type 'DomainContext'.
  Types of property 'type' are incompatible.
    Type 'string' is not assignable to type '"test" | "script" | "component" | "service" | "astrological" | "campaign" | "utility" | "config"'.
src/services/linting/demo.ts(211,49): error TS2345: Argument of type '{ errorClassification: ErrorClassification; domainContext: { type: string; confidence: number; }; fileAnalysis: { filePath: string; riskFactors: unknown[]; preservationRequirements: unknown[]; }; projectContext: { ...; }; }' is not assignable to parameter of type 'StrategyGenerationContext'.
  Types of property 'domainContext' are incompatible.
    Type '{ type: string; confidence: number; }' is missing the following properties from type 'DomainContext': indicators, specialRules, handlingRecommendations
src/services/linting/LintingQualityGates.ts(178,9): error TS2741: Property 'mitigation' is missing in type '{ level: "critical" | "medium" | "high" | "low"; factors: string[]; mitigations: string[]; }' but required in type '{ level: "critical" | "medium" | "high" | "low"; factors: string[]; mitigation: string[]; }'.
src/services/linting/LintingQualityGates.ts(241,7): error TS2741: Property 'gates' is missing in type '{ timestamp: string; deployment: { approved: boolean; confidence: number; qualityScore: number; }; metrics: { totalIssues: number; errors: number; warnings: number; fixableIssues: number; }; qualityGates: { ...; }; blockers: string[]; recommendations: string[]; performance: { ...; }; }' but required in type '{ timestamp: string; deployment: { approved: boolean; confidence: number; qualityScore: number; }; gates: QualityGateResult; issues?: string[] | undefined; risks?: unknown; trends?: unknown; recommendations?: string[] | undefined; }'.
src/services/linting/LintingQualityGates.ts(260,18): error TS2322: Type '{ trend: string; message: string; }' is not assignable to type '{ trends: Record<string, unknown>; overallTrend: "improving" | "stable" | "degrading"; recommendations: string[]; alertLevel: "medium" | "high" | "low" | "none"; }'.
  Object literal may only specify known properties, but 'trend' does not exist in type '{ trends: Record<string, unknown>; overallTrend: "improving" | "stable" | "degrading"; recommendations: string[]; alertLevel: "medium" | "high" | "low" | "none"; }'. Did you mean to write 'trends'?
src/services/linting/LintingQualityGates.ts(271,55): error TS2345: Argument of type '{ errorTrend: "improving" | "stable" | "degrading"; warningTrend: "improving" | "stable" | "degrading"; performanceTrend: "improving" | "stable" | "degrading"; qualityTrend: "improving" | ... 1 more ... | "degrading"; }' is not assignable to parameter of type 'Record<string, { current: number; previous: number; }>'.
  Property 'errorTrend' is incompatible with index signature.
    Type 'string' is not assignable to type '{ current: number; previous: number; }'.
      Type 'string' is not assignable to type '{ current: number; previous: number; }'.
src/services/linting/LintingQualityGates.ts(274,9): error TS2322: Type '{ trend: "improving" | "stable" | "degrading"; trends: { errorTrend: "improving" | "stable" | "degrading"; warningTrend: "improving" | "stable" | "degrading"; performanceTrend: "improving" | ... 1 more ... | "degrading"; qualityTrend: "improving" | ... 1 more ... | "degrading"; }; recommendations: string[]; alertLev...' is not assignable to type '{ trends: Record<string, unknown>; overallTrend: "improving" | "stable" | "degrading"; recommendations: string[]; alertLevel: "medium" | "high" | "low" | "none"; }'.
  Object literal may only specify known properties, but 'trend' does not exist in type '{ trends: Record<string, unknown>; overallTrend: "improving" | "stable" | "degrading"; recommendations: string[]; alertLevel: "medium" | "high" | "low" | "none"; }'. Did you mean to write 'trends'?
src/services/linting/LintingQualityGates.ts(276,60): error TS2345: Argument of type '{ errorTrend: "improving" | "stable" | "degrading"; warningTrend: "improving" | "stable" | "degrading"; performanceTrend: "improving" | "stable" | "degrading"; qualityTrend: "improving" | ... 1 more ... | "degrading"; }' is not assignable to parameter of type 'Record<string, { current: number; previous: number; }>'.
  Property 'errorTrend' is incompatible with index signature.
    Type 'string' is not assignable to type '{ current: number; previous: number; }'.
      Type 'string' is not assignable to type '{ current: number; previous: number; }'.
src/services/linting/LintingQualityGates.ts(277,46): error TS2345: Argument of type '{ errorTrend: "improving" | "stable" | "degrading"; warningTrend: "improving" | "stable" | "degrading"; performanceTrend: "improving" | "stable" | "degrading"; qualityTrend: "improving" | ... 1 more ... | "degrading"; }' is not assignable to parameter of type 'Record<string, { current: number; previous: number; }>'.
  Property 'errorTrend' is incompatible with index signature.
    Type 'string' is not assignable to type '{ current: number; previous: number; }'.
      Type 'string' is not assignable to type '{ current: number; previous: number; }'.
src/services/linting/LintingQualityGates.ts(444,7): error TS2322: Type '{ level: "critical" | "medium" | "high" | "low"; factors: string[]; mitigation: string[]; }' is not assignable to type '{ level: "critical" | "medium" | "high" | "low"; factors: string[]; mitigations: string[]; }'.
  Object literal may only specify known properties, but 'mitigation' does not exist in type '{ level: "critical" | "medium" | "high" | "low"; factors: string[]; mitigations: string[]; }'. Did you mean to write 'mitigations'?
src/services/linting/LintingQualityGates.ts(496,52): error TS2367: This comparison appears to be unintentional because the types '{ current: number; previous: number; }' and 'string' have no overlap.
src/services/linting/LintingQualityGates.ts(497,52): error TS2367: This comparison appears to be unintentional because the types '{ current: number; previous: number; }' and 'string' have no overlap.
src/services/linting/LintingQualityGates.ts(507,9): error TS2367: This comparison appears to be unintentional because the types '{ current: number; previous: number; }' and 'string' have no overlap.
src/services/linting/LintingQualityGates.ts(511,9): error TS2367: This comparison appears to be unintentional because the types '{ current: number; previous: number; }' and 'string' have no overlap.
src/services/linting/LintingQualityGates.ts(515,9): error TS2367: This comparison appears to be unintentional because the types '{ current: number; previous: number; }' and 'string' have no overlap.
src/services/linting/LintingQualityGates.ts(523,62): error TS2367: This comparison appears to be unintentional because the types '{ current: number; previous: number; }' and 'string' have no overlap.
src/services/MLIntelligenceService.ts(374,57): error TS2345: Argument of type 'Ingredient' is not assignable to parameter of type 'Record<string, unknown>'.
  Index signature for type 'string' is missing in type 'Ingredient'.
src/services/MLIntelligenceService.ts(537,70): error TS2345: Argument of type 'string | undefined' is not assignable to parameter of type 'string'.
  Type 'undefined' is not assignable to type 'string'.
src/services/PredictiveIntelligenceService.ts(1068,7): error TS2571: Object is of type 'unknown'.
src/services/PredictiveIntelligenceService.ts(1068,8): error TS2352: Conversion of type 'PredictiveIntelligenceResult' to type 'Record<string, unknown>' may be a mistake because neither type sufficiently overlaps with the other. If this was intentional, convert the expression to 'unknown' first.
  Index signature for type 'string' is missing in type 'PredictiveIntelligenceResult'.
src/services/PredictiveIntelligenceService.ts(1069,7): error TS2571: Object is of type 'unknown'.
src/services/PredictiveIntelligenceService.ts(1069,8): error TS2352: Conversion of type 'PredictiveIntelligenceResult' to type 'Record<string, unknown>' may be a mistake because neither type sufficiently overlaps with the other. If this was intentional, convert the expression to 'unknown' first.
src/services/PredictiveIntelligenceService.ts(1070,7): error TS2571: Object is of type 'unknown'.
src/services/PredictiveIntelligenceService.ts(1070,8): error TS2352: Conversion of type 'PredictiveIntelligenceResult' to type 'Record<string, unknown>' may be a mistake because neither type sufficiently overlaps with the other. If this was intentional, convert the expression to 'unknown' first.
src/services/PredictiveIntelligenceService.ts(1071,7): error TS2571: Object is of type 'unknown'.
src/services/PredictiveIntelligenceService.ts(1071,8): error TS2352: Conversion of type 'PredictiveIntelligenceResult' to type 'Record<string, unknown>' may be a mistake because neither type sufficiently overlaps with the other. If this was intentional, convert the expression to 'unknown' first.
src/services/QualityGatesValidation.ts(24,15): error TS2440: Import declaration conflicts with local declaration of 'QualityGateResult'.
src/services/QualityGatesValidation.ts(581,42): error TS2339: Property 'status' does not exist on type 'QualityGateResult'.
src/services/QualityGatesValidation.ts(634,7): error TS2739: Type 'QualityMetrics' is missing the following properties from type '{ errorCount: number; warningCount: number; coveragePercentage: number; performanceScore: number; buildTimeMs: number; }': errorCount, warningCount, coveragePercentage, performanceScore, buildTimeMs
src/services/QualityGatesValidation.ts(645,18): error TS2339: Property 'validationResults' does not exist on type 'QualityGateResult'.
src/services/QualityGatesValidation.ts(651,64): error TS2345: Argument of type '{ errorCount: number; warningCount: number; coveragePercentage: number; performanceScore: number; buildTimeMs: number; }' is not assignable to parameter of type 'QualityMetrics'.
  Type '{ errorCount: number; warningCount: number; coveragePercentage: number; performanceScore: number; buildTimeMs: number; }' is missing the following properties from type 'QualityMetrics': buildMetrics, testMetrics, codeQualityMetrics, performanceMetrics, securityMetrics
src/services/QualityGatesValidation.ts(652,16): error TS2339: Property 'thresholdResults' does not exist on type 'QualityGateResult'.
src/services/QualityGatesValidation.ts(656,14): error TS2339: Property 'overallScore' does not exist on type 'QualityGateResult'.
src/services/QualityGatesValidation.ts(657,14): error TS2339: Property 'status' does not exist on type 'QualityGateResult'.
src/services/QualityGatesValidation.ts(662,46): error TS2339: Property 'status' does not exist on type 'QualityGateResult'.
src/services/QualityGatesValidation.ts(663,46): error TS2339: Property 'status' does not exist on type 'QualityGateResult'.
src/services/QualityGatesValidation.ts(664,49): error TS2339: Property 'status' does not exist on type 'QualityGateResult'.
src/services/QualityGatesValidation.ts(669,16): error TS2339: Property 'actionResults' does not exist on type 'QualityGateResult'.
src/services/QualityGatesValidation.ts(673,14): error TS2339: Property 'recommendations' does not exist on type 'QualityGateResult'.
src/services/QualityGatesValidation.ts(680,65): error TS2339: Property 'status' does not exist on type 'QualityGateResult'.
src/services/QualityGatesValidation.ts(680,83): error TS2339: Property 'overallScore' does not exist on type 'QualityGateResult'.
src/services/QualityGatesValidation.ts(685,14): error TS2339: Property 'status' does not exist on type 'QualityGateResult'.
src/services/QualityGatesValidation.ts(686,14): error TS2339: Property 'errors' does not exist on type 'QualityGateResult'.
src/services/QualityGatesValidation.ts(765,23): error TS18046: 'error' is of type 'unknown'.
src/services/QualityGatesValidation.ts(765,39): error TS18046: 'error' is of type 'unknown'.
src/services/QualityGatesValidation.ts(766,29): error TS18046: 'error' is of type 'unknown'.
src/services/QualityGatesValidation.ts(776,33): error TS18046: 'error' is of type 'unknown'.
src/services/QualityGatesValidation.ts(801,23): error TS18046: 'error' is of type 'unknown'.
src/services/QualityGatesValidation.ts(801,39): error TS18046: 'error' is of type 'unknown'.
src/services/QualityGatesValidation.ts(802,29): error TS18046: 'error' is of type 'unknown'.
src/services/QualityGatesValidation.ts(847,39): error TS2769: No overload matches this call.
  Overload 1 of 3, '(path: PathOrFileDescriptor, options?: { encoding?: null | undefined; flag?: string | undefined; } | null | undefined): Buffer', gave the following error.
    Argument of type 'string | number | true' is not assignable to parameter of type 'PathOrFileDescriptor'.
      Type 'boolean' is not assignable to type 'PathOrFileDescriptor'.
  Overload 2 of 3, '(path: PathOrFileDescriptor, options: BufferEncoding | { encoding: BufferEncoding; flag?: string | undefined; }): string', gave the following error.
    Argument of type 'string | number | true' is not assignable to parameter of type 'PathOrFileDescriptor'.
  Overload 3 of 3, '(path: PathOrFileDescriptor, options?: BufferEncoding | (ObjectEncodingOptions & { flag?: string | undefined; }) | null | undefined): string | Buffer', gave the following error.
    Argument of type 'string | number | true' is not assignable to parameter of type 'PathOrFileDescriptor'.
src/services/QualityGatesValidation.ts(848,41): error TS2769: No overload matches this call.
  Overload 1 of 3, '(pattern: string | RegExp, flags?: string | undefined): RegExp', gave the following error.
    Argument of type 'string | number | true' is not assignable to parameter of type 'string | undefined'.
      Type 'number' is not assignable to type 'string'.
  Overload 2 of 3, '(pattern: string, flags?: string | undefined): RegExp', gave the following error.
    Argument of type 'string | number | true' is not assignable to parameter of type 'string | undefined'.
src/services/QualityGatesValidation.ts(993,69): error TS2339: Property 'status' does not exist on type 'QualityGateResult'.
src/services/QualityGatesValidation.ts(993,101): error TS2339: Property 'overallScore' does not exist on type 'QualityGateResult'.
src/services/QualityGatesValidation.ts(1115,38): error TS18046: 'error' is of type 'unknown'.
src/services/QualityGatesValidation.ts(1115,54): error TS18046: 'error' is of type 'unknown'.
src/services/QualityGatesValidation.ts(1116,42): error TS18046: 'error' is of type 'unknown'.
src/services/QualityGatesValidation.ts(1116,58): error TS18046: 'error' is of type 'unknown'.
src/services/QualityGatesValidation.ts(1144,46): error TS18046: 'error' is of type 'unknown'.
src/services/QualityGatesValidation.ts(1144,62): error TS18046: 'error' is of type 'unknown'.
src/services/QualityGatesValidation.ts(1373,29): error TS2339: Property 'status' does not exist on type 'QualityGateResult'.
src/services/QualityGatesValidation.ts(1374,29): error TS2339: Property 'status' does not exist on type 'QualityGateResult'.
src/services/QualityGatesValidation.ts(1375,29): error TS2339: Property 'status' does not exist on type 'QualityGateResult'.
src/services/QualityGatesValidation.ts(1382,59): error TS2339: Property 'overallScore' does not exist on type 'QualityGateResult'.
src/services/QualityGatesValidation.ts(1387,36): error TS2339: Property 'validationResults' does not exist on type 'QualityGateResult'.
src/services/QualityGatesValidation.ts(1388,37): error TS2339: Property 'validationResults' does not exist on type 'QualityGateResult'.
src/services/QualityGatesValidation.ts(1390,35): error TS2339: Property 'thresholdResults' does not exist on type 'QualityGateResult'.
src/services/QualityGatesValidation.ts(1391,35): error TS2339: Property 'thresholdResults' does not exist on type 'QualityGateResult'.
src/services/QualityGatesValidation.ts(1400,16): error TS2339: Property 'errors' does not exist on type 'QualityGateResult'.
src/services/QualityGatesValidation.ts(1402,37): error TS2339: Property 'thresholdResults' does not exist on type 'QualityGateResult'.
src/services/QualityGatesValidation.ts(1405,34): error TS2339: Property 'thresholdResults' does not exist on type 'QualityGateResult'.
src/services/QualityGatesValidation.ts(1408,36): error TS2339: Property 'thresholdResults' does not exist on type 'QualityGateResult'.
src/services/QualityGatesValidation.ts(1411,38): error TS2339: Property 'validationResults' does not exist on type 'QualityGateResult'.
src/services/QualityGatesValidation.ts(1421,36): error TS2339: Property 'thresholdResults' does not exist on type 'QualityGateResult'.
src/services/QualityGatesValidation.ts(1428,37): error TS2339: Property 'validationResults' does not exist on type 'QualityGateResult'.
src/services/QualityGatesValidation.ts(1435,24): error TS2339: Property 'performanceMetrics' does not exist on type '{ errorCount: number; warningCount: number; coveragePercentage: number; performanceScore: number; buildTimeMs: number; }'.
src/services/QualityGatesValidation.ts(1439,24): error TS2339: Property 'performanceMetrics' does not exist on type '{ errorCount: number; warningCount: number; coveragePercentage: number; performanceScore: number; buildTimeMs: number; }'.
src/services/QualityGatesValidation.ts(1452,16): error TS2339: Property 'status' does not exist on type 'QualityGateResult'.
src/services/QualityGatesValidation.ts(1467,75): error TS2339: Property 'overallScore' does not exist on type 'QualityGateResult'.
src/services/QualityGatesValidation.ts(1470,16): error TS2339: Property 'overallScore' does not exist on type 'QualityGateResult'.
src/services/QualityGatesValidation.ts(1471,32): error TS2339: Property 'overallScore' does not exist on type 'QualityGateResult'.
src/services/QualityGatesValidation.ts(1474,42): error TS2339: Property 'overallScore' does not exist on type 'QualityGateResult'.
src/services/QualityGatesValidation.ts(1475,33): error TS2339: Property 'overallScore' does not exist on type 'QualityGateResult'.
src/services/QualityGatesValidation.ts(1491,46): error TS2339: Property 'status' does not exist on type 'QualityGateResult'.
src/services/QualityGatesValidation.ts(1492,46): error TS2339: Property 'status' does not exist on type 'QualityGateResult'.
src/services/QualityGatesValidation.ts(1493,47): error TS2339: Property 'status' does not exist on type 'QualityGateResult'.
src/services/QualityGatesValidation.ts(1494,45): error TS2339: Property 'status' does not exist on type 'QualityGateResult'.
src/services/QualityGatesValidation.ts(1496,50): error TS2339: Property 'errors' does not exist on type 'QualityGateResult'.
src/services/QualityGatesValidation.ts(1497,51): error TS2339: Property 'recommendations' does not exist on type 'QualityGateResult'.
src/services/QualityGatesValidation.ts(1523,63): error TS2339: Property 'overallScore' does not exist on type 'QualityGateResult'.
src/services/QualityGatesValidation.ts(1537,29): error TS2339: Property 'status' does not exist on type 'QualityGateResult'.
src/services/QualityMetricsService.ts(541,26): error TS18048: 'pattern.frequency' is possibly 'undefined'.
src/services/QualityMetricsService.ts(549,7): error TS2538: Type 'undefined' cannot be used as an index type.
src/services/QualityMetricsService.ts(551,25): error TS18048: 'pattern.frequency' is possibly 'undefined'.
src/services/QualityMetricsService.ts(630,78): error TS2345: Argument of type 'QualityMetrics | undefined' is not assignable to parameter of type 'Record<string, unknown>'.
  Type 'undefined' is not assignable to type 'Record<string, unknown>'.
src/services/QualityMetricsService.ts(808,18): error TS2345: Argument of type '{ insights: QualityInsight[]; technicalDebt: TechnicalDebtItem[]; predictions: QualityPrediction[]; goals: QualityGoal[]; latestReport: QualityReport; summary: { ...; }; }' is not assignable to parameter of type 'QualityInsight | TechnicalDebtItem | QualityReport'.
  Type '{ insights: QualityInsight[]; technicalDebt: TechnicalDebtItem[]; predictions: QualityPrediction[]; goals: QualityGoal[]; latestReport: QualityReport; summary: { ...; }; }' is missing the following properties from type 'QualityReport': period, metrics, trends, recommendations
src/services/UnifiedIngredientService.ts(339,13): error TS18048: '_ingredient.seasonality' is possibly 'undefined'.
src/services/UnifiedIngredientService.ts(340,13): error TS2367: This comparison appears to be unintentional because the types 'Season[] | undefined' and 'Record<string, unknown>' have no overlap.
src/services/UnifiedIngredientService.ts(861,13): error TS18048: '_ingredient.seasonality' is possibly 'undefined'.
src/services/UnifiedIngredientService.ts(921,45): error TS2345: Argument of type 'string' is not assignable to parameter of type 'undefined'.
src/services/UnifiedScoringService.ts(116,27): error TS2304: Cannot find name 'DietaryRestriction'.
src/services/UnifiedScoringService.ts(117,27): error TS2304: Cannot find name 'CuisineType'.
src/services/UnifiedScoringService.ts(645,31): error TS2739: Type '{}' is missing the following properties from type '{ currentSeason: Season; alignment: number; recommendation: string; }': currentSeason, alignment, recommendation
src/services/UnifiedScoringService.ts(658,31): error TS2739: Type '{}' is missing the following properties from type '{ currentSeason: Season; alignment: number; recommendation: string; }': currentSeason, alignment, recommendation
src/services/UnifiedScoringService.ts(673,7): error TS2740: Type '{}' is missing the following properties from type 'Record<Planet, PlanetaryPosition>': Sun, Moon, Mercury, Venus, and 7 more.
src/services/UnifiedScoringService.ts(674,7): error TS2740: Type '{}' is missing the following properties from type 'PlanetaryAspect[]': length, pop, push, concat, and 31 more.
src/services/UnifiedScoringService.ts(675,7): error TS2740: Type '{}' is missing the following properties from type 'Record<Planet, number>': Sun, Moon, Mercury, Venus, and 7 more.
src/test-expanded-alchemical-engine.ts(174,37): error TS2345: Argument of type 'string' is not assignable to parameter of type 'LogContext'.
src/test-expanded-alchemical-engine.ts(224,32): error TS2304: Cannot find name 'alchemize'.
src/utils/alchemicalPillarUtils.ts(787,18): error TS2304: Cannot find name 'ZodiacSign'.
src/utils/astrology/astrologicalRules.test.ts(301,21): error TS2339: Property 'isValid' does not exist on type 'Promise<ValidationResult>'.
src/utils/astrology/astrologicalRules.test.ts(320,21): error TS2339: Property 'isValid' does not exist on type 'Promise<ValidationResult>'.
src/utils/astrology/astrologicalRules.test.ts(321,21): error TS2339: Property 'errors' does not exist on type 'Promise<ValidationResult>'.
src/utils/astrology/astrologicalRules.test.ts(322,21): error TS2339: Property 'warnings' does not exist on type 'Promise<ValidationResult>'.
src/utils/astrology/astrologicalValidation.ts(181,77): error TS2345: Argument of type 'string' is not assignable to parameter of type '"aries" | "taurus" | "gemini" | "cancer" | "leo" | "virgo" | "libra" | "scorpio" | "sagittarius" | "capricorn" | "aquarius" | "pisces"'.
src/utils/astrology/astrologicalValidation.ts(247,50): error TS2345: Argument of type 'string' is not assignable to parameter of type '"moon" | "sun"'.
src/utils/astrology/validation.ts(509,61): error TS2571: Object is of type 'unknown'.
src/utils/astrology/validation.ts(574,7): error TS2322: Type 'number | undefined' is not assignable to type 'number'.
  Type 'undefined' is not assignable to type 'number'.
src/utils/astrologyUtils.ts(45,49): error TS2345: Argument of type 'unknown' is not assignable to parameter of type 'LogContext | undefined'.
src/utils/astrologyUtils.ts(54,50): error TS2345: Argument of type 'unknown' is not assignable to parameter of type 'LogContext | undefined'.
src/utils/astrologyUtils.ts(1343,11): error TS2552: Cannot find name 'aspects'. Did you mean '_aspects'?
src/utils/astrologyUtils.ts(1370,12): error TS2552: Cannot find name 'aspects'. Did you mean '_aspects'?
src/utils/astrologyUtils.ts(1441,39): error TS2304: Cannot find name 'ExtendedPlanet'.
src/utils/astrologyUtils.ts(1461,31): error TS2304: Cannot find name 'ExtendedPlanet'.
src/utils/automatedQualityAssurance.ts(160,61): error TS18046: 'data' is of type 'unknown'.
src/utils/cookingMethodRecommender.ts(145,6): error TS2304: Cannot find name 'culturalCookingMethods'.
src/utils/cookingMethodRecommender.ts(670,7): error TS2322: Type '{}' is not assignable to type 'Record<string, unknown>'.
  Index signature for type 'string' is missing in type '{}'.
src/utils/cookingMethodRecommender.ts(672,7): error TS2322: Type '{}' is not assignable to type 'Record<string, unknown>'.
src/utils/cookingMethodRecommender.ts(687,7): error TS2322: Type '{}' is not assignable to type 'Record<string, unknown>'.
src/utils/cookingMethodRecommender.ts(689,7): error TS2322: Type '{}' is not assignable to type 'Record<string, unknown>'.
src/utils/cookingMethodRecommender.ts(704,7): error TS2322: Type '{}' is not assignable to type 'Record<string, unknown>'.
src/utils/cookingMethodRecommender.ts(706,7): error TS2322: Type '{}' is not assignable to type 'Record<string, unknown>'.
src/utils/cookingMethodRecommender.ts(721,7): error TS2322: Type '{}' is not assignable to type 'Record<string, unknown>'.
src/utils/cookingMethodRecommender.ts(723,7): error TS2322: Type '{}' is not assignable to type 'Record<string, unknown>'.
src/utils/cookingMethodTips.ts(414,24): error TS2339: Property 'description' does not exist on type '{ expertTips?: string[] | undefined; category?: string | undefined; }'.
src/utils/cookingMethodTips.ts(415,28): error TS2339: Property 'description' does not exist on type '{ expertTips?: string[] | undefined; category?: string | undefined; }'.
src/utils/cookingMethodTips.ts(767,24): error TS2339: Property 'suitable_for' does not exist on type '{ expertTips?: string[] | undefined; category?: string | undefined; }'.
src/utils/cookingMethodTips.ts(767,64): error TS2339: Property 'suitable_for' does not exist on type '{ expertTips?: string[] | undefined; category?: string | undefined; }'.
src/utils/cookingMethodTips.ts(769,21): error TS2339: Property 'suitable_for' does not exist on type '{ expertTips?: string[] | undefined; category?: string | undefined; }'.
src/utils/cuisineTypes.ts(37,77): error TS2304: Cannot find name 'RegionalCuisineType'.
src/utils/cuisineTypes.ts(38,27): error TS2304: Cannot find name 'RegionalCuisineType'.
src/utils/cuisineTypes.ts(66,16): error TS2304: Cannot find name 'RegionalCuisineType'.
src/utils/cuisineTypes.ts(70,47): error TS2304: Cannot find name 'RegionalCuisineType'.
src/utils/cuisineTypes.ts(76,75): error TS2304: Cannot find name 'FusionCuisineType'.
src/utils/cuisineTypes.ts(77,25): error TS2304: Cannot find name 'FusionCuisineType'.
src/utils/cuisineTypes.ts(82,45): error TS2304: Cannot find name 'FusionCuisineType'.
src/utils/cuisineTypes.ts(88,76): error TS2304: Cannot find name 'DietaryCuisineType'.
src/utils/cuisineTypes.ts(89,26): error TS2304: Cannot find name 'DietaryCuisineType'.
src/utils/cuisineTypes.ts(94,46): error TS2304: Cannot find name 'DietaryCuisineType'.
src/utils/cuisineTypes.ts(100,79): error TS2304: Cannot find name 'HistoricalCuisineType'.
src/utils/cuisineTypes.ts(101,29): error TS2304: Cannot find name 'HistoricalCuisineType'.
src/utils/cuisineTypes.ts(106,49): error TS2304: Cannot find name 'HistoricalCuisineType'.
src/utils/cuisineTypes.ts(112,79): error TS2304: Cannot find name 'StreetFoodCuisineType'.
src/utils/cuisineTypes.ts(113,29): error TS2304: Cannot find name 'StreetFoodCuisineType'.
src/utils/cuisineTypes.ts(118,49): error TS2304: Cannot find name 'StreetFoodCuisineType'.
src/utils/cuisineTypes.ts(172,57): error TS2304: Cannot find name 'RegionalCuisineType'.
src/utils/cuisineTypes.ts(212,77): error TS2304: Cannot find name 'RegionalCuisineType'.
src/utils/cuisineTypes.ts(213,55): error TS2304: Cannot find name 'RegionalCuisineType'.
src/utils/cuisineTypes.ts(222,26): error TS2304: Cannot find name 'RegionalCuisineType'.
src/utils/cuisineTypes.ts(228,34): error TS2304: Cannot find name 'RegionalCuisineType'.
src/utils/cuisineTypes.ts(244,4): error TS2304: Cannot find name 'CuisineCompatibility'.
src/utils/elementalMappings/ingredients.ts(410,14): error TS2552: Cannot find name 'isComplementaryElement'. Did you mean 'complementaryElement'?
src/utils/errorHandling.ts(341,47): error TS2345: Argument of type '{}' is not assignable to parameter of type 'string'.
src/utils/errorHandling.ts(355,3): error TS2322: Type 'Promise<unknown>' is not assignable to type 'Promise<T>'.
  Type 'unknown' is not assignable to type 'T'.
    'T' could be instantiated with an arbitrary type which could be unrelated to 'unknown'.
src/utils/errorHandling.ts(392,47): error TS2769: No overload matches this call.
  The last overload gave the following error.
    Argument of type '{ fallback: (error: Error, errorInfo: React.ErrorInfo) => React.DetailedReactHTMLElement<{ className: string; }, HTMLElement>; }' is not assignable to parameter of type 'Attributes & ErrorBoundaryProps'.
      Property 'children' is missing in type '{ fallback: (error: Error, errorInfo: React.ErrorInfo) => React.DetailedReactHTMLElement<{ className: string; }, HTMLElement>; }' but required in type 'ErrorBoundaryProps'.
src/utils/ingredientDataNormalizer.ts(183,14): error TS2739: Type '{}' is missing the following properties from type '{ notes: unknown[]; techniques: unknown[]; dishes: unknown[]; tips: unknown[]; }': notes, techniques, dishes, tips
src/utils/ingredientDataNormalizer.ts(234,42): error TS2740: Type '{}' is missing the following properties from type '{ appearance: unknown; texture: unknown; flavor: unknown; bestUses: unknown[]; notes: unknown; origin: unknown; storage: unknown; ripening: unknown; }': appearance, texture, flavor, bestUses, and 4 more.
src/utils/ingredientRecommender.ts(555,5): error TS2345: Argument of type 'Record<string, unknown>' is not assignable to parameter of type 'Ingredient[]'.
  Type 'Record<string, unknown>' is missing the following properties from type 'Ingredient[]': length, pop, push, concat, and 31 more.
src/utils/ingredientRecommender.ts(606,9): error TS2322: Type 'Record<string, unknown>' is not assignable to type 'Record<string, number>'.
  'string' index signatures are incompatible.
    Type 'unknown' is not assignable to type 'number'.
src/utils/ingredientRecommender.ts(609,9): error TS2322: Type 'string' is not assignable to type 'Season | undefined'.
src/utils/ingredientRecommender.ts(2564,9): error TS2322: Type 'Record<string, unknown>' is not assignable to type 'null'.
src/utils/ingredientUtils.ts(109,4): error TS2304: Cannot find name 'Modality'.
src/utils/lunarPhaseUtils.ts(222,12): error TS2304: Cannot find name 'isValidUnderscorePhase'.
src/utils/planetaryValidation.ts(196,19): error TS2339: Property 'Start' does not exist on type 'object'.
src/utils/planetaryValidation.ts(196,36): error TS2339: Property 'End' does not exist on type 'object'.
src/utils/recipe/recipeAdapter.ts(79,7): error TS2322: Type 'string[]' is not assignable to type 'ZodiacSign[]'.
  Type 'string' is not assignable to type 'ZodiacSign'.
src/utils/recipe/recipeAdapter.ts(83,7): error TS2322: Type 'string[]' is not assignable to type 'LunarPhase[]'.
  Type 'string' is not assignable to type 'LunarPhase'.
src/utils/recipe/recipeMatching.ts(249,84): error TS2304: Cannot find name 'getCurrentElementalState'.
src/utils/recipe/recipeMatching.ts(301,28): error TS2304: Cannot find name 'calculateBaseElements'.
src/utils/recipe/recipeMatching.ts(302,36): error TS2304: Cannot find name 'calculateDominantElements'.
src/utils/recipe/recipeUtils.ts(110,23): error TS2304: Cannot find name 'toArray'.
src/utils/recipe/recipeUtils.ts(127,21): error TS2304: Cannot find name 'toArray'.
src/utils/recipe/recipeUtils.ts(133,21): error TS2304: Cannot find name 'toArray'.
src/utils/recipe/recipeUtils.ts(232,10): error TS2304: Cannot find name 'safeSome'.
src/utils/recommendation/foodRecommendation.ts(58,58): error TS2345: Argument of type 'import("/Users/GregCastro/Desktop/WhatToEatNext/src/types/celestial").Element | undefined' is not assignable to parameter of type 'Element | undefined'.
  Type 'string' is not assignable to type 'Element'.
src/utils/recommendation/foodRecommendation.ts(153,52): error TS2352: Conversion of type 'Element' to type 'keyof ElementalProperties' may be a mistake because neither type sufficiently overlaps with the other. If this was intentional, convert the expression to 'unknown' first.
src/utils/recommendation/foodRecommendation.ts(218,57): error TS2304: Cannot find name 'ZodiacSign'.
src/utils/recommendation/foodRecommendation.ts(237,48): error TS2352: Conversion of type 'Element' to type 'keyof ElementalProperties' may be a mistake because neither type sufficiently overlaps with the other. If this was intentional, convert the expression to 'unknown' first.
src/utils/recommendation/foodRecommendation.ts(263,33): error TS2304: Cannot find name 'ZodiacSign'.
src/utils/recommendation/foodRecommendation.ts(271,38): error TS2322: Type 'string' is not assignable to type 'Element'.
src/utils/recommendation/foodRecommendation.ts(272,39): error TS2322: Type 'string' is not assignable to type 'Element'.
src/utils/recommendation/foodRecommendation.ts(273,37): error TS2322: Type 'string' is not assignable to type 'Element'.
src/utils/recommendation/foodRecommendation.ts(274,39): error TS2322: Type 'string' is not assignable to type 'Element'.
src/utils/recommendation/ingredientRecommendation.ts(215,14): error TS2304: Cannot find name 'Modality'.
src/utils/recommendation/ingredientRecommendation.ts(227,20): error TS2304: Cannot find name 'SensoryProfile'.
src/utils/recommendation/ingredientRecommendation.ts(228,37): error TS2304: Cannot find name 'CookingMethod'.
src/utils/recommendation/ingredientRecommendation.ts(236,25): error TS2304: Cannot find name 'ElementalAffinity'.
src/utils/recommendation/ingredientRecommendation.ts(260,24): error TS2304: Cannot find name 'Modality'.
src/utils/recommendation/ingredientRecommendation.ts(284,25): error TS2304: Cannot find name 'ElementalAffinity'.
src/utils/recommendation/ingredientRecommendation.ts(305,20): error TS2304: Cannot find name 'SensoryProfile'.
src/utils/recommendation/ingredientRecommendation.ts(306,31): error TS2304: Cannot find name 'CookingMethod'.
src/utils/recommendation/ingredientRecommendation.ts(775,16): error TS2352: Conversion of type 'string' to type 'Element' may be a mistake because neither type sufficiently overlaps with the other. If this was intentional, convert the expression to 'unknown' first.
src/utils/recommendation/ingredientRecommendation.ts(826,80): error TS2304: Cannot find name 'Modality'.
src/utils/reliableAstronomy.ts(31,7): error TS2304: Cannot find name 'logger'.
src/utils/reliableAstronomy.ts(37,7): error TS2304: Cannot find name 'logger'.
src/utils/reliableAstronomy.ts(42,7): error TS2304: Cannot find name 'logger'.
src/utils/reliableAstronomy.ts(48,7): error TS2304: Cannot find name 'logger'.
src/utils/reliableAstronomy.ts(62,7): error TS2304: Cannot find name 'logger'.
src/utils/reliableAstronomy.ts(68,7): error TS2304: Cannot find name 'logger'.
src/utils/reliableAstronomy.ts(82,7): error TS2304: Cannot find name 'logger'.
src/utils/reliableAstronomy.ts(89,9): error TS2304: Cannot find name 'logger'.
src/utils/reliableAstronomy.ts(103,9): error TS2304: Cannot find name 'logger'.
src/utils/reliableAstronomy.ts(111,5): error TS2304: Cannot find name 'logger'.
src/utils/reliableAstronomy.ts(114,5): error TS2304: Cannot find name 'logger'.
src/utils/reliableAstronomy.ts(172,9): error TS2304: Cannot find name 'logger'.
src/utils/reliableAstronomy.ts(191,5): error TS2304: Cannot find name 'logger'.
src/utils/reliableAstronomy.ts(234,5): error TS2304: Cannot find name 'logger'.
src/utils/reliableAstronomy.ts(290,5): error TS2304: Cannot find name 'logger'.
src/utils/reliableAstronomy.ts(438,7): error TS2304: Cannot find name 'logger'.
src/utils/reliableAstronomy.ts(443,5): error TS2304: Cannot find name 'logger'.
src/utils/reliableAstronomy.ts(554,7): error TS2304: Cannot find name 'logger'.
src/utils/reliableAstronomy.ts(559,5): error TS2304: Cannot find name 'logger'.
src/utils/seasonalCalculations.ts(156,17): error TS2304: Cannot find name 'getRating'.
src/utils/strictNullChecksHelper.ts(74,3): error TS2322: Type 'unknown' is not assignable to type 'ReturnType<T> | undefined'.
src/utils/typeValidation.ts(314,13): error TS2304: Cannot find name 'PlanetPosition'.
src/utils/typeValidation.ts(320,4): error TS2304: Cannot find name 'PlanetPosition'.
src/utils/typeValidation.ts(326,13): error TS2304: Cannot find name 'CookingMethod'.
src/utils/typeValidation.ts(331,4): error TS2304: Cannot find name 'CookingMethod'.
