<?xml version="1.0" encoding="UTF-8"?>
<testsuites name="jest tests" tests="2464" failures="0" errors="0" time="10.446">
  <testsuite name="useFoodDiary hook" errors="0" failures="0" skipped="0" timestamp="2026-04-25T16:25:06" time="0.984" tests="12">
    <testcase classname="useFoodDiary hook › Initial Loading" name="loads guest data on mount using Server Actions" time="0.069">
    </testcase>
    <testcase classname="useFoodDiary hook › Initial Loading" name="loads authenticated data on mount using fetch API" time="0.055">
    </testcase>
    <testcase classname="useFoodDiary hook › Initial Loading" name="handles errors gracefully" time="0.055">
    </testcase>
    <testcase classname="useFoodDiary hook › CRUD Operations" name="adds an entry and refreshes data" time="0.066">
    </testcase>
    <testcase classname="useFoodDiary hook › CRUD Operations" name="updates an entry" time="0.005">
    </testcase>
    <testcase classname="useFoodDiary hook › CRUD Operations" name="deletes an entry" time="0.007">
    </testcase>
    <testcase classname="useFoodDiary hook › Navigation" name="goes to previous day" time="0.052">
    </testcase>
    <testcase classname="useFoodDiary hook › Navigation" name="goes to next day" time="0.023">
    </testcase>
    <testcase classname="useFoodDiary hook › Quick Food &amp; Search" name="adds a quick food item" time="0.048">
    </testcase>
    <testcase classname="useFoodDiary hook › Quick Food &amp; Search" name="searches foods" time="0.006">
    </testcase>
    <testcase classname="Sub-hooks" name="useQuickFoodEntry fetches presets on mount" time="0.061">
    </testcase>
    <testcase classname="Sub-hooks" name="useFoodDiaryInsights provides computed insights" time="0.055">
    </testcase>
  </testsuite>
  <testsuite name="useFoodDiary hook" errors="0" failures="0" skipped="0" timestamp="2026-04-25T16:25:06" time="0.987" tests="12">
    <testcase classname="useFoodDiary hook › Initial Loading" name="loads guest data on mount using Server Actions" time="0.068">
    </testcase>
    <testcase classname="useFoodDiary hook › Initial Loading" name="loads authenticated data on mount using fetch API" time="0.056">
    </testcase>
    <testcase classname="useFoodDiary hook › Initial Loading" name="handles errors gracefully" time="0.055">
    </testcase>
    <testcase classname="useFoodDiary hook › CRUD Operations" name="adds an entry and refreshes data" time="0.068">
    </testcase>
    <testcase classname="useFoodDiary hook › CRUD Operations" name="updates an entry" time="0.006">
    </testcase>
    <testcase classname="useFoodDiary hook › CRUD Operations" name="deletes an entry" time="0.008">
    </testcase>
    <testcase classname="useFoodDiary hook › Navigation" name="goes to previous day" time="0.044">
    </testcase>
    <testcase classname="useFoodDiary hook › Navigation" name="goes to next day" time="0.023">
    </testcase>
    <testcase classname="useFoodDiary hook › Quick Food &amp; Search" name="adds a quick food item" time="0.06">
    </testcase>
    <testcase classname="useFoodDiary hook › Quick Food &amp; Search" name="searches foods" time="0.006">
    </testcase>
    <testcase classname="Sub-hooks" name="useQuickFoodEntry fetches presets on mount" time="0.055">
    </testcase>
    <testcase classname="Sub-hooks" name="useFoodDiaryInsights provides computed insights" time="0.056">
    </testcase>
  </testsuite>
  <testsuite name="useFoodDiary hook" errors="0" failures="0" skipped="0" timestamp="2026-04-25T16:25:06" time="0.992" tests="12">
    <testcase classname="useFoodDiary hook › Initial Loading" name="loads guest data on mount using Server Actions" time="0.068">
    </testcase>
    <testcase classname="useFoodDiary hook › Initial Loading" name="loads authenticated data on mount using fetch API" time="0.055">
    </testcase>
    <testcase classname="useFoodDiary hook › Initial Loading" name="handles errors gracefully" time="0.054">
    </testcase>
    <testcase classname="useFoodDiary hook › CRUD Operations" name="adds an entry and refreshes data" time="0.068">
    </testcase>
    <testcase classname="useFoodDiary hook › CRUD Operations" name="updates an entry" time="0.004">
    </testcase>
    <testcase classname="useFoodDiary hook › CRUD Operations" name="deletes an entry" time="0.007">
    </testcase>
    <testcase classname="useFoodDiary hook › Navigation" name="goes to previous day" time="0.052">
    </testcase>
    <testcase classname="useFoodDiary hook › Navigation" name="goes to next day" time="0.027">
    </testcase>
    <testcase classname="useFoodDiary hook › Quick Food &amp; Search" name="adds a quick food item" time="0.056">
    </testcase>
    <testcase classname="useFoodDiary hook › Quick Food &amp; Search" name="searches foods" time="0.008">
    </testcase>
    <testcase classname="Sub-hooks" name="useQuickFoodEntry fetches presets on mount" time="0.056">
    </testcase>
    <testcase classname="Sub-hooks" name="useFoodDiaryInsights provides computed insights" time="0.055">
    </testcase>
  </testsuite>
  <testsuite name="useFoodDiary hook" errors="0" failures="0" skipped="0" timestamp="2026-04-25T16:25:06" time="1.023" tests="12">
    <testcase classname="useFoodDiary hook › Initial Loading" name="loads guest data on mount using Server Actions" time="0.064">
    </testcase>
    <testcase classname="useFoodDiary hook › Initial Loading" name="loads authenticated data on mount using fetch API" time="0.056">
    </testcase>
    <testcase classname="useFoodDiary hook › Initial Loading" name="handles errors gracefully" time="0.056">
    </testcase>
    <testcase classname="useFoodDiary hook › CRUD Operations" name="adds an entry and refreshes data" time="0.073">
    </testcase>
    <testcase classname="useFoodDiary hook › CRUD Operations" name="updates an entry" time="0.014">
    </testcase>
    <testcase classname="useFoodDiary hook › CRUD Operations" name="deletes an entry" time="0.015">
    </testcase>
    <testcase classname="useFoodDiary hook › Navigation" name="goes to previous day" time="0.056">
    </testcase>
    <testcase classname="useFoodDiary hook › Navigation" name="goes to next day" time="0.031">
    </testcase>
    <testcase classname="useFoodDiary hook › Quick Food &amp; Search" name="adds a quick food item" time="0.036">
    </testcase>
    <testcase classname="useFoodDiary hook › Quick Food &amp; Search" name="searches foods" time="0.002">
    </testcase>
    <testcase classname="Sub-hooks" name="useQuickFoodEntry fetches presets on mount" time="0.053">
    </testcase>
    <testcase classname="Sub-hooks" name="useFoodDiaryInsights provides computed insights" time="0.056">
    </testcase>
  </testsuite>
  <testsuite name="useFoodDiary hook" errors="0" failures="0" skipped="0" timestamp="2026-04-25T16:25:07" time="0.54" tests="12">
    <testcase classname="useFoodDiary hook › Initial Loading" name="loads guest data on mount using Server Actions" time="0.063">
    </testcase>
    <testcase classname="useFoodDiary hook › Initial Loading" name="loads authenticated data on mount using fetch API" time="0.054">
    </testcase>
    <testcase classname="useFoodDiary hook › Initial Loading" name="handles errors gracefully" time="0.053">
    </testcase>
    <testcase classname="useFoodDiary hook › CRUD Operations" name="adds an entry and refreshes data" time="0.033">
    </testcase>
    <testcase classname="useFoodDiary hook › CRUD Operations" name="updates an entry" time="0.006">
    </testcase>
    <testcase classname="useFoodDiary hook › CRUD Operations" name="deletes an entry" time="0.003">
    </testcase>
    <testcase classname="useFoodDiary hook › Navigation" name="goes to previous day" time="0.02">
    </testcase>
    <testcase classname="useFoodDiary hook › Navigation" name="goes to next day" time="0.017">
    </testcase>
    <testcase classname="useFoodDiary hook › Quick Food &amp; Search" name="adds a quick food item" time="0.037">
    </testcase>
    <testcase classname="useFoodDiary hook › Quick Food &amp; Search" name="searches foods" time="0.005">
    </testcase>
    <testcase classname="Sub-hooks" name="useQuickFoodEntry fetches presets on mount" time="0.056">
    </testcase>
    <testcase classname="Sub-hooks" name="useFoodDiaryInsights provides computed insights" time="0.055">
    </testcase>
  </testsuite>
  <testsuite name="useFoodDiary hook" errors="0" failures="0" skipped="0" timestamp="2026-04-25T16:25:07" time="0.538" tests="12">
    <testcase classname="useFoodDiary hook › Initial Loading" name="loads guest data on mount using Server Actions" time="0.065">
    </testcase>
    <testcase classname="useFoodDiary hook › Initial Loading" name="loads authenticated data on mount using fetch API" time="0.054">
    </testcase>
    <testcase classname="useFoodDiary hook › Initial Loading" name="handles errors gracefully" time="0.055">
    </testcase>
    <testcase classname="useFoodDiary hook › CRUD Operations" name="adds an entry and refreshes data" time="0.032">
    </testcase>
    <testcase classname="useFoodDiary hook › CRUD Operations" name="updates an entry" time="0.004">
    </testcase>
    <testcase classname="useFoodDiary hook › CRUD Operations" name="deletes an entry" time="0.003">
    </testcase>
    <testcase classname="useFoodDiary hook › Navigation" name="goes to previous day" time="0.019">
    </testcase>
    <testcase classname="useFoodDiary hook › Navigation" name="goes to next day" time="0.018">
    </testcase>
    <testcase classname="useFoodDiary hook › Quick Food &amp; Search" name="adds a quick food item" time="0.04">
    </testcase>
    <testcase classname="useFoodDiary hook › Quick Food &amp; Search" name="searches foods" time="0.004">
    </testcase>
    <testcase classname="Sub-hooks" name="useQuickFoodEntry fetches presets on mount" time="0.055">
    </testcase>
    <testcase classname="Sub-hooks" name="useFoodDiaryInsights provides computed insights" time="0.054">
    </testcase>
  </testsuite>
  <testsuite name="useFoodDiary hook" errors="0" failures="0" skipped="0" timestamp="2026-04-25T16:25:07" time="0.551" tests="12">
    <testcase classname="useFoodDiary hook › Initial Loading" name="loads guest data on mount using Server Actions" time="0.062">
    </testcase>
    <testcase classname="useFoodDiary hook › Initial Loading" name="loads authenticated data on mount using fetch API" time="0.054">
    </testcase>
    <testcase classname="useFoodDiary hook › Initial Loading" name="handles errors gracefully" time="0.055">
    </testcase>
    <testcase classname="useFoodDiary hook › CRUD Operations" name="adds an entry and refreshes data" time="0.032">
    </testcase>
    <testcase classname="useFoodDiary hook › CRUD Operations" name="updates an entry" time="0.005">
    </testcase>
    <testcase classname="useFoodDiary hook › CRUD Operations" name="deletes an entry" time="0.006">
    </testcase>
    <testcase classname="useFoodDiary hook › Navigation" name="goes to previous day" time="0.016">
    </testcase>
    <testcase classname="useFoodDiary hook › Navigation" name="goes to next day" time="0.025">
    </testcase>
    <testcase classname="useFoodDiary hook › Quick Food &amp; Search" name="adds a quick food item" time="0.042">
    </testcase>
    <testcase classname="useFoodDiary hook › Quick Food &amp; Search" name="searches foods" time="0.002">
    </testcase>
    <testcase classname="Sub-hooks" name="useQuickFoodEntry fetches presets on mount" time="0.053">
    </testcase>
    <testcase classname="Sub-hooks" name="useFoodDiaryInsights provides computed insights" time="0.058">
    </testcase>
  </testsuite>
  <testsuite name="useFoodDiary hook" errors="0" failures="0" skipped="0" timestamp="2026-04-25T16:25:08" time="0.54" tests="12">
    <testcase classname="useFoodDiary hook › Initial Loading" name="loads guest data on mount using Server Actions" time="0.061">
    </testcase>
    <testcase classname="useFoodDiary hook › Initial Loading" name="loads authenticated data on mount using fetch API" time="0.054">
    </testcase>
    <testcase classname="useFoodDiary hook › Initial Loading" name="handles errors gracefully" time="0.054">
    </testcase>
    <testcase classname="useFoodDiary hook › CRUD Operations" name="adds an entry and refreshes data" time="0.047">
    </testcase>
    <testcase classname="useFoodDiary hook › CRUD Operations" name="updates an entry" time="0.004">
    </testcase>
    <testcase classname="useFoodDiary hook › CRUD Operations" name="deletes an entry" time="0.005">
    </testcase>
    <testcase classname="useFoodDiary hook › Navigation" name="goes to previous day" time="0.022">
    </testcase>
    <testcase classname="useFoodDiary hook › Navigation" name="goes to next day" time="0.014">
    </testcase>
    <testcase classname="useFoodDiary hook › Quick Food &amp; Search" name="adds a quick food item" time="0.025">
    </testcase>
    <testcase classname="useFoodDiary hook › Quick Food &amp; Search" name="searches foods" time="0.001">
    </testcase>
    <testcase classname="Sub-hooks" name="useQuickFoodEntry fetches presets on mount" time="0.054">
    </testcase>
    <testcase classname="Sub-hooks" name="useFoodDiaryInsights provides computed insights" time="0.056">
    </testcase>
  </testsuite>
  <testsuite name="CircuitBreaker" errors="0" failures="0" skipped="0" timestamp="2026-04-25T16:25:08" time="0.247" tests="10">
    <testcase classname="CircuitBreaker › CLOSED state (default)" name="starts in CLOSED state" time="0.001">
    </testcase>
    <testcase classname="CircuitBreaker › CLOSED state (default)" name="passes through successful calls" time="0.001">
    </testcase>
    <testcase classname="CircuitBreaker › CLOSED state (default)" name="propagates errors when no fallback" time="0.009">
    </testcase>
    <testcase classname="CircuitBreaker › CLOSED state (default)" name="uses fallback on failure when provided" time="0">
    </testcase>
    <testcase classname="CircuitBreaker › CLOSED → OPEN transition" name="opens after reaching failure threshold" time="0.001">
    </testcase>
    <testcase classname="CircuitBreaker › CLOSED → OPEN transition" name="stays closed below threshold" time="0">
    </testcase>
    <testcase classname="CircuitBreaker › OPEN state" name="rejects calls immediately when open (no fallback)" time="0.001">
    </testcase>
    <testcase classname="CircuitBreaker › OPEN state" name="uses fallback when open" time="0">
    </testcase>
    <testcase classname="CircuitBreaker › OPEN → HALF_OPEN transition" name="transitions to HALF_OPEN after resetTimeout" time="0.153">
    </testcase>
    <testcase classname="CircuitBreaker › reset()" name="resets state to CLOSED" time="0.001">
    </testcase>
  </testsuite>
  <testsuite name="Recipe Computation Pipeline" errors="0" failures="0" skipped="0" timestamp="2026-04-25T16:25:08" time="0.478" tests="15">
    <testcase classname="Recipe Computation Pipeline › Core Computation Functions" name="computeRecipeProperties returns complete computed properties" time="0.015">
    </testcase>
    <testcase classname="Recipe Computation Pipeline › Core Computation Functions" name="computeRecipePropertiesSimple provides default options" time="0.006">
    </testcase>
    <testcase classname="Recipe Computation Pipeline › Core Computation Functions" name="throws error when planetary positions are missing" time="0.018">
    </testcase>
    <testcase classname="Recipe Computation Pipeline › Kinetic Properties Calculation" name="calculateRecipeKinetics generates P=IV circuit properties" time="0.001">
    </testcase>
    <testcase classname="Recipe Computation Pipeline › Kinetic Properties Calculation" name="kinetic properties reflect recipe composition" time="0.002">
    </testcase>
    <testcase classname="Recipe Computation Pipeline › Ingredient Processing" name="aggregateIngredientElementals combines ingredient properties" time="0.001">
    </testcase>
    <testcase classname="Recipe Computation Pipeline › Ingredient Processing" name="scaleIngredientByQuantity applies logarithmic scaling" time="0">
    </testcase>
    <testcase classname="Recipe Computation Pipeline › Ingredient Processing" name="handles empty ingredient list gracefully" time="0.001">
    </testcase>
    <testcase classname="Recipe Computation Pipeline › Cooking Method Transformations" name="applyCookingMethodTransforms modifies elemental properties" time="0">
    </testcase>
    <testcase classname="Recipe Computation Pipeline › Cooking Method Transformations" name="handles unknown cooking methods gracefully" time="0.006">
    </testcase>
    <testcase classname="Recipe Computation Pipeline › Cooking Method Transformations" name="applies multiple cooking methods sequentially" time="0.003">
    </testcase>
    <testcase classname="Recipe Computation Pipeline › Integration Tests" name="complete pipeline produces consistent results" time="0.005">
    </testcase>
    <testcase classname="Recipe Computation Pipeline › Integration Tests" name="different planetary positions produce different results" time="0.006">
    </testcase>
    <testcase classname="Recipe Computation Pipeline › Integration Tests" name="cooking methods affect final elemental balance" time="0.008">
    </testcase>
    <testcase classname="Recipe Computation Pipeline › Performance Tests" name="computation completes within performance targets" time="0.031">
    </testcase>
  </testsuite>
  <testsuite name="Recipe Computation Pipeline" errors="0" failures="0" skipped="0" timestamp="2026-04-25T16:25:08" time="0.502" tests="15">
    <testcase classname="Recipe Computation Pipeline › Core Computation Functions" name="computeRecipeProperties returns complete computed properties" time="0.016">
    </testcase>
    <testcase classname="Recipe Computation Pipeline › Core Computation Functions" name="computeRecipePropertiesSimple provides default options" time="0.006">
    </testcase>
    <testcase classname="Recipe Computation Pipeline › Core Computation Functions" name="throws error when planetary positions are missing" time="0.013">
    </testcase>
    <testcase classname="Recipe Computation Pipeline › Kinetic Properties Calculation" name="calculateRecipeKinetics generates P=IV circuit properties" time="0.001">
    </testcase>
    <testcase classname="Recipe Computation Pipeline › Kinetic Properties Calculation" name="kinetic properties reflect recipe composition" time="0">
    </testcase>
    <testcase classname="Recipe Computation Pipeline › Ingredient Processing" name="aggregateIngredientElementals combines ingredient properties" time="0.006">
    </testcase>
    <testcase classname="Recipe Computation Pipeline › Ingredient Processing" name="scaleIngredientByQuantity applies logarithmic scaling" time="0.002">
    </testcase>
    <testcase classname="Recipe Computation Pipeline › Ingredient Processing" name="handles empty ingredient list gracefully" time="0.001">
    </testcase>
    <testcase classname="Recipe Computation Pipeline › Cooking Method Transformations" name="applyCookingMethodTransforms modifies elemental properties" time="0.005">
    </testcase>
    <testcase classname="Recipe Computation Pipeline › Cooking Method Transformations" name="handles unknown cooking methods gracefully" time="0.004">
    </testcase>
    <testcase classname="Recipe Computation Pipeline › Cooking Method Transformations" name="applies multiple cooking methods sequentially" time="0.001">
    </testcase>
    <testcase classname="Recipe Computation Pipeline › Integration Tests" name="complete pipeline produces consistent results" time="0.005">
    </testcase>
    <testcase classname="Recipe Computation Pipeline › Integration Tests" name="different planetary positions produce different results" time="0.007">
    </testcase>
    <testcase classname="Recipe Computation Pipeline › Integration Tests" name="cooking methods affect final elemental balance" time="0.007">
    </testcase>
    <testcase classname="Recipe Computation Pipeline › Performance Tests" name="computation completes within performance targets" time="0.036">
    </testcase>
  </testsuite>
  <testsuite name="Recipe Computation Pipeline" errors="0" failures="0" skipped="0" timestamp="2026-04-25T16:25:08" time="0.506" tests="15">
    <testcase classname="Recipe Computation Pipeline › Core Computation Functions" name="computeRecipeProperties returns complete computed properties" time="0.018">
    </testcase>
    <testcase classname="Recipe Computation Pipeline › Core Computation Functions" name="computeRecipePropertiesSimple provides default options" time="0.006">
    </testcase>
    <testcase classname="Recipe Computation Pipeline › Core Computation Functions" name="throws error when planetary positions are missing" time="0.023">
    </testcase>
    <testcase classname="Recipe Computation Pipeline › Kinetic Properties Calculation" name="calculateRecipeKinetics generates P=IV circuit properties" time="0.001">
    </testcase>
    <testcase classname="Recipe Computation Pipeline › Kinetic Properties Calculation" name="kinetic properties reflect recipe composition" time="0.001">
    </testcase>
    <testcase classname="Recipe Computation Pipeline › Ingredient Processing" name="aggregateIngredientElementals combines ingredient properties" time="0.001">
    </testcase>
    <testcase classname="Recipe Computation Pipeline › Ingredient Processing" name="scaleIngredientByQuantity applies logarithmic scaling" time="0.001">
    </testcase>
    <testcase classname="Recipe Computation Pipeline › Ingredient Processing" name="handles empty ingredient list gracefully" time="0.001">
    </testcase>
    <testcase classname="Recipe Computation Pipeline › Cooking Method Transformations" name="applyCookingMethodTransforms modifies elemental properties" time="0.001">
    </testcase>
    <testcase classname="Recipe Computation Pipeline › Cooking Method Transformations" name="handles unknown cooking methods gracefully" time="0.007">
    </testcase>
    <testcase classname="Recipe Computation Pipeline › Cooking Method Transformations" name="applies multiple cooking methods sequentially" time="0">
    </testcase>
    <testcase classname="Recipe Computation Pipeline › Integration Tests" name="complete pipeline produces consistent results" time="0.006">
    </testcase>
    <testcase classname="Recipe Computation Pipeline › Integration Tests" name="different planetary positions produce different results" time="0.01">
    </testcase>
    <testcase classname="Recipe Computation Pipeline › Integration Tests" name="cooking methods affect final elemental balance" time="0.006">
    </testcase>
    <testcase classname="Recipe Computation Pipeline › Performance Tests" name="computation completes within performance targets" time="0.032">
    </testcase>
  </testsuite>
  <testsuite name="Recipe Computation Pipeline" errors="0" failures="0" skipped="0" timestamp="2026-04-25T16:25:08" time="0.412" tests="15">
    <testcase classname="Recipe Computation Pipeline › Core Computation Functions" name="computeRecipeProperties returns complete computed properties" time="0.008">
    </testcase>
    <testcase classname="Recipe Computation Pipeline › Core Computation Functions" name="computeRecipePropertiesSimple provides default options" time="0.005">
    </testcase>
    <testcase classname="Recipe Computation Pipeline › Core Computation Functions" name="throws error when planetary positions are missing" time="0.011">
    </testcase>
    <testcase classname="Recipe Computation Pipeline › Kinetic Properties Calculation" name="calculateRecipeKinetics generates P=IV circuit properties" time="0.001">
    </testcase>
    <testcase classname="Recipe Computation Pipeline › Kinetic Properties Calculation" name="kinetic properties reflect recipe composition" time="0.001">
    </testcase>
    <testcase classname="Recipe Computation Pipeline › Ingredient Processing" name="aggregateIngredientElementals combines ingredient properties" time="0">
    </testcase>
    <testcase classname="Recipe Computation Pipeline › Ingredient Processing" name="scaleIngredientByQuantity applies logarithmic scaling" time="0.001">
    </testcase>
    <testcase classname="Recipe Computation Pipeline › Ingredient Processing" name="handles empty ingredient list gracefully" time="0">
    </testcase>
    <testcase classname="Recipe Computation Pipeline › Cooking Method Transformations" name="applyCookingMethodTransforms modifies elemental properties" time="0.001">
    </testcase>
    <testcase classname="Recipe Computation Pipeline › Cooking Method Transformations" name="handles unknown cooking methods gracefully" time="0.004">
    </testcase>
    <testcase classname="Recipe Computation Pipeline › Cooking Method Transformations" name="applies multiple cooking methods sequentially" time="0.001">
    </testcase>
    <testcase classname="Recipe Computation Pipeline › Integration Tests" name="complete pipeline produces consistent results" time="0.005">
    </testcase>
    <testcase classname="Recipe Computation Pipeline › Integration Tests" name="different planetary positions produce different results" time="0.006">
    </testcase>
    <testcase classname="Recipe Computation Pipeline › Integration Tests" name="cooking methods affect final elemental balance" time="0.003">
    </testcase>
    <testcase classname="Recipe Computation Pipeline › Performance Tests" name="computation completes within performance targets" time="0.022">
    </testcase>
  </testsuite>
  <testsuite name="CircuitBreaker" errors="0" failures="0" skipped="0" timestamp="2026-04-25T16:25:09" time="0.234" tests="10">
    <testcase classname="CircuitBreaker › CLOSED state (default)" name="starts in CLOSED state" time="0.002">
    </testcase>
    <testcase classname="CircuitBreaker › CLOSED state (default)" name="passes through successful calls" time="0.002">
    </testcase>
    <testcase classname="CircuitBreaker › CLOSED state (default)" name="propagates errors when no fallback" time="0.007">
    </testcase>
    <testcase classname="CircuitBreaker › CLOSED state (default)" name="uses fallback on failure when provided" time="0">
    </testcase>
    <testcase classname="CircuitBreaker › CLOSED → OPEN transition" name="opens after reaching failure threshold" time="0.001">
    </testcase>
    <testcase classname="CircuitBreaker › CLOSED → OPEN transition" name="stays closed below threshold" time="0">
    </testcase>
    <testcase classname="CircuitBreaker › OPEN state" name="rejects calls immediately when open (no fallback)" time="0.001">
    </testcase>
    <testcase classname="CircuitBreaker › OPEN state" name="uses fallback when open" time="0.001">
    </testcase>
    <testcase classname="CircuitBreaker › OPEN → HALF_OPEN transition" name="transitions to HALF_OPEN after resetTimeout" time="0.152">
    </testcase>
    <testcase classname="CircuitBreaker › reset()" name="resets state to CLOSED" time="0">
    </testcase>
  </testsuite>
  <testsuite name="CircuitBreaker" errors="0" failures="0" skipped="0" timestamp="2026-04-25T16:25:09" time="0.244" tests="10">
    <testcase classname="CircuitBreaker › CLOSED state (default)" name="starts in CLOSED state" time="0.001">
    </testcase>
    <testcase classname="CircuitBreaker › CLOSED state (default)" name="passes through successful calls" time="0.001">
    </testcase>
    <testcase classname="CircuitBreaker › CLOSED state (default)" name="propagates errors when no fallback" time="0.006">
    </testcase>
    <testcase classname="CircuitBreaker › CLOSED state (default)" name="uses fallback on failure when provided" time="0">
    </testcase>
    <testcase classname="CircuitBreaker › CLOSED → OPEN transition" name="opens after reaching failure threshold" time="0.001">
    </testcase>
    <testcase classname="CircuitBreaker › CLOSED → OPEN transition" name="stays closed below threshold" time="0">
    </testcase>
    <testcase classname="CircuitBreaker › OPEN state" name="rejects calls immediately when open (no fallback)" time="0.001">
    </testcase>
    <testcase classname="CircuitBreaker › OPEN state" name="uses fallback when open" time="0">
    </testcase>
    <testcase classname="CircuitBreaker › OPEN → HALF_OPEN transition" name="transitions to HALF_OPEN after resetTimeout" time="0.153">
    </testcase>
    <testcase classname="CircuitBreaker › reset()" name="resets state to CLOSED" time="0.001">
    </testcase>
  </testsuite>
  <testsuite name="Recipe Computation Pipeline" errors="0" failures="0" skipped="0" timestamp="2026-04-25T16:25:09" time="0.29" tests="15">
    <testcase classname="Recipe Computation Pipeline › Core Computation Functions" name="computeRecipeProperties returns complete computed properties" time="0.006">
    </testcase>
    <testcase classname="Recipe Computation Pipeline › Core Computation Functions" name="computeRecipePropertiesSimple provides default options" time="0.005">
    </testcase>
    <testcase classname="Recipe Computation Pipeline › Core Computation Functions" name="throws error when planetary positions are missing" time="0.01">
    </testcase>
    <testcase classname="Recipe Computation Pipeline › Kinetic Properties Calculation" name="calculateRecipeKinetics generates P=IV circuit properties" time="0.001">
    </testcase>
    <testcase classname="Recipe Computation Pipeline › Kinetic Properties Calculation" name="kinetic properties reflect recipe composition" time="0.001">
    </testcase>
    <testcase classname="Recipe Computation Pipeline › Ingredient Processing" name="aggregateIngredientElementals combines ingredient properties" time="0.001">
    </testcase>
    <testcase classname="Recipe Computation Pipeline › Ingredient Processing" name="scaleIngredientByQuantity applies logarithmic scaling" time="0">
    </testcase>
    <testcase classname="Recipe Computation Pipeline › Ingredient Processing" name="handles empty ingredient list gracefully" time="0">
    </testcase>
    <testcase classname="Recipe Computation Pipeline › Cooking Method Transformations" name="applyCookingMethodTransforms modifies elemental properties" time="0.001">
    </testcase>
    <testcase classname="Recipe Computation Pipeline › Cooking Method Transformations" name="handles unknown cooking methods gracefully" time="0.002">
    </testcase>
    <testcase classname="Recipe Computation Pipeline › Cooking Method Transformations" name="applies multiple cooking methods sequentially" time="0.001">
    </testcase>
    <testcase classname="Recipe Computation Pipeline › Integration Tests" name="complete pipeline produces consistent results" time="0.006">
    </testcase>
    <testcase classname="Recipe Computation Pipeline › Integration Tests" name="different planetary positions produce different results" time="0.007">
    </testcase>
    <testcase classname="Recipe Computation Pipeline › Integration Tests" name="cooking methods affect final elemental balance" time="0.006">
    </testcase>
    <testcase classname="Recipe Computation Pipeline › Performance Tests" name="computation completes within performance targets" time="0.029">
    </testcase>
  </testsuite>
  <testsuite name="CircuitBreaker" errors="0" failures="0" skipped="0" timestamp="2026-04-25T16:25:09" time="0.234" tests="10">
    <testcase classname="CircuitBreaker › CLOSED state (default)" name="starts in CLOSED state" time="0.001">
    </testcase>
    <testcase classname="CircuitBreaker › CLOSED state (default)" name="passes through successful calls" time="0">
    </testcase>
    <testcase classname="CircuitBreaker › CLOSED state (default)" name="propagates errors when no fallback" time="0.006">
    </testcase>
    <testcase classname="CircuitBreaker › CLOSED state (default)" name="uses fallback on failure when provided" time="0.001">
    </testcase>
    <testcase classname="CircuitBreaker › CLOSED → OPEN transition" name="opens after reaching failure threshold" time="0">
    </testcase>
    <testcase classname="CircuitBreaker › CLOSED → OPEN transition" name="stays closed below threshold" time="0.001">
    </testcase>
    <testcase classname="CircuitBreaker › OPEN state" name="rejects calls immediately when open (no fallback)" time="0.001">
    </testcase>
    <testcase classname="CircuitBreaker › OPEN state" name="uses fallback when open" time="0">
    </testcase>
    <testcase classname="CircuitBreaker › OPEN → HALF_OPEN transition" name="transitions to HALF_OPEN after resetTimeout" time="0.151">
    </testcase>
    <testcase classname="CircuitBreaker › reset()" name="resets state to CLOSED" time="0.001">
    </testcase>
  </testsuite>
  <testsuite name="CircuitBreaker" errors="0" failures="0" skipped="0" timestamp="2026-04-25T16:25:09" time="0.236" tests="10">
    <testcase classname="CircuitBreaker › CLOSED state (default)" name="starts in CLOSED state" time="0.001">
    </testcase>
    <testcase classname="CircuitBreaker › CLOSED state (default)" name="passes through successful calls" time="0.004">
    </testcase>
    <testcase classname="CircuitBreaker › CLOSED state (default)" name="propagates errors when no fallback" time="0.005">
    </testcase>
    <testcase classname="CircuitBreaker › CLOSED state (default)" name="uses fallback on failure when provided" time="0.001">
    </testcase>
    <testcase classname="CircuitBreaker › CLOSED → OPEN transition" name="opens after reaching failure threshold" time="0">
    </testcase>
    <testcase classname="CircuitBreaker › CLOSED → OPEN transition" name="stays closed below threshold" time="0">
    </testcase>
    <testcase classname="CircuitBreaker › OPEN state" name="rejects calls immediately when open (no fallback)" time="0.001">
    </testcase>
    <testcase classname="CircuitBreaker › OPEN state" name="uses fallback when open" time="0">
    </testcase>
    <testcase classname="CircuitBreaker › OPEN → HALF_OPEN transition" name="transitions to HALF_OPEN after resetTimeout" time="0.152">
    </testcase>
    <testcase classname="CircuitBreaker › reset()" name="resets state to CLOSED" time="0.001">
    </testcase>
  </testsuite>
  <testsuite name="CircuitBreaker" errors="0" failures="0" skipped="0" timestamp="2026-04-25T16:25:09" time="0.232" tests="10">
    <testcase classname="CircuitBreaker › CLOSED state (default)" name="starts in CLOSED state" time="0.004">
    </testcase>
    <testcase classname="CircuitBreaker › CLOSED state (default)" name="passes through successful calls" time="0.001">
    </testcase>
    <testcase classname="CircuitBreaker › CLOSED state (default)" name="propagates errors when no fallback" time="0.005">
    </testcase>
    <testcase classname="CircuitBreaker › CLOSED state (default)" name="uses fallback on failure when provided" time="0">
    </testcase>
    <testcase classname="CircuitBreaker › CLOSED → OPEN transition" name="opens after reaching failure threshold" time="0.001">
    </testcase>
    <testcase classname="CircuitBreaker › CLOSED → OPEN transition" name="stays closed below threshold" time="0">
    </testcase>
    <testcase classname="CircuitBreaker › OPEN state" name="rejects calls immediately when open (no fallback)" time="0.001">
    </testcase>
    <testcase classname="CircuitBreaker › OPEN state" name="uses fallback when open" time="0">
    </testcase>
    <testcase classname="CircuitBreaker › OPEN → HALF_OPEN transition" name="transitions to HALF_OPEN after resetTimeout" time="0.151">
    </testcase>
    <testcase classname="CircuitBreaker › reset()" name="resets state to CLOSED" time="0.001">
    </testcase>
  </testsuite>
  <testsuite name="CircuitBreaker" errors="0" failures="0" skipped="0" timestamp="2026-04-25T16:25:09" time="0.223" tests="10">
    <testcase classname="CircuitBreaker › CLOSED state (default)" name="starts in CLOSED state" time="0.001">
    </testcase>
    <testcase classname="CircuitBreaker › CLOSED state (default)" name="passes through successful calls" time="0.001">
    </testcase>
    <testcase classname="CircuitBreaker › CLOSED state (default)" name="propagates errors when no fallback" time="0.005">
    </testcase>
    <testcase classname="CircuitBreaker › CLOSED state (default)" name="uses fallback on failure when provided" time="0.001">
    </testcase>
    <testcase classname="CircuitBreaker › CLOSED → OPEN transition" name="opens after reaching failure threshold" time="0">
    </testcase>
    <testcase classname="CircuitBreaker › CLOSED → OPEN transition" name="stays closed below threshold" time="0">
    </testcase>
    <testcase classname="CircuitBreaker › OPEN state" name="rejects calls immediately when open (no fallback)" time="0.001">
    </testcase>
    <testcase classname="CircuitBreaker › OPEN state" name="uses fallback when open" time="0">
    </testcase>
    <testcase classname="CircuitBreaker › OPEN → HALF_OPEN transition" name="transitions to HALF_OPEN after resetTimeout" time="0.152">
    </testcase>
    <testcase classname="CircuitBreaker › reset()" name="resets state to CLOSED" time="0.001">
    </testcase>
  </testsuite>
  <testsuite name="CircuitBreaker" errors="0" failures="0" skipped="0" timestamp="2026-04-25T16:25:09" time="0.23" tests="10">
    <testcase classname="CircuitBreaker › CLOSED state (default)" name="starts in CLOSED state" time="0.001">
    </testcase>
    <testcase classname="CircuitBreaker › CLOSED state (default)" name="passes through successful calls" time="0">
    </testcase>
    <testcase classname="CircuitBreaker › CLOSED state (default)" name="propagates errors when no fallback" time="0.006">
    </testcase>
    <testcase classname="CircuitBreaker › CLOSED state (default)" name="uses fallback on failure when provided" time="0">
    </testcase>
    <testcase classname="CircuitBreaker › CLOSED → OPEN transition" name="opens after reaching failure threshold" time="0">
    </testcase>
    <testcase classname="CircuitBreaker › CLOSED → OPEN transition" name="stays closed below threshold" time="0">
    </testcase>
    <testcase classname="CircuitBreaker › OPEN state" name="rejects calls immediately when open (no fallback)" time="0.001">
    </testcase>
    <testcase classname="CircuitBreaker › OPEN state" name="uses fallback when open" time="0">
    </testcase>
    <testcase classname="CircuitBreaker › OPEN → HALF_OPEN transition" name="transitions to HALF_OPEN after resetTimeout" time="0.153">
    </testcase>
    <testcase classname="CircuitBreaker › reset()" name="resets state to CLOSED" time="0.002">
    </testcase>
  </testsuite>
  <testsuite name="Recipe Computation Pipeline" errors="0" failures="0" skipped="0" timestamp="2026-04-25T16:25:09" time="0.354" tests="15">
    <testcase classname="Recipe Computation Pipeline › Core Computation Functions" name="computeRecipeProperties returns complete computed properties" time="0.006">
    </testcase>
    <testcase classname="Recipe Computation Pipeline › Core Computation Functions" name="computeRecipePropertiesSimple provides default options" time="0.003">
    </testcase>
    <testcase classname="Recipe Computation Pipeline › Core Computation Functions" name="throws error when planetary positions are missing" time="0.015">
    </testcase>
    <testcase classname="Recipe Computation Pipeline › Kinetic Properties Calculation" name="calculateRecipeKinetics generates P=IV circuit properties" time="0.003">
    </testcase>
    <testcase classname="Recipe Computation Pipeline › Kinetic Properties Calculation" name="kinetic properties reflect recipe composition" time="0.001">
    </testcase>
    <testcase classname="Recipe Computation Pipeline › Ingredient Processing" name="aggregateIngredientElementals combines ingredient properties" time="0.002">
    </testcase>
    <testcase classname="Recipe Computation Pipeline › Ingredient Processing" name="scaleIngredientByQuantity applies logarithmic scaling" time="0.001">
    </testcase>
    <testcase classname="Recipe Computation Pipeline › Ingredient Processing" name="handles empty ingredient list gracefully" time="0">
    </testcase>
    <testcase classname="Recipe Computation Pipeline › Cooking Method Transformations" name="applyCookingMethodTransforms modifies elemental properties" time="0.001">
    </testcase>
    <testcase classname="Recipe Computation Pipeline › Cooking Method Transformations" name="handles unknown cooking methods gracefully" time="0.002">
    </testcase>
    <testcase classname="Recipe Computation Pipeline › Cooking Method Transformations" name="applies multiple cooking methods sequentially" time="0.001">
    </testcase>
    <testcase classname="Recipe Computation Pipeline › Integration Tests" name="complete pipeline produces consistent results" time="0.007">
    </testcase>
    <testcase classname="Recipe Computation Pipeline › Integration Tests" name="different planetary positions produce different results" time="0.015">
    </testcase>
    <testcase classname="Recipe Computation Pipeline › Integration Tests" name="cooking methods affect final elemental balance" time="0.003">
    </testcase>
    <testcase classname="Recipe Computation Pipeline › Performance Tests" name="computation completes within performance targets" time="0.034">
    </testcase>
  </testsuite>
  <testsuite name="Recipe Computation Pipeline" errors="0" failures="0" skipped="0" timestamp="2026-04-25T16:25:09" time="0.371" tests="15">
    <testcase classname="Recipe Computation Pipeline › Core Computation Functions" name="computeRecipeProperties returns complete computed properties" time="0.006">
    </testcase>
    <testcase classname="Recipe Computation Pipeline › Core Computation Functions" name="computeRecipePropertiesSimple provides default options" time="0.003">
    </testcase>
    <testcase classname="Recipe Computation Pipeline › Core Computation Functions" name="throws error when planetary positions are missing" time="0.018">
    </testcase>
    <testcase classname="Recipe Computation Pipeline › Kinetic Properties Calculation" name="calculateRecipeKinetics generates P=IV circuit properties" time="0.001">
    </testcase>
    <testcase classname="Recipe Computation Pipeline › Kinetic Properties Calculation" name="kinetic properties reflect recipe composition" time="0.001">
    </testcase>
    <testcase classname="Recipe Computation Pipeline › Ingredient Processing" name="aggregateIngredientElementals combines ingredient properties" time="0.004">
    </testcase>
    <testcase classname="Recipe Computation Pipeline › Ingredient Processing" name="scaleIngredientByQuantity applies logarithmic scaling" time="0.002">
    </testcase>
    <testcase classname="Recipe Computation Pipeline › Ingredient Processing" name="handles empty ingredient list gracefully" time="0.001">
    </testcase>
    <testcase classname="Recipe Computation Pipeline › Cooking Method Transformations" name="applyCookingMethodTransforms modifies elemental properties" time="0.002">
    </testcase>
    <testcase classname="Recipe Computation Pipeline › Cooking Method Transformations" name="handles unknown cooking methods gracefully" time="0.003">
    </testcase>
    <testcase classname="Recipe Computation Pipeline › Cooking Method Transformations" name="applies multiple cooking methods sequentially" time="0.001">
    </testcase>
    <testcase classname="Recipe Computation Pipeline › Integration Tests" name="complete pipeline produces consistent results" time="0.006">
    </testcase>
    <testcase classname="Recipe Computation Pipeline › Integration Tests" name="different planetary positions produce different results" time="0.01">
    </testcase>
    <testcase classname="Recipe Computation Pipeline › Integration Tests" name="cooking methods affect final elemental balance" time="0.005">
    </testcase>
    <testcase classname="Recipe Computation Pipeline › Performance Tests" name="computation completes within performance targets" time="0.04">
    </testcase>
  </testsuite>
  <testsuite name="Recipe Computation Pipeline" errors="0" failures="0" skipped="0" timestamp="2026-04-25T16:25:09" time="0.363" tests="15">
    <testcase classname="Recipe Computation Pipeline › Core Computation Functions" name="computeRecipeProperties returns complete computed properties" time="0.008">
    </testcase>
    <testcase classname="Recipe Computation Pipeline › Core Computation Functions" name="computeRecipePropertiesSimple provides default options" time="0.014">
    </testcase>
    <testcase classname="Recipe Computation Pipeline › Core Computation Functions" name="throws error when planetary positions are missing" time="0.019">
    </testcase>
    <testcase classname="Recipe Computation Pipeline › Kinetic Properties Calculation" name="calculateRecipeKinetics generates P=IV circuit properties" time="0.002">
    </testcase>
    <testcase classname="Recipe Computation Pipeline › Kinetic Properties Calculation" name="kinetic properties reflect recipe composition" time="0.001">
    </testcase>
    <testcase classname="Recipe Computation Pipeline › Ingredient Processing" name="aggregateIngredientElementals combines ingredient properties" time="0.003">
    </testcase>
    <testcase classname="Recipe Computation Pipeline › Ingredient Processing" name="scaleIngredientByQuantity applies logarithmic scaling" time="0">
    </testcase>
    <testcase classname="Recipe Computation Pipeline › Ingredient Processing" name="handles empty ingredient list gracefully" time="0">
    </testcase>
    <testcase classname="Recipe Computation Pipeline › Cooking Method Transformations" name="applyCookingMethodTransforms modifies elemental properties" time="0">
    </testcase>
    <testcase classname="Recipe Computation Pipeline › Cooking Method Transformations" name="handles unknown cooking methods gracefully" time="0.003">
    </testcase>
    <testcase classname="Recipe Computation Pipeline › Cooking Method Transformations" name="applies multiple cooking methods sequentially" time="0.001">
    </testcase>
    <testcase classname="Recipe Computation Pipeline › Integration Tests" name="complete pipeline produces consistent results" time="0.007">
    </testcase>
    <testcase classname="Recipe Computation Pipeline › Integration Tests" name="different planetary positions produce different results" time="0.006">
    </testcase>
    <testcase classname="Recipe Computation Pipeline › Integration Tests" name="cooking methods affect final elemental balance" time="0.006">
    </testcase>
    <testcase classname="Recipe Computation Pipeline › Performance Tests" name="computation completes within performance targets" time="0.038">
    </testcase>
  </testsuite>
  <testsuite name="AlchemicalProvider" errors="0" failures="0" skipped="0" timestamp="2026-04-25T16:25:09" time="0.296" tests="6">
    <testcase classname="AlchemicalProvider" name="renders children without crashing" time="0.045">
    </testcase>
    <testcase classname="AlchemicalProvider" name="provides default state values to children" time="0.011">
    </testcase>
    <testcase classname="ErrorBoundary" name="renders children when no error" time="0.004">
    </testcase>
    <testcase classname="ErrorBoundary" name="catches errors and shows fallback UI" time="0.034">
    </testcase>
    <testcase classname="ErrorBoundary" name="displays error details when expanded" time="0.008">
    </testcase>
    <testcase classname="ErrorBoundary" name="recovers when Try Again is clicked" time="0.01">
    </testcase>
  </testsuite>
  <testsuite name="AlchemicalProvider" errors="0" failures="0" skipped="0" timestamp="2026-04-25T16:25:09" time="0.267" tests="6">
    <testcase classname="AlchemicalProvider" name="renders children without crashing" time="0.046">
    </testcase>
    <testcase classname="AlchemicalProvider" name="provides default state values to children" time="0.014">
    </testcase>
    <testcase classname="ErrorBoundary" name="renders children when no error" time="0.003">
    </testcase>
    <testcase classname="ErrorBoundary" name="catches errors and shows fallback UI" time="0.038">
    </testcase>
    <testcase classname="ErrorBoundary" name="displays error details when expanded" time="0.012">
    </testcase>
    <testcase classname="ErrorBoundary" name="recovers when Try Again is clicked" time="0.01">
    </testcase>
  </testsuite>
  <testsuite name="AlchemicalProvider" errors="0" failures="0" skipped="0" timestamp="2026-04-25T16:25:09" time="0.255" tests="6">
    <testcase classname="AlchemicalProvider" name="renders children without crashing" time="0.054">
    </testcase>
    <testcase classname="AlchemicalProvider" name="provides default state values to children" time="0.019">
    </testcase>
    <testcase classname="ErrorBoundary" name="renders children when no error" time="0.003">
    </testcase>
    <testcase classname="ErrorBoundary" name="catches errors and shows fallback UI" time="0.034">
    </testcase>
    <testcase classname="ErrorBoundary" name="displays error details when expanded" time="0.01">
    </testcase>
    <testcase classname="ErrorBoundary" name="recovers when Try Again is clicked" time="0.009">
    </testcase>
  </testsuite>
  <testsuite name="AlchemicalProvider" errors="0" failures="0" skipped="0" timestamp="2026-04-25T16:25:09" time="0.289" tests="6">
    <testcase classname="AlchemicalProvider" name="renders children without crashing" time="0.057">
    </testcase>
    <testcase classname="AlchemicalProvider" name="provides default state values to children" time="0.017">
    </testcase>
    <testcase classname="ErrorBoundary" name="renders children when no error" time="0.003">
    </testcase>
    <testcase classname="ErrorBoundary" name="catches errors and shows fallback UI" time="0.029">
    </testcase>
    <testcase classname="ErrorBoundary" name="displays error details when expanded" time="0.009">
    </testcase>
    <testcase classname="ErrorBoundary" name="recovers when Try Again is clicked" time="0.012">
    </testcase>
  </testsuite>
  <testsuite name="AlchemicalProvider" errors="0" failures="0" skipped="0" timestamp="2026-04-25T16:25:10" time="0.224" tests="6">
    <testcase classname="AlchemicalProvider" name="renders children without crashing" time="0.037">
    </testcase>
    <testcase classname="AlchemicalProvider" name="provides default state values to children" time="0.017">
    </testcase>
    <testcase classname="ErrorBoundary" name="renders children when no error" time="0.002">
    </testcase>
    <testcase classname="ErrorBoundary" name="catches errors and shows fallback UI" time="0.01">
    </testcase>
    <testcase classname="ErrorBoundary" name="displays error details when expanded" time="0.007">
    </testcase>
    <testcase classname="ErrorBoundary" name="recovers when Try Again is clicked" time="0.008">
    </testcase>
  </testsuite>
  <testsuite name="CookingMethodPreview — hooks compliance" errors="0" failures="0" skipped="0" timestamp="2026-04-25T16:25:10" time="0.186" tests="3">
    <testcase classname="CookingMethodPreview — hooks compliance" name="renders without crashing inside AlchemicalProvider" time="0.058">
    </testcase>
    <testcase classname="CookingMethodPreview — hooks compliance" name="does not wrap useAlchemical in try-catch" time="0.002">
    </testcase>
    <testcase classname="EnhancedCookingMethodRecommender — hooks compliance" name="does not wrap useAlchemical in try-catch" time="0.002">
    </testcase>
  </testsuite>
  <testsuite name="CookingMethodPreview — hooks compliance" errors="0" failures="0" skipped="0" timestamp="2026-04-25T16:25:10" time="0.174" tests="3">
    <testcase classname="CookingMethodPreview — hooks compliance" name="renders without crashing inside AlchemicalProvider" time="0.05">
    </testcase>
    <testcase classname="CookingMethodPreview — hooks compliance" name="does not wrap useAlchemical in try-catch" time="0.001">
    </testcase>
    <testcase classname="EnhancedCookingMethodRecommender — hooks compliance" name="does not wrap useAlchemical in try-catch" time="0.001">
    </testcase>
  </testsuite>
  <testsuite name="AlchemicalProvider" errors="0" failures="0" skipped="0" timestamp="2026-04-25T16:25:10" time="0.226" tests="6">
    <testcase classname="AlchemicalProvider" name="renders children without crashing" time="0.047">
    </testcase>
    <testcase classname="AlchemicalProvider" name="provides default state values to children" time="0.017">
    </testcase>
    <testcase classname="ErrorBoundary" name="renders children when no error" time="0.002">
    </testcase>
    <testcase classname="ErrorBoundary" name="catches errors and shows fallback UI" time="0.014">
    </testcase>
    <testcase classname="ErrorBoundary" name="displays error details when expanded" time="0.007">
    </testcase>
    <testcase classname="ErrorBoundary" name="recovers when Try Again is clicked" time="0.009">
    </testcase>
  </testsuite>
  <testsuite name="AlchemicalProvider" errors="0" failures="0" skipped="0" timestamp="2026-04-25T16:25:10" time="0.227" tests="6">
    <testcase classname="AlchemicalProvider" name="renders children without crashing" time="0.041">
    </testcase>
    <testcase classname="AlchemicalProvider" name="provides default state values to children" time="0.018">
    </testcase>
    <testcase classname="ErrorBoundary" name="renders children when no error" time="0.002">
    </testcase>
    <testcase classname="ErrorBoundary" name="catches errors and shows fallback UI" time="0.014">
    </testcase>
    <testcase classname="ErrorBoundary" name="displays error details when expanded" time="0.009">
    </testcase>
    <testcase classname="ErrorBoundary" name="recovers when Try Again is clicked" time="0.011">
    </testcase>
  </testsuite>
  <testsuite name="useAlchemical hook" errors="0" failures="0" skipped="0" timestamp="2026-04-25T16:25:10" time="0.195" tests="6">
    <testcase classname="useAlchemical hook" name="returns context value when inside AlchemicalProvider" time="0.04">
    </testcase>
    <testcase classname="useAlchemical hook" name="does NOT throw when used outside AlchemicalProvider" time="0.001">
    </testcase>
    <testcase classname="useAlchemical hook" name="returns default context values when outside provider" time="0.001">
    </testcase>
    <testcase classname="useAlchemical hook" name="provides working helper functions from default context" time="0.002">
    </testcase>
    <testcase classname="useAlchemicalSafe hook" name="returns context when inside provider" time="0.017">
    </testcase>
    <testcase classname="useAlchemicalSafe hook" name="returns null-ish safely when outside provider" time="0.001">
    </testcase>
  </testsuite>
  <testsuite name="useAlchemical hook" errors="0" failures="0" skipped="0" timestamp="2026-04-25T16:25:10" time="0.206" tests="6">
    <testcase classname="useAlchemical hook" name="returns context value when inside AlchemicalProvider" time="0.041">
    </testcase>
    <testcase classname="useAlchemical hook" name="does NOT throw when used outside AlchemicalProvider" time="0.003">
    </testcase>
    <testcase classname="useAlchemical hook" name="returns default context values when outside provider" time="0.002">
    </testcase>
    <testcase classname="useAlchemical hook" name="provides working helper functions from default context" time="0.003">
    </testcase>
    <testcase classname="useAlchemicalSafe hook" name="returns context when inside provider" time="0.01">
    </testcase>
    <testcase classname="useAlchemicalSafe hook" name="returns null-ish safely when outside provider" time="0.001">
    </testcase>
  </testsuite>
  <testsuite name="AlchemicalProvider" errors="0" failures="0" skipped="0" timestamp="2026-04-25T16:25:10" time="0.218" tests="6">
    <testcase classname="AlchemicalProvider" name="renders children without crashing" time="0.034">
    </testcase>
    <testcase classname="AlchemicalProvider" name="provides default state values to children" time="0.015">
    </testcase>
    <testcase classname="ErrorBoundary" name="renders children when no error" time="0.002">
    </testcase>
    <testcase classname="ErrorBoundary" name="catches errors and shows fallback UI" time="0.014">
    </testcase>
    <testcase classname="ErrorBoundary" name="displays error details when expanded" time="0.006">
    </testcase>
    <testcase classname="ErrorBoundary" name="recovers when Try Again is clicked" time="0.009">
    </testcase>
  </testsuite>
  <testsuite name="elementalUtils" errors="0" failures="0" skipped="0" timestamp="2026-04-25T16:25:10" time="0.122" tests="4">
    <testcase classname="elementalUtils › validateProperties" name="should validate correct elemental properties" time="0.001">
    </testcase>
    <testcase classname="elementalUtils › validateProperties" name="should reject invalid elemental properties" time="0.006">
    </testcase>
    <testcase classname="elementalUtils › normalizeProperties" name="should normalize properties to sum to 1" time="0.001">
    </testcase>
    <testcase classname="elementalUtils › normalizeProperties" name="should handle empty or zero properties" time="0.003">
    </testcase>
  </testsuite>
  <testsuite name="elementalUtils" errors="0" failures="0" skipped="0" timestamp="2026-04-25T16:25:10" time="0.109" tests="4">
    <testcase classname="elementalUtils › validateProperties" name="should validate correct elemental properties" time="0.002">
    </testcase>
    <testcase classname="elementalUtils › validateProperties" name="should reject invalid elemental properties" time="0.006">
    </testcase>
    <testcase classname="elementalUtils › normalizeProperties" name="should normalize properties to sum to 1" time="0.001">
    </testcase>
    <testcase classname="elementalUtils › normalizeProperties" name="should handle empty or zero properties" time="0.002">
    </testcase>
  </testsuite>
  <testsuite name="useAlchemical hook" errors="0" failures="0" skipped="0" timestamp="2026-04-25T16:25:10" time="0.186" tests="6">
    <testcase classname="useAlchemical hook" name="returns context value when inside AlchemicalProvider" time="0.04">
    </testcase>
    <testcase classname="useAlchemical hook" name="does NOT throw when used outside AlchemicalProvider" time="0.002">
    </testcase>
    <testcase classname="useAlchemical hook" name="returns default context values when outside provider" time="0.003">
    </testcase>
    <testcase classname="useAlchemical hook" name="provides working helper functions from default context" time="0.002">
    </testcase>
    <testcase classname="useAlchemicalSafe hook" name="returns context when inside provider" time="0.013">
    </testcase>
    <testcase classname="useAlchemicalSafe hook" name="returns null-ish safely when outside provider" time="0.001">
    </testcase>
  </testsuite>
  <testsuite name="Recipe Auto-Fixer" errors="0" failures="0" skipped="0" timestamp="2026-04-25T16:25:10" time="0.099" tests="23">
    <testcase classname="Recipe Auto-Fixer › fixRecipe" name="generates ID if missing" time="0.001">
    </testcase>
    <testcase classname="Recipe Auto-Fixer › fixRecipe" name="does not modify existing ID" time="0.001">
    </testcase>
    <testcase classname="Recipe Auto-Fixer › fixRecipe" name="normalizes time format" time="0">
    </testcase>
    <testcase classname="Recipe Auto-Fixer › fixRecipe" name="adds default elemental properties" time="0.001">
    </testcase>
    <testcase classname="Recipe Auto-Fixer › fixRecipe" name="normalizes existing elemental properties" time="0">
    </testcase>
    <testcase classname="Recipe Auto-Fixer › fixRecipe" name="adds default serving size" time="0.001">
    </testcase>
    <testcase classname="Recipe Auto-Fixer › fixRecipe" name="uses numberOfServings for serving size" time="0">
    </testcase>
    <testcase classname="Recipe Auto-Fixer › fixRecipe" name="normalizes season values" time="0.001">
    </testcase>
    <testcase classname="Recipe Auto-Fixer › fixRecipe" name="adds default season if missing" time="0.001">
    </testcase>
    <testcase classname="Recipe Auto-Fixer › fixRecipe" name="normalizes meal type values" time="0.001">
    </testcase>
    <testcase classname="Recipe Auto-Fixer › fixRecipe" name="adds default meal type if missing" time="0.003">
    </testcase>
    <testcase classname="Recipe Auto-Fixer › fixRecipe" name="normalizes spice level" time="0">
    </testcase>
    <testcase classname="Recipe Auto-Fixer › fixRecipe" name="clamps numeric spice level" time="0.001">
    </testcase>
    <testcase classname="Recipe Auto-Fixer › fixRecipe" name="normalizes ingredient amounts" time="0.002">
    </testcase>
    <testcase classname="Recipe Auto-Fixer › fixRecipe" name="copies instructions from preparationSteps" time="0">
    </testcase>
    <testcase classname="Recipe Auto-Fixer › fixRecipe" name="converts string arrays" time="0">
    </testcase>
    <testcase classname="Recipe Auto-Fixer › fixRecipe" name="tracks all fixes applied" time="0.001">
    </testcase>
    <testcase classname="Recipe Auto-Fixer › fixRecipe" name="returns remaining issues" time="0">
    </testcase>
    <testcase classname="Recipe Auto-Fixer › fixAllRecipes" name="fixes multiple recipes" time="0.001">
    </testcase>
    <testcase classname="Recipe Auto-Fixer › fixAllRecipes" name="tracks total fixes by type" time="0">
    </testcase>
    <testcase classname="Recipe Auto-Fixer › fixAllRecipes" name="reports unfixed recipes" time="0">
    </testcase>
    <testcase classname="Recipe Auto-Fixer › extractFixedRecipes" name="extracts fixed recipe objects" time="0.001">
    </testcase>
    <testcase classname="Recipe Auto-Fixer › Fix Options" name="respects disabled options" time="0">
    </testcase>
  </testsuite>
  <testsuite name="CulinaryAstrologer" errors="0" failures="0" skipped="0" timestamp="2026-04-25T16:25:10" time="0.142" tests="1">
    <testcase classname="CulinaryAstrologer" name="should return recipe recommendations based on astrological state" time="0.001">
    </testcase>
  </testsuite>
  <testsuite name="AlertingSystem" errors="0" failures="0" skipped="0" timestamp="2026-04-25T16:25:10" time="0.103" tests="14">
    <testcase classname="AlertingSystem › Alert Rule Management" name="should add new alert rule" time="0.001">
    </testcase>
    <testcase classname="AlertingSystem › Alert Rule Management" name="should update existing alert rule" time="0">
    </testcase>
    <testcase classname="AlertingSystem › Alert Rule Management" name="should delete alert rule" time="0.001">
    </testcase>
    <testcase classname="AlertingSystem › Alert Generation" name="should create alert when threshold is exceeded" time="0.001">
    </testcase>
    <testcase classname="AlertingSystem › Alert Generation" name="should not create alert when threshold is not exceeded" time="0">
    </testcase>
    <testcase classname="AlertingSystem › Alert Generation" name="should respect cooldown period" time="0.003">
    </testcase>
    <testcase classname="AlertingSystem › Alert Management" name="should acknowledge alert" time="0.001">
    </testcase>
    <testcase classname="AlertingSystem › Alert Management" name="should resolve alert" time="0.001">
    </testcase>
    <testcase classname="AlertingSystem › Alert Filtering" name="should filter alerts by type" time="0.002">
    </testcase>
    <testcase classname="AlertingSystem › Alert Filtering" name="should filter alerts by severity" time="0.001">
    </testcase>
    <testcase classname="AlertingSystem › Alert Filtering" name="should limit number of alerts returned" time="0.001">
    </testcase>
    <testcase classname="AlertingSystem › Alert Summary" name="should provide accurate alert summary" time="0.001">
    </testcase>
    <testcase classname="AlertingSystem › Test Alert Functionality" name="should create test alert" time="0.001">
    </testcase>
    <testcase classname="AlertingSystem › Test Alert Functionality" name="should return false for non-existent rule" time="0">
    </testcase>
  </testsuite>
  <testsuite name="CookingMethodPreview — hooks compliance" errors="0" failures="0" skipped="0" timestamp="2026-04-25T16:25:10" time="0.185" tests="3">
    <testcase classname="CookingMethodPreview — hooks compliance" name="renders without crashing inside AlchemicalProvider" time="0.056">
    </testcase>
    <testcase classname="CookingMethodPreview — hooks compliance" name="does not wrap useAlchemical in try-catch" time="0.001">
    </testcase>
    <testcase classname="EnhancedCookingMethodRecommender — hooks compliance" name="does not wrap useAlchemical in try-catch" time="0.002">
    </testcase>
  </testsuite>
  <testsuite name="useAlchemical hook" errors="0" failures="0" skipped="0" timestamp="2026-04-25T16:25:10" time="0.187" tests="6">
    <testcase classname="useAlchemical hook" name="returns context value when inside AlchemicalProvider" time="0.038">
    </testcase>
    <testcase classname="useAlchemical hook" name="does NOT throw when used outside AlchemicalProvider" time="0.002">
    </testcase>
    <testcase classname="useAlchemical hook" name="returns default context values when outside provider" time="0.002">
    </testcase>
    <testcase classname="useAlchemical hook" name="provides working helper functions from default context" time="0.003">
    </testcase>
    <testcase classname="useAlchemicalSafe hook" name="returns context when inside provider" time="0.015">
    </testcase>
    <testcase classname="useAlchemicalSafe hook" name="returns null-ish safely when outside provider" time="0.002">
    </testcase>
  </testsuite>
  <testsuite name="Astrological Validation Utilities" errors="0" failures="0" skipped="0" timestamp="2026-04-25T16:25:10" time="0.139" tests="29">
    <testcase classname="Astrological Validation Utilities › Planetary Position Validation" name="should validate complete planetary positions object" time="0.008">
    </testcase>
    <testcase classname="Astrological Validation Utilities › Planetary Position Validation" name="should detect missing required planets" time="0">
    </testcase>
    <testcase classname="Astrological Validation Utilities › Planetary Position Validation" name="should detect invalid planetary position structure" time="0.005">
    </testcase>
    <testcase classname="Astrological Validation Utilities › Planetary Position Validation" name="should validate degree ranges" time="0">
    </testcase>
    <testcase classname="Astrological Validation Utilities › Planetary Position Validation" name="should auto-correct invalid values when requested" time="0.002">
    </testcase>
    <testcase classname="Astrological Validation Utilities › Elemental Properties Validation" name="should validate complete elemental properties" time="0.001">
    </testcase>
    <testcase classname="Astrological Validation Utilities › Elemental Properties Validation" name="should reject missing elements" time="0.002">
    </testcase>
    <testcase classname="Astrological Validation Utilities › Elemental Properties Validation" name="should reject invalid element values" time="0.002">
    </testcase>
    <testcase classname="Astrological Validation Utilities › Elemental Properties Validation" name="should normalize elemental properties" time="0.002">
    </testcase>
    <testcase classname="Astrological Validation Utilities › Elemental Properties Validation" name="should calculate elemental harmony correctly" time="0">
    </testcase>
    <testcase classname="Astrological Validation Utilities › Elemental Properties Validation" name="should identify dominant element" time="0">
    </testcase>
    <testcase classname="Astrological Validation Utilities › Elemental Properties Validation" name="should enhance dominant element" time="0.001">
    </testcase>
    <testcase classname="Astrological Validation Utilities › Elemental Properties Validation" name="should validate self-reinforcement patterns" time="0.004">
    </testcase>
    <testcase classname="Astrological Validation Utilities › Transit Date Validation" name="should validate transit dates correctly" time="0.005">
    </testcase>
    <testcase classname="Astrological Validation Utilities › Transit Date Validation" name="should get current transit sign" time="0.004">
    </testcase>
    <testcase classname="Astrological Validation Utilities › Transit Date Validation" name="should validate retrograde phases" time="0">
    </testcase>
    <testcase classname="Astrological Validation Utilities › Transit Date Validation" name="should validate all transit dates for consistency" time="0.001">
    </testcase>
    <testcase classname="Astrological Validation Utilities › Mathematical Constants Validation" name="should validate expected constants" time="0.001">
    </testcase>
    <testcase classname="Astrological Validation Utilities › Mathematical Constants Validation" name="should warn about unexpected constant values" time="0.001">
    </testcase>
    <testcase classname="Astrological Validation Utilities › Mathematical Constants Validation" name="should error on invalid constant values" time="0.001">
    </testcase>
    <testcase classname="Astrological Validation Utilities › Comprehensive Astrological Calculation Validation" name="should validate complete astrological calculation input" time="0.003">
    </testcase>
    <testcase classname="Astrological Validation Utilities › Comprehensive Astrological Calculation Validation" name="should collect all validation errors and warnings" time="0.002">
    </testcase>
    <testcase classname="Astrological Validation Utilities › Quick Validation Functions" name="should provide quick validation for different data types" time="0.002">
    </testcase>
    <testcase classname="Astrological Validation Utilities › Validation Constants" name="should export all necessary validation constants" time="0.001">
    </testcase>
    <testcase classname="Astrological Validation Utilities › Validation Constants" name="should have consistent constants across modules" time="0">
    </testcase>
    <testcase classname="Astrological Validation Utilities › Error Handling and Edge Cases" name="should handle null and undefined inputs gracefully" time="0.002">
    </testcase>
    <testcase classname="Astrological Validation Utilities › Error Handling and Edge Cases" name="should handle malformed data structures" time="0.003">
    </testcase>
    <testcase classname="Astrological Validation Utilities › Error Handling and Edge Cases" name="should handle circular references safely" time="0.003">
    </testcase>
    <testcase classname="Astrological Validation Utilities › Error Handling and Edge Cases" name="should validate performance with large datasets" time="0.002">
    </testcase>
  </testsuite>
  <testsuite name="useAlchemical hook" errors="0" failures="0" skipped="0" timestamp="2026-04-25T16:25:10" time="0.18" tests="6">
    <testcase classname="useAlchemical hook" name="returns context value when inside AlchemicalProvider" time="0.04">
    </testcase>
    <testcase classname="useAlchemical hook" name="does NOT throw when used outside AlchemicalProvider" time="0.001">
    </testcase>
    <testcase classname="useAlchemical hook" name="returns default context values when outside provider" time="0.002">
    </testcase>
    <testcase classname="useAlchemical hook" name="provides working helper functions from default context" time="0.003">
    </testcase>
    <testcase classname="useAlchemicalSafe hook" name="returns context when inside provider" time="0.015">
    </testcase>
    <testcase classname="useAlchemicalSafe hook" name="returns null-ish safely when outside provider" time="0.001">
    </testcase>
  </testsuite>
  <testsuite name="CookingMethodPreview — hooks compliance" errors="0" failures="0" skipped="0" timestamp="2026-04-25T16:25:10" time="0.174" tests="3">
    <testcase classname="CookingMethodPreview — hooks compliance" name="renders without crashing inside AlchemicalProvider" time="0.053">
    </testcase>
    <testcase classname="CookingMethodPreview — hooks compliance" name="does not wrap useAlchemical in try-catch" time="0.001">
    </testcase>
    <testcase classname="EnhancedCookingMethodRecommender — hooks compliance" name="does not wrap useAlchemical in try-catch" time="0.001">
    </testcase>
  </testsuite>
  <testsuite name="CookingMethodPreview — hooks compliance" errors="0" failures="0" skipped="0" timestamp="2026-04-25T16:25:10" time="0.171" tests="3">
    <testcase classname="CookingMethodPreview — hooks compliance" name="renders without crashing inside AlchemicalProvider" time="0.048">
    </testcase>
    <testcase classname="CookingMethodPreview — hooks compliance" name="does not wrap useAlchemical in try-catch" time="0.001">
    </testcase>
    <testcase classname="EnhancedCookingMethodRecommender — hooks compliance" name="does not wrap useAlchemical in try-catch" time="0">
    </testcase>
  </testsuite>
  <testsuite name="elementalUtils" errors="0" failures="0" skipped="0" timestamp="2026-04-25T16:25:11" time="0.11" tests="4">
    <testcase classname="elementalUtils › validateProperties" name="should validate correct elemental properties" time="0.001">
    </testcase>
    <testcase classname="elementalUtils › validateProperties" name="should reject invalid elemental properties" time="0.007">
    </testcase>
    <testcase classname="elementalUtils › normalizeProperties" name="should normalize properties to sum to 1" time="0.002">
    </testcase>
    <testcase classname="elementalUtils › normalizeProperties" name="should handle empty or zero properties" time="0.002">
    </testcase>
  </testsuite>
  <testsuite name="useAlchemical hook" errors="0" failures="0" skipped="0" timestamp="2026-04-25T16:25:11" time="0.174" tests="6">
    <testcase classname="useAlchemical hook" name="returns context value when inside AlchemicalProvider" time="0.036">
    </testcase>
    <testcase classname="useAlchemical hook" name="does NOT throw when used outside AlchemicalProvider" time="0.001">
    </testcase>
    <testcase classname="useAlchemical hook" name="returns default context values when outside provider" time="0.001">
    </testcase>
    <testcase classname="useAlchemical hook" name="provides working helper functions from default context" time="0.002">
    </testcase>
    <testcase classname="useAlchemicalSafe hook" name="returns context when inside provider" time="0.011">
    </testcase>
    <testcase classname="useAlchemicalSafe hook" name="returns null-ish safely when outside provider" time="0.001">
    </testcase>
  </testsuite>
  <testsuite name="CookingMethodPreview — hooks compliance" errors="0" failures="0" skipped="0" timestamp="2026-04-25T16:25:11" time="0.161" tests="3">
    <testcase classname="CookingMethodPreview — hooks compliance" name="renders without crashing inside AlchemicalProvider" time="0.049">
    </testcase>
    <testcase classname="CookingMethodPreview — hooks compliance" name="does not wrap useAlchemical in try-catch" time="0.001">
    </testcase>
    <testcase classname="EnhancedCookingMethodRecommender — hooks compliance" name="does not wrap useAlchemical in try-catch" time="0">
    </testcase>
  </testsuite>
  <testsuite name="CookingMethodPreview — hooks compliance" errors="0" failures="0" skipped="0" timestamp="2026-04-25T16:25:11" time="0.176" tests="3">
    <testcase classname="CookingMethodPreview — hooks compliance" name="renders without crashing inside AlchemicalProvider" time="0.055">
    </testcase>
    <testcase classname="CookingMethodPreview — hooks compliance" name="does not wrap useAlchemical in try-catch" time="0.001">
    </testcase>
    <testcase classname="EnhancedCookingMethodRecommender — hooks compliance" name="does not wrap useAlchemical in try-catch" time="0.001">
    </testcase>
  </testsuite>
  <testsuite name="CookingMethodPreview — hooks compliance" errors="0" failures="0" skipped="0" timestamp="2026-04-25T16:25:11" time="0.179" tests="3">
    <testcase classname="CookingMethodPreview — hooks compliance" name="renders without crashing inside AlchemicalProvider" time="0.048">
    </testcase>
    <testcase classname="CookingMethodPreview — hooks compliance" name="does not wrap useAlchemical in try-catch" time="0.001">
    </testcase>
    <testcase classname="EnhancedCookingMethodRecommender — hooks compliance" name="does not wrap useAlchemical in try-catch" time="0.002">
    </testcase>
  </testsuite>
  <testsuite name="Planetary Positions API (/api/planetary-positions)" errors="0" failures="0" skipped="0" timestamp="2026-04-25T16:25:11" time="0.093" tests="4">
    <testcase classname="Planetary Positions API (/api/planetary-positions) › GET /api/planetary-positions" name="should return positions from remote backend when successful" time="0.005">
    </testcase>
    <testcase classname="Planetary Positions API (/api/planetary-positions) › GET /api/planetary-positions" name="should fallback to local astronomy-engine when backend fails" time="0.001">
    </testcase>
    <testcase classname="Planetary Positions API (/api/planetary-positions) › GET /api/planetary-positions" name="should correctly normalize different backend shapes (positions vs planetary_positions)" time="0.001">
    </testcase>
    <testcase classname="Planetary Positions API (/api/planetary-positions) › POST /api/planetary-positions" name="should parse body and fetch from backend" time="0.001">
    </testcase>
  </testsuite>
  <testsuite name="undefined" errors="0" failures="0" skipped="0" timestamp="2026-04-25T16:25:11" time="0.153" tests="1">
    <testcase classname="" name="setup is working correctly" time="0.001">
    </testcase>
  </testsuite>
  <testsuite name="PLANETARY_ALCHEMY constant" errors="0" failures="0" skipped="0" timestamp="2026-04-25T16:25:11" time="0.126" tests="32">
    <testcase classname="PLANETARY_ALCHEMY constant" name="contains all 10 planets" time="0.002">
    </testcase>
    <testcase classname="PLANETARY_ALCHEMY constant" name="matches the authoritative values from CLAUDE.md spec" time="0.002">
    </testcase>
    <testcase classname="ZODIAC_ELEMENTS constant" name="maps all 12 zodiac signs to correct elements" time="0.001">
    </testcase>
    <testcase classname="ZODIAC_ELEMENTS constant" name="has exactly 3 Fire, 3 Water, 3 Earth, 3 Air signs" time="0.001">
    </testcase>
    <testcase classname="calculateAlchemicalFromPlanets" name="returns non-negative ESMS values for valid positions" time="0.001">
    </testcase>
    <testcase classname="calculateAlchemicalFromPlanets" name="returns zeroes for an empty positions object" time="0.001">
    </testcase>
    <testcase classname="calculateAlchemicalFromPlanets" name="skips unknown planet names without crashing" time="0.003">
    </testcase>
    <testcase classname="calculateAlchemicalFromPlanets" name="produces higher Spirit from Sun-heavy charts" time="0.001">
    </testcase>
    <testcase classname="calculateAlchemicalFromPlanets" name="accumulates contributions from multiple planets" time="0.001">
    </testcase>
    <testcase classname="aggregateZodiacElementals" name="returns normalized values that sum to 1.0" time="0">
    </testcase>
    <testcase classname="aggregateZodiacElementals" name="returns balanced 0.25 each for empty positions" time="0.001">
    </testcase>
    <testcase classname="aggregateZodiacElementals" name="all-Fire positions give Fire &gt; 0.5" time="0">
    </testcase>
    <testcase classname="aggregateZodiacElementals" name="warns and skips unknown zodiac signs" time="0.001">
    </testcase>
    <testcase classname="getDominantAlchemicalProperty" name="returns the property with the highest value" time="0">
    </testcase>
    <testcase classname="getDominantElement" name="returns the element with the highest value" time="0.001">
    </testcase>
    <testcase classname="isSectDiurnal" name="returns true for daytime hours (06-17 UTC)" time="0">
    </testcase>
    <testcase classname="isSectDiurnal" name="returns false for nighttime hours (18-05 UTC)" time="0.001">
    </testcase>
[...]
    </testcase>
    <testcase classname="Commensals API (/api/commensals)" name="should return 500 when database throws an error" time="0.006">
    </testcase>
  </testsuite>
  <testsuite name="Food Recommendation Engine" errors="0" failures="0" skipped="0" timestamp="2026-04-25T16:25:15" time="0.1" tests="6">
    <testcase classname="Food Recommendation Engine" name="should calculate compatibility correctly for identical elemental profiles" time="0.005">
    </testcase>
    <testcase classname="Food Recommendation Engine" name="should calculate high compatibility for different elements" time="0.001">
    </testcase>
    <testcase classname="Food Recommendation Engine" name="should generate appropriate recommendations based on compatibility" time="0.001">
    </testcase>
    <testcase classname="Food Recommendation Engine" name="should handle edge case with extremely imbalanced elements" time="0">
    </testcase>
    <testcase classname="Food Recommendation Engine" name="should calculate balance score correctly" time="0.001">
    </testcase>
    <testcase classname="Food Recommendation Engine" name="should handle missing or zero elemental properties gracefully" time="0">
    </testcase>
  </testsuite>
  <testsuite name="getRecommendedIngredients" errors="0" failures="0" skipped="0" timestamp="2026-04-25T16:25:15" time="0.092" tests="1">
    <testcase classname="getRecommendedIngredients" name="should return ingredients matching the current elemental state" time="0.003">
    </testcase>
  </testsuite>
  <testsuite name="Commensals API (/api/commensals)" errors="0" failures="0" skipped="0" timestamp="2026-04-25T16:25:15" time="0.114" tests="3">
    <testcase classname="Commensals API (/api/commensals)" name="should return a 401 when unauthenticated" time="0.002">
    </testcase>
    <testcase classname="Commensals API (/api/commensals)" name="should return a unified companions list containing both manual and linked companions" time="0.005">
    </testcase>
    <testcase classname="Commensals API (/api/commensals)" name="should return 500 when database throws an error" time="0.006">
    </testcase>
  </testsuite>
  <testsuite name="undefined" errors="0" failures="0" skipped="0" timestamp="2026-04-25T16:25:15" time="0.082" tests="1">
    <testcase classname="" name="seasonal calculations work correctly" time="0.001">
    </testcase>
  </testsuite>
  <testsuite name="getRecommendedIngredients" errors="0" failures="0" skipped="0" timestamp="2026-04-25T16:25:15" time="0.077" tests="1">
    <testcase classname="getRecommendedIngredients" name="should return ingredients matching the current elemental state" time="0.002">
    </testcase>
  </testsuite>
  <testsuite name="undefined" errors="0" failures="0" skipped="0" timestamp="2026-04-25T16:25:15" time="0.075" tests="1">
    <testcase classname="" name="seasonal calculations work correctly" time="0.001">
    </testcase>
  </testsuite>
  <testsuite name="undefined" errors="0" failures="0" skipped="0" timestamp="2026-04-25T16:25:15" time="0.072" tests="1">
    <testcase classname="" name="setup is working correctly" time="0.002">
    </testcase>
  </testsuite>
  <testsuite name="validateRequest: getUserIdFromRequest" errors="0" failures="0" skipped="0" timestamp="2026-04-25T16:25:15" time="0.086" tests="6">
    <testcase classname="validateRequest: getUserIdFromRequest" name="should return null when no session exists" time="0.006">
    </testcase>
    <testcase classname="validateRequest: getUserIdFromRequest" name="should resolve user ID directly when ID matches a database user" time="0.001">
    </testcase>
    <testcase classname="validateRequest: getUserIdFromRequest" name="should fallback to email lookup when session ID is a non-DB identifier (e.g. OAuth sub)" time="0">
    </testcase>
    <testcase classname="validateRequest: getUserIdFromRequest" name="should fallback to raw session ID when database lookup fails/errors to ensure basic identity" time="0.001">
    </testcase>
    <testcase classname="validateRequest: getUserIdFromRequest" name="should resolve user ID from email when session has no ID but does have email" time="0.003">
    </testcase>
    <testcase classname="validateRequest: getUserIdFromRequest" name="should return null when session is present but has no user ID or email" time="0.003">
    </testcase>
  </testsuite>
  <testsuite name="clientLogger" errors="0" failures="0" skipped="0" timestamp="2026-04-25T16:25:15" time="0.09" tests="4">
    <testcase classname="clientLogger" name="does not throw on any log level" time="0.004">
    </testcase>
    <testcase classname="clientLogger" name="logs warnings to console.warn" time="0.001">
    </testcase>
    <testcase classname="clientLogger" name="logs errors to console.error" time="0.001">
    </testcase>
    <testcase classname="clientLogger" name="accepts optional data argument without crashing" time="0.009">
    </testcase>
  </testsuite>
  <testsuite name="clientLogger" errors="0" failures="0" skipped="0" timestamp="2026-04-25T16:25:15" time="0.085" tests="4">
    <testcase classname="clientLogger" name="does not throw on any log level" time="0.004">
    </testcase>
    <testcase classname="clientLogger" name="logs warnings to console.warn" time="0.002">
    </testcase>
    <testcase classname="clientLogger" name="logs errors to console.error" time="0.003">
    </testcase>
    <testcase classname="clientLogger" name="accepts optional data argument without crashing" time="0.001">
    </testcase>
  </testsuite>
  <testsuite name="getCookingMethodPillar" errors="0" failures="0" skipped="0" timestamp="2026-04-25T16:25:15" time="0.096" tests="6">
    <testcase classname="getCookingMethodPillar" name="returns a pillar object for known cooking methods" time="0.002">
    </testcase>
    <testcase classname="getCookingMethodPillar" name="returns undefined/null for unknown cooking methods" time="0.001">
    </testcase>
    <testcase classname="calculateCookingMethodCompatibility" name="returns a number between 0 and 1" time="0.001">
    </testcase>
    <testcase classname="calculateCookingMethodCompatibility" name="returns 0.5 for unknown cooking methods" time="0">
    </testcase>
    <testcase classname="calculateCookingMethodCompatibility" name="returns 0.5 when one method is unknown" time="0">
    </testcase>
    <testcase classname="calculateCookingMethodCompatibility" name="returns consistent results for the same pair" time="0.001">
    </testcase>
  </testsuite>
  <testsuite name="clientLogger" errors="0" failures="0" skipped="0" timestamp="2026-04-25T16:25:16" time="0.084" tests="4">
    <testcase classname="clientLogger" name="does not throw on any log level" time="0.001">
    </testcase>
    <testcase classname="clientLogger" name="logs warnings to console.warn" time="0.001">
    </testcase>
    <testcase classname="clientLogger" name="logs errors to console.error" time="0.001">
    </testcase>
    <testcase classname="clientLogger" name="accepts optional data argument without crashing" time="0.003">
    </testcase>
  </testsuite>
  <testsuite name="undefined" errors="0" failures="0" skipped="0" timestamp="2026-04-25T16:25:16" time="0.072" tests="1">
    <testcase classname="" name="setup is working correctly" time="0.003">
    </testcase>
  </testsuite>
  <testsuite name="undefined" errors="0" failures="0" skipped="0" timestamp="2026-04-25T16:25:16" time="0.08" tests="1">
    <testcase classname="" name="seasonal calculations work correctly" time="0.003">
    </testcase>
  </testsuite>
  <testsuite name="getCookingMethodPillar" errors="0" failures="0" skipped="0" timestamp="2026-04-25T16:25:16" time="0.085" tests="6">
    <testcase classname="getCookingMethodPillar" name="returns a pillar object for known cooking methods" time="0.001">
    </testcase>
    <testcase classname="getCookingMethodPillar" name="returns undefined/null for unknown cooking methods" time="0">
    </testcase>
    <testcase classname="calculateCookingMethodCompatibility" name="returns a number between 0 and 1" time="0.001">
    </testcase>
    <testcase classname="calculateCookingMethodCompatibility" name="returns 0.5 for unknown cooking methods" time="0.001">
    </testcase>
    <testcase classname="calculateCookingMethodCompatibility" name="returns 0.5 when one method is unknown" time="0.001">
    </testcase>
    <testcase classname="calculateCookingMethodCompatibility" name="returns consistent results for the same pair" time="0.001">
    </testcase>
  </testsuite>
  <testsuite name="undefined" errors="0" failures="0" skipped="0" timestamp="2026-04-25T16:25:16" time="0.085" tests="1">
    <testcase classname="" name="seasonal calculations work correctly" time="0.002">
    </testcase>
  </testsuite>
  <testsuite name="ingredientNormalization" errors="0" failures="0" skipped="0" timestamp="2026-04-25T16:25:16" time="0.093" tests="5">
    <testcase classname="ingredientNormalization" name="normalizes text deterministically" time="0.002">
    </testcase>
    <testcase classname="ingredientNormalization" name="singularizes tokens correctly" time="0.005">
    </testcase>
    <testcase classname="ingredientNormalization" name="produces stable variants ignoring strict stopwords" time="0.001">
    </testcase>
    <testcase classname="ingredientNormalization" name="canonicalizes noisy recipe names" time="0.004">
    </testcase>
    <testcase classname="ingredientNormalization" name="infers categories fallback rigidly" time="0.001">
    </testcase>
  </testsuite>
  <testsuite name="Food Recommendation Engine" errors="0" failures="0" skipped="0" timestamp="2026-04-25T16:25:16" time="0.099" tests="6">
    <testcase classname="Food Recommendation Engine" name="should calculate compatibility correctly for identical elemental profiles" time="0.006">
    </testcase>
    <testcase classname="Food Recommendation Engine" name="should calculate high compatibility for different elements" time="0.001">
    </testcase>
    <testcase classname="Food Recommendation Engine" name="should generate appropriate recommendations based on compatibility" time="0.002">
    </testcase>
    <testcase classname="Food Recommendation Engine" name="should handle edge case with extremely imbalanced elements" time="0.001">
    </testcase>
    <testcase classname="Food Recommendation Engine" name="should calculate balance score correctly" time="0">
    </testcase>
    <testcase classname="Food Recommendation Engine" name="should handle missing or zero elemental properties gracefully" time="0">
    </testcase>
  </testsuite>
  <testsuite name="clientLogger" errors="0" failures="0" skipped="0" timestamp="2026-04-25T16:25:16" time="0.088" tests="4">
    <testcase classname="clientLogger" name="does not throw on any log level" time="0.002">
    </testcase>
    <testcase classname="clientLogger" name="logs warnings to console.warn" time="0.001">
    </testcase>
    <testcase classname="clientLogger" name="logs errors to console.error" time="0.001">
    </testcase>
    <testcase classname="clientLogger" name="accepts optional data argument without crashing" time="0.001">
    </testcase>
  </testsuite>
  <testsuite name="getCookingMethodPillar" errors="0" failures="0" skipped="0" timestamp="2026-04-25T16:25:16" time="0.096" tests="6">
    <testcase classname="getCookingMethodPillar" name="returns a pillar object for known cooking methods" time="0.004">
    </testcase>
    <testcase classname="getCookingMethodPillar" name="returns undefined/null for unknown cooking methods" time="0.001">
    </testcase>
    <testcase classname="calculateCookingMethodCompatibility" name="returns a number between 0 and 1" time="0.001">
    </testcase>
    <testcase classname="calculateCookingMethodCompatibility" name="returns 0.5 for unknown cooking methods" time="0">
    </testcase>
    <testcase classname="calculateCookingMethodCompatibility" name="returns 0.5 when one method is unknown" time="0.001">
    </testcase>
    <testcase classname="calculateCookingMethodCompatibility" name="returns consistent results for the same pair" time="0">
    </testcase>
  </testsuite>
  <testsuite name="getRecommendedIngredients" errors="0" failures="0" skipped="0" timestamp="2026-04-25T16:25:16" time="0.075" tests="1">
    <testcase classname="getRecommendedIngredients" name="should return ingredients matching the current elemental state" time="0.003">
    </testcase>
  </testsuite>
  <testsuite name="undefined" errors="0" failures="0" skipped="0" timestamp="2026-04-25T16:25:16" time="0.093" tests="1">
    <testcase classname="" name="seasonal calculations work correctly" time="0.001">
    </testcase>
  </testsuite>
  <testsuite name="getRecommendedIngredients" errors="0" failures="0" skipped="0" timestamp="2026-04-25T16:25:16" time="0.091" tests="1">
    <testcase classname="getRecommendedIngredients" name="should return ingredients matching the current elemental state" time="0.001">
    </testcase>
  </testsuite>
  <testsuite name="undefined" errors="0" failures="0" skipped="0" timestamp="2026-04-25T16:25:16" time="0.079" tests="1">
    <testcase classname="" name="setup is working correctly" time="0.002">
    </testcase>
  </testsuite>
  <testsuite name="calculateMatchScore" errors="0" failures="0" skipped="0" timestamp="2026-04-25T16:25:16" time="0.093" tests="10">
    <testcase classname="calculateMatchScore" name="returns a number between 0 and 1 for valid inputs" time="0.001">
    </testcase>
    <testcase classname="calculateMatchScore" name="returns a high score for identical elemental profiles" time="0">
    </testcase>
    <testcase classname="calculateMatchScore" name="returns a lower score for opposing profiles" time="0">
    </testcase>
    <testcase classname="calculateMatchScore" name="handles null/undefined elementalProperties by defaulting to balanced" time="0.001">
    </testcase>
    <testcase classname="calculateMatchScore" name="handles undefined elementalState by defaulting to balanced" time="0">
    </testcase>
    <testcase classname="calculateMatchScore" name="handles NaN values in properties by replacing with 0.25" time="0">
    </testcase>
    <testcase classname="calculateMatchScore" name="handles empty elementalState object by defaulting" time="0.004">
    </testcase>
    <testcase classname="calculateMatchScore › with options" name="applies seasonal weight adjustments" time="0.001">
    </testcase>
    <testcase classname="calculateMatchScore › with options" name="applies meal type adjustments" time="0.001">
    </testcase>
    <testcase classname="calculateMatchScore › with options" name="contrast mode inverts scoring for differing profiles" time="0.001">
    </testcase>
  </testsuite>
  <testsuite name="clientLogger" errors="0" failures="0" skipped="0" timestamp="2026-04-25T16:25:16" time="0.081" tests="4">
    <testcase classname="clientLogger" name="does not throw on any log level" time="0.002">
    </testcase>
    <testcase classname="clientLogger" name="logs warnings to console.warn" time="0.001">
    </testcase>
    <testcase classname="clientLogger" name="logs errors to console.error" time="0">
    </testcase>
    <testcase classname="clientLogger" name="accepts optional data argument without crashing" time="0.001">
    </testcase>
  </testsuite>
  <testsuite name="undefined" errors="0" failures="0" skipped="0" timestamp="2026-04-25T16:25:16" time="0.081" tests="1">
    <testcase classname="" name="setup is working correctly" time="0.001">
    </testcase>
  </testsuite>
  <testsuite name="undefined" errors="0" failures="0" skipped="0" timestamp="2026-04-25T16:25:16" time="0.072" tests="1">
    <testcase classname="" name="setup is working correctly" time="0.001">
    </testcase>
  </testsuite>
  <testsuite name="getRecommendedIngredients" errors="0" failures="0" skipped="0" timestamp="2026-04-25T16:25:16" time="0.073" tests="1">
    <testcase classname="getRecommendedIngredients" name="should return ingredients matching the current elemental state" time="0.002">
    </testcase>
  </testsuite>
  <testsuite name="Commensals API (/api/commensals)" errors="0" failures="0" skipped="0" timestamp="2026-04-25T16:25:16" time="0.083" tests="3">
    <testcase classname="Commensals API (/api/commensals)" name="should return a 401 when unauthenticated" time="0.002">
    </testcase>
    <testcase classname="Commensals API (/api/commensals)" name="should return a unified companions list containing both manual and linked companions" time="0.001">
    </testcase>
    <testcase classname="Commensals API (/api/commensals)" name="should return 500 when database throws an error" time="0.006">
    </testcase>
  </testsuite>
  <testsuite name="Food Recommendation Engine" errors="0" failures="0" skipped="0" timestamp="2026-04-25T16:25:16" time="0.079" tests="6">
    <testcase classname="Food Recommendation Engine" name="should calculate compatibility correctly for identical elemental profiles" time="0.005">
    </testcase>
    <testcase classname="Food Recommendation Engine" name="should calculate high compatibility for different elements" time="0">
    </testcase>
    <testcase classname="Food Recommendation Engine" name="should generate appropriate recommendations based on compatibility" time="0">
    </testcase>
    <testcase classname="Food Recommendation Engine" name="should handle edge case with extremely imbalanced elements" time="0.001">
    </testcase>
    <testcase classname="Food Recommendation Engine" name="should calculate balance score correctly" time="0.001">
    </testcase>
    <testcase classname="Food Recommendation Engine" name="should handle missing or zero elemental properties gracefully" time="0">
    </testcase>
  </testsuite>
  <testsuite name="undefined" errors="0" failures="0" skipped="0" timestamp="2026-04-25T16:25:16" time="0.068" tests="1">
    <testcase classname="" name="setup is working correctly" time="0.002">
    </testcase>
  </testsuite>
  <testsuite name="undefined" errors="0" failures="0" skipped="0" timestamp="2026-04-25T16:25:16" time="0.074" tests="1">
    <testcase classname="" name="seasonal calculations work correctly" time="0.001">
    </testcase>
  </testsuite>
  <testsuite name="getRecommendedIngredients" errors="0" failures="0" skipped="0" timestamp="2026-04-25T16:25:16" time="0.077" tests="1">
    <testcase classname="getRecommendedIngredients" name="should return ingredients matching the current elemental state" time="0.002">
    </testcase>
  </testsuite>
  <testsuite name="getRecommendedIngredients" errors="0" failures="0" skipped="0" timestamp="2026-04-25T16:25:16" time="0.079" tests="1">
    <testcase classname="getRecommendedIngredients" name="should return ingredients matching the current elemental state" time="0.003">
    </testcase>
  </testsuite>
  <testsuite name="clientLogger" errors="0" failures="0" skipped="0" timestamp="2026-04-25T16:25:16" time="0.085" tests="4">
    <testcase classname="clientLogger" name="does not throw on any log level" time="0.005">
    </testcase>
    <testcase classname="clientLogger" name="logs warnings to console.warn" time="0.001">
    </testcase>
    <testcase classname="clientLogger" name="logs errors to console.error" time="0.001">
    </testcase>
    <testcase classname="clientLogger" name="accepts optional data argument without crashing" time="0.001">
    </testcase>
  </testsuite>
  <testsuite name="getRecommendedIngredients" errors="0" failures="0" skipped="0" timestamp="2026-04-25T16:25:16" time="0.07" tests="1">
    <testcase classname="getRecommendedIngredients" name="should return ingredients matching the current elemental state" time="0.002">
    </testcase>
  </testsuite>
  <testsuite name="undefined" errors="0" failures="0" skipped="0" timestamp="2026-04-25T16:25:16" time="0.07" tests="1">
    <testcase classname="" name="setup is working correctly" time="0.002">
    </testcase>
  </testsuite>
</testsuites>