<?xml version="1.0" encoding="UTF-8"?>
<testsuites name="jest tests" tests="12" failures="0" errors="0" time="2.689">
  <testsuite name="useFoodDiary hook" errors="0" failures="0" skipped="0" timestamp="2026-04-07T17:44:07" time="1.867" tests="12">
    <testcase classname="useFoodDiary hook › Initial Loading" name="loads guest data on mount using Server Actions" time="0.098">
    </testcase>
    <testcase classname="useFoodDiary hook › Initial Loading" name="loads authenticated data on mount using fetch API" time="0.059">
    </testcase>
    <testcase classname="useFoodDiary hook › Initial Loading" name="handles errors gracefully" time="0.062">
    </testcase>
    <testcase classname="useFoodDiary hook › CRUD Operations" name="adds an entry and refreshes data" time="0.033">
    </testcase>
    <testcase classname="useFoodDiary hook › CRUD Operations" name="updates an entry" time="0.027">
    </testcase>
    <testcase classname="useFoodDiary hook › CRUD Operations" name="deletes an entry" time="0.018">
    </testcase>
    <testcase classname="useFoodDiary hook › Navigation" name="goes to previous day" time="0.082">
    </testcase>
    <testcase classname="useFoodDiary hook › Navigation" name="goes to next day" time="0.336">
    </testcase>
    <testcase classname="useFoodDiary hook › Quick Food &amp; Search" name="adds a quick food item" time="0.106">
    </testcase>
    <testcase classname="useFoodDiary hook › Quick Food &amp; Search" name="searches foods" time="0.039">
    </testcase>
    <testcase classname="Sub-hooks" name="useQuickFoodEntry fetches presets on mount" time="0.089">
    </testcase>
    <testcase classname="Sub-hooks" name="useFoodDiaryInsights provides computed insights" time="0.095">
    </testcase>
  </testsuite>
</testsuites>