src/app/planet-test/layout.tsx(43,21): error TS1005: '}' expected.
src/app/planet-test/layout.tsx(43,30): error TS1382: Unexpected token. Did you mean `{'>'}` or `&gt;`?
src/app/planet-test/layout.tsx(47,27): error TS1005: '}' expected.
src/app/planet-test/layout.tsx(47,43): error TS1382: Unexpected token. Did you mean `{'>'}` or `&gt;`?
src/app/planet-test/layout.tsx(51,15): error TS1381: Unexpected token. Did you mean `{'}'}` or `&rbrace;`?
src/app/planet-test/layout.tsx(54,8): error TS1381: Unexpected token. Did you mean `{'}'}` or `&rbrace;`?
src/app/planet-test/layout.tsx(56,19): error TS1005: '}' expected.
src/app/planet-test/layout.tsx(56,28): error TS1382: Unexpected token. Did you mean `{'>'}` or `&gt;`?
src/app/planet-test/layout.tsx(60,25): error TS1005: '}' expected.
src/app/planet-test/layout.tsx(60,41): error TS1382: Unexpected token. Did you mean `{'>'}` or `&gt;`?
src/app/planet-test/layout.tsx(64,15): error TS1381: Unexpected token. Did you mean `{'}'}` or `&rbrace;`?
src/app/planet-test/layout.tsx(67,8): error TS1381: Unexpected token. Did you mean `{'}'}` or `&rbrace;`?
src/app/test/migrated-components/cuisine-section/page.tsx(81,36): error TS1005: '}' expected.
src/app/test/migrated-components/cuisine-section/page.tsx(81,51): error TS1382: Unexpected token. Did you mean `{'>'}` or `&gt;`?
src/app/test/migrated-components/cuisine-section/page.tsx(93,13): error TS1381: Unexpected token. Did you mean `{'}'}` or `&rbrace;`?
src/app/test/migrated-components/cuisine-selector-test.tsx(43,58): error TS1005: '}' expected.
src/app/test/migrated-components/cuisine-selector-test.tsx(43,66): error TS1381: Unexpected token. Did you mean `{'}'}` or `&rbrace;`?
src/app/test/migrated-components/cuisine-selector-test.tsx(44,40): error TS1005: '}' expected.
src/app/test/migrated-components/cuisine-selector-test.tsx(44,49): error TS1382: Unexpected token. Did you mean `{'>'}` or `&gt;`?
src/app/test/migrated-components/cuisine-selector-test.tsx(46,53): error TS1109: Expression expected.
src/app/test/migrated-components/cuisine-selector-test.tsx(46,58): error TS1005: ':' expected.
src/app/test/migrated-components/cuisine-selector-test.tsx(49,44): error TS1005: '}' expected.
src/app/test/migrated-components/cuisine-selector-test.tsx(49,53): error TS1382: Unexpected token. Did you mean `{'>'}` or `&gt;`?
src/app/test/migrated-components/cuisine-selector-test.tsx(49,94): error TS1005: '}' expected.
src/app/test/migrated-components/cuisine-selector-test.tsx(49,106): error TS1381: Unexpected token. Did you mean `{'}'}` or `&rbrace;`?
src/app/test/migrated-components/cuisine-selector-test.tsx(49,117): error TS1381: Unexpected token. Did you mean `{'}'}` or `&rbrace;`?
src/app/test/migrated-components/cuisine-selector-test.tsx(51,18): error TS1381: Unexpected token. Did you mean `{'}'}` or `&rbrace;`?
src/app/test/migrated-components/cuisine-selector-test.tsx(68,58): error TS1005: '}' expected.
src/app/test/migrated-components/cuisine-selector-test.tsx(68,66): error TS1381: Unexpected token. Did you mean `{'}'}` or `&rbrace;`?
src/app/test/migrated-components/cuisine-selector-test.tsx(69,40): error TS1005: '}' expected.
src/app/test/migrated-components/cuisine-selector-test.tsx(69,49): error TS1382: Unexpected token. Did you mean `{'>'}` or `&gt;`?
src/app/test/migrated-components/cuisine-selector-test.tsx(71,53): error TS1109: Expression expected.
src/app/test/migrated-components/cuisine-selector-test.tsx(71,58): error TS1005: ':' expected.
src/app/test/migrated-components/cuisine-selector-test.tsx(74,44): error TS1005: '}' expected.
src/app/test/migrated-components/cuisine-selector-test.tsx(74,53): error TS1382: Unexpected token. Did you mean `{'>'}` or `&gt;`?
src/app/test/migrated-components/cuisine-selector-test.tsx(74,94): error TS1005: '}' expected.
src/app/test/migrated-components/cuisine-selector-test.tsx(74,106): error TS1381: Unexpected token. Did you mean `{'}'}` or `&rbrace;`?
src/app/test/migrated-components/cuisine-selector-test.tsx(74,117): error TS1381: Unexpected token. Did you mean `{'}'}` or `&rbrace;`?
src/app/test/migrated-components/cuisine-selector-test.tsx(76,18): error TS1381: Unexpected token. Did you mean `{'}'}` or `&rbrace;`?
src/calculations/alchemicalCalculations.ts(29,34): error TS1003: Identifier expected.
src/calculations/alchemicalCalculations.ts(196,73): error TS1003: Identifier expected.
src/calculations/alchemicalCalculations.ts(224,10): error TS1003: Identifier expected.
src/calculations/alchemicalCalculations.ts(390,12): error TS1003: Identifier expected.
src/calculations/alchemicalCalculations.ts(397,12): error TS1003: Identifier expected.
src/calculations/alchemicalCalculations.ts(430,10): error TS1003: Identifier expected.
src/calculations/alchemicalCalculations.ts(650,59): error TS1005: ')' expected.
src/calculations/alchemicalCalculations.ts(650,82): error TS1005: ')' expected.
src/calculations/alchemicalCalculations.ts(651,63): error TS1005: ')' expected.
src/calculations/alchemicalCalculations.ts(651,88): error TS1005: ')' expected.
src/calculations/alchemicalCalculations.ts(652,59): error TS1005: ')' expected.
src/calculations/alchemicalCalculations.ts(652,82): error TS1005: ')' expected.
src/calculations/alchemicalCalculations.ts(653,63): error TS1005: ')' expected.
src/calculations/alchemicalCalculations.ts(653,88): error TS1005: ')' expected.
src/calculations/alchemicalCalculations.ts(945,36): error TS1003: Identifier expected.
src/calculations/alchemicalCalculations.ts(1094,44): error TS1109: Expression expected.
src/calculations/alchemicalCalculations.ts(1094,94): error TS1005: ')' expected.
src/calculations/alchemicalCalculations.ts(1094,120): error TS1109: Expression expected.
src/calculations/alchemicalCalculations.ts(1094,135): error TS1005: ':' expected.
src/calculations/alchemicalCalculations.ts(1094,138): error TS1005: ')' expected.
src/calculations/alchemicalCalculations.ts(1112,44): error TS1109: Expression expected.
src/calculations/alchemicalCalculations.ts(1112,94): error TS1005: ')' expected.
src/calculations/alchemicalCalculations.ts(1112,120): error TS1109: Expression expected.
src/calculations/alchemicalCalculations.ts(1112,135): error TS1005: ':' expected.
src/calculations/alchemicalCalculations.ts(1112,138): error TS1005: ')' expected.
src/calculations/alchemicalTransformation.ts(78,29): error TS1003: Identifier expected.
src/calculations/alchemicalTransformation.ts(78,52): error TS1109: Expression expected.
src/calculations/alchemicalTransformation.ts(78,57): error TS1005: ':' expected.
src/calculations/alchemicalTransformation.ts(88,14): error TS1003: Identifier expected.
src/calculations/alchemicalTransformation.ts(449,75): error TS1005: ')' expected.
src/calculations/alchemicalTransformation.ts(449,85): error TS1005: ';' expected.
src/calculations/alchemicalTransformation.ts(449,86): error TS1128: Declaration or statement expected.
src/calculations/alchemicalTransformation.ts(473,70): error TS1005: ')' expected.
src/calculations/alchemicalTransformation.ts(473,80): error TS1005: ';' expected.
src/calculations/alchemicalTransformation.ts(473,81): error TS1128: Declaration or statement expected.
src/calculations/combinationEffects.ts(85,113): error TS1109: Expression expected.
src/calculations/combinationEffects.ts(85,174): error TS1109: Expression expected.
src/calculations/combinationEffects.ts(85,191): error TS1005: ':' expected.
src/calculations/combinationEffects.ts(86,92): error TS1109: Expression expected.
src/calculations/combinationEffects.ts(86,132): error TS1109: Expression expected.
src/calculations/combinationEffects.ts(86,142): error TS1005: ':' expected.
src/calculations/combinationEffects.ts(204,87): error TS1005: ')' expected.
src/calculations/combinationEffects.ts(204,126): error TS1005: ')' expected.
src/calculations/combinationEffects.ts(210,62): error TS1005: ')' expected.
src/calculations/combinationEffects.ts(210,70): error TS1011: An element access expression should take an argument.
src/calculations/combinationEffects.ts(210,73): error TS1109: Expression expected.
src/calculations/combinationEffects.ts(210,75): error TS1109: Expression expected.
src/calculations/combinationEffects.ts(210,84): error TS1011: An element access expression should take an argument.
src/calculations/combinationEffects.ts(210,85): error TS1005: ':' expected.
src/calculations/combinationEffects.ts(210,105): error TS1005: ';' expected.
src/calculations/combinationEffects.ts(210,114): error TS1011: An element access expression should take an argument.
src/calculations/combinationEffects.ts(210,115): error TS1005: ';' expected.
src/calculations/combinationEffects.ts(210,116): error TS1128: Declaration or statement expected.
src/calculations/combinationEffects.ts(210,118): error TS1109: Expression expected.
src/calculations/combinationEffects.ts(210,128): error TS1005: ';' expected.
src/calculations/combinationEffects.ts(210,129): error TS1128: Declaration or statement expected.
src/calculations/combinationEffects.ts(214,3): error TS1128: Declaration or statement expected.
src/calculations/combinationEffects.ts(214,4): error TS1128: Declaration or statement expected.
src/calculations/combinationEffects.ts(217,1): error TS1128: Declaration or statement expected.
src/calculations/core/planetaryInfluences.ts(140,17): error TS1003: Identifier expected.
src/calculations/core/planetaryInfluences.ts(143,17): error TS1003: Identifier expected.
